2021-08-18 16:42:17.832 | INFO     | __main__:run:15 - 开始测试...
2021-08-18 16:42:18.371 | INFO     | base.base_requests:send_api:97 - 
最终请求地址:http://10.229.1.237:8888/v1/gettoken?corpid=8901714857951333&corpsecret=5ZXPVBiimgMOsHiYOMsJOcR9mnAiF9SM
请求方法:get
请求头:{'Accept-Encoding': 'gzip, deflate', 'Accept-Language': 'zh-CN,zh;q=0.9', 'User-Agent': 'Mozilla/5.0 (Windows NT 10.0; Win64; x64) AppleWebKit/537.36 (KHTML, like Gecko) Chrome/86.0.4240.198 Safari/537.36'}
请求参数:{'corpid': '8901714857951333', 'corpsecret': '5ZXPVBiimgMOsHiYOMsJOcR9mnAiF9SM'}
上传文件:None
响应数据:{'errcode': '0', 'errmsg': '成功', 'access_token': 'i5NwsdQbL5R54IeqfkAlpT3LooSFJ8cs'}
2021-08-18 16:42:18.380 | ERROR    | common:extractor:26 - 提取不到内容，丢给你一个错误！'bool' object is not subscriptable
2021-08-18 16:42:18.384 | INFO     | common.data_process:save_response:21 - 添加key: case_001, 对应value: {'errcode': '0', 'errmsg': '成功', 'access_token': 'i5NwsdQbL5R54IeqfkAlpT3LooSFJ8cs'}
2021-08-18 16:42:18.389 | INFO     | common.data_process:assert_result:113 - 第1个断言,实际结果:成功 | 预期结果:成功 
断言结果 True
2021-08-18 16:42:18.472 | INFO     | base.base_requests:send_api:97 - 
最终请求地址:http://10.229.1.237:8888/v1/gettoken
请求方法:get
请求头:{'Accept-Encoding': 'gzip, deflate', 'Accept-Language': 'zh-CN,zh;q=0.9', 'User-Agent': 'Mozilla/5.0 (Windows NT 10.0; Win64; x64) AppleWebKit/537.36 (KHTML, like Gecko) Chrome/86.0.4240.198 Safari/537.36'}
请求参数:None
上传文件:None
响应数据:{'errcode': '100001', 'errmsg': '参数缺失'}
2021-08-18 16:42:18.481 | INFO     | common.data_process:save_response:21 - 添加key: case_002, 对应value: {'errcode': '100001', 'errmsg': '参数缺失'}
2021-08-18 16:42:18.487 | INFO     | common.data_process:assert_result:113 - 第1个断言,实际结果:参数缺失 | 预期结果:参数缺失 
断言结果 True
2021-08-18 16:42:18.597 | INFO     | base.base_requests:send_api:97 - 
最终请求地址:http://10.229.1.237:8888/v1/getcloudtoken?cloudsecret=QMCqzBHID04K60epIavwBLnp8V5Z4ucd
请求方法:get
请求头:{'Accept-Encoding': 'gzip, deflate', 'Accept-Language': 'zh-CN,zh;q=0.9', 'User-Agent': 'Mozilla/5.0 (Windows NT 10.0; Win64; x64) AppleWebKit/537.36 (KHTML, like Gecko) Chrome/86.0.4240.198 Safari/537.36'}
请求参数:{'cloudsecret': 'QMCqzBHID04K60epIavwBLnp8V5Z4ucd'}
上传文件:None
响应数据:{'errcode': '0', 'errmsg': '成功', 'access_token': 'SQ1pCzFTVNvAHYtKuyhcsQzTARwLxbz0'}
2021-08-18 16:42:18.606 | INFO     | common.data_process:save_response:21 - 添加key: case_003, 对应value: {'errcode': '0', 'errmsg': '成功', 'access_token': 'SQ1pCzFTVNvAHYtKuyhcsQzTARwLxbz0'}
2021-08-18 16:42:18.611 | INFO     | common.data_process:assert_result:113 - 第1个断言,实际结果:成功 | 预期结果:成功 
断言结果 True
2021-08-18 16:42:18.703 | INFO     | base.base_requests:send_api:97 - 
最终请求地址:http://10.229.1.237:8888/v1/getcloudtoken?cloudsecret=
请求方法:get
请求头:{'Accept-Encoding': 'gzip, deflate', 'Accept-Language': 'zh-CN,zh;q=0.9', 'User-Agent': 'Mozilla/5.0 (Windows NT 10.0; Win64; x64) AppleWebKit/537.36 (KHTML, like Gecko) Chrome/86.0.4240.198 Safari/537.36'}
请求参数:{'cloudsecret': ''}
上传文件:None
响应数据:{'errcode': '100001', 'errmsg': '参数缺失'}
2021-08-18 16:42:18.713 | INFO     | common.data_process:save_response:21 - 添加key: case_004, 对应value: {'errcode': '100001', 'errmsg': '参数缺失'}
2021-08-18 16:42:18.720 | INFO     | common.data_process:assert_result:113 - 第1个断言,实际结果:参数缺失 | 预期结果:参数缺失 
断言结果 True
2021-08-18 16:42:18.808 | INFO     | base.base_requests:send_api:97 - 
最终请求地址:http://10.229.1.237:8888/v1/corp/createcorp?access_token=SQ1pCzFTVNvAHYtKuyhcsQzTARwLxbz0
请求方法:post
请求头:{'Accept-Encoding': 'gzip, deflate', 'Accept-Language': 'zh-CN,zh;q=0.9', 'User-Agent': 'Mozilla/5.0 (Windows NT 10.0; Win64; x64) AppleWebKit/537.36 (KHTML, like Gecko) Chrome/86.0.4240.198 Safari/537.36'}
请求参数:{'admin_name': 'admin', 'corp_name': '', 'account_number': '100'}
上传文件:None
响应数据:{'errcode': '100001', 'errmsg': '参数缺失'}
2021-08-18 16:42:18.817 | INFO     | common.data_process:save_response:21 - 添加key: case_006, 对应value: {'errcode': '100001', 'errmsg': '参数缺失'}
2021-08-18 16:42:18.822 | INFO     | common.data_process:assert_result:113 - 第1个断言,实际结果:参数缺失 | 预期结果:参数缺失 
断言结果 True
2021-08-18 16:42:19.058 | INFO     | base.base_requests:send_api:97 - 
最终请求地址:http://10.229.1.237:8888/v1/corp/extattr/get?access_token=i5NwsdQbL5R54IeqfkAlpT3LooSFJ8cs
请求方法:get
请求头:{'Accept-Encoding': 'gzip, deflate', 'Accept-Language': 'zh-CN,zh;q=0.9', 'User-Agent': 'Mozilla/5.0 (Windows NT 10.0; Win64; x64) AppleWebKit/537.36 (KHTML, like Gecko) Chrome/86.0.4240.198 Safari/537.36'}
请求参数:None
上传文件:None
响应数据:{'errcode': '0', 'errmsg': '成功', 'datas': []}
2021-08-18 16:42:19.068 | INFO     | common.data_process:save_response:21 - 添加key: case_008, 对应value: {'errcode': '0', 'errmsg': '成功', 'datas': []}
2021-08-18 16:42:19.081 | INFO     | common.data_process:assert_result:113 - 第1个断言,实际结果:成功 | 预期结果:成功 
断言结果 True
2021-08-18 16:42:19.363 | INFO     | base.base_requests:send_api:97 - 
最终请求地址:http://10.229.1.237:8888/v1/dept/create?access_token=i5NwsdQbL5R54IeqfkAlpT3LooSFJ8cs
请求方法:post
请求头:{'Accept-Encoding': 'gzip, deflate', 'Accept-Language': 'zh-CN,zh;q=0.9', 'User-Agent': 'Mozilla/5.0 (Windows NT 10.0; Win64; x64) AppleWebKit/537.36 (KHTML, like Gecko) Chrome/86.0.4240.198 Safari/537.36'}
请求参数:{'pid': '0', 'name': '接口测试部门'}
上传文件:None
响应数据:{'errcode': '0', 'errmsg': '成功', 'did': '268435705'}
2021-08-18 16:42:19.371 | INFO     | common.data_process:save_response:21 - 添加key: case_009, 对应value: {'errcode': '0', 'errmsg': '成功', 'did': '268435705'}
2021-08-18 16:42:19.377 | INFO     | common.data_process:assert_result:113 - 第1个断言,实际结果:成功 | 预期结果:成功 
断言结果 True
2021-08-18 16:42:19.468 | INFO     | base.base_requests:send_api:97 - 
最终请求地址:http://10.229.1.237:8888/v1/dept/create?access_token=i5NwsdQbL5R54IeqfkAlpT3LooSFJ8cs
请求方法:post
请求头:{'Accept-Encoding': 'gzip, deflate', 'Accept-Language': 'zh-CN,zh;q=0.9', 'User-Agent': 'Mozilla/5.0 (Windows NT 10.0; Win64; x64) AppleWebKit/537.36 (KHTML, like Gecko) Chrome/86.0.4240.198 Safari/537.36'}
请求参数:{'pid': '0', 'name': ''}
上传文件:None
响应数据:{'errcode': '100001', 'errmsg': '参数缺失'}
2021-08-18 16:42:19.476 | INFO     | common.data_process:save_response:21 - 添加key: case_010, 对应value: {'errcode': '100001', 'errmsg': '参数缺失'}
2021-08-18 16:42:19.482 | INFO     | common.data_process:assert_result:113 - 第1个断言,实际结果:参数缺失 | 预期结果:参数缺失 
断言结果 True
2021-08-18 16:42:19.575 | INFO     | base.base_requests:send_api:97 - 
最终请求地址:http://10.229.1.237:8888/v1/dept/create?access_token=i5NwsdQbL5R54IeqfkAlpT3LooSFJ8cs
请求方法:post
请求头:{'Accept-Encoding': 'gzip, deflate', 'Accept-Language': 'zh-CN,zh;q=0.9', 'User-Agent': 'Mozilla/5.0 (Windows NT 10.0; Win64; x64) AppleWebKit/537.36 (KHTML, like Gecko) Chrome/86.0.4240.198 Safari/537.36'}
请求参数:{'pid': '0'}
上传文件:None
响应数据:{'errcode': '100001', 'errmsg': '参数缺失'}
2021-08-18 16:42:19.583 | INFO     | common.data_process:save_response:21 - 添加key: case_011, 对应value: {'errcode': '100001', 'errmsg': '参数缺失'}
2021-08-18 16:42:19.587 | INFO     | common.data_process:assert_result:113 - 第1个断言,实际结果:参数缺失 | 预期结果:参数缺失 
断言结果 True
2021-08-18 16:42:20.267 | INFO     | base.base_requests:send_api:97 - 
最终请求地址:http://10.229.1.237:8888/v1/user/create?access_token=i5NwsdQbL5R54IeqfkAlpT3LooSFJ8cs
请求方法:post
请求头:{'Accept-Encoding': 'gzip, deflate', 'Accept-Language': 'zh-CN,zh;q=0.9', 'User-Agent': 'Mozilla/5.0 (Windows NT 10.0; Win64; x64) AppleWebKit/537.36 (KHTML, like Gecko) Chrome/86.0.4240.198 Safari/537.36'}
请求参数:{'name': '部门里添加一人', 'department': [{'did': '268435705', 'order': '2', 'posName': 'ceo'}], 'gender': '1', 'sign': '故意添加一位作为群无法删除的条件', 'enName': 'lucky', 'tel': '0215553222', 'mobile': '15000000000'}
上传文件:None
响应数据:{'errcode': '0', 'errmsg': '成功', 'uid': '8901714857951482'}
2021-08-18 16:42:20.273 | INFO     | common.data_process:save_response:21 - 添加key: case_012, 对应value: {'errcode': '0', 'errmsg': '成功', 'uid': '8901714857951482'}
2021-08-18 16:42:20.278 | INFO     | common.data_process:assert_result:113 - 第1个断言,实际结果:成功 | 预期结果:成功 
断言结果 True
2021-08-18 16:42:20.503 | INFO     | base.base_requests:send_api:97 - 
最终请求地址:http://10.229.1.237:8888/v1/dept/update?access_token=i5NwsdQbL5R54IeqfkAlpT3LooSFJ8cs
请求方法:post
请求头:{'Accept-Encoding': 'gzip, deflate', 'Accept-Language': 'zh-CN,zh;q=0.9', 'User-Agent': 'Mozilla/5.0 (Windows NT 10.0; Win64; x64) AppleWebKit/537.36 (KHTML, like Gecko) Chrome/86.0.4240.198 Safari/537.36'}
请求参数:{'name': '更新的部门', 'did': '268435705'}
上传文件:None
响应数据:{'errcode': '0', 'errmsg': '成功'}
2021-08-18 16:42:20.511 | INFO     | common.data_process:save_response:21 - 添加key: case_013, 对应value: {'errcode': '0', 'errmsg': '成功'}
2021-08-18 16:42:20.517 | INFO     | common.data_process:assert_result:113 - 第1个断言,实际结果:成功 | 预期结果:成功 
断言结果 True
2021-08-18 16:42:20.608 | INFO     | base.base_requests:send_api:97 - 
最终请求地址:http://10.229.1.237:8888/v1/dept/update?access_token=i5NwsdQbL5R54IeqfkAlpT3LooSFJ8cs
请求方法:post
请求头:{'Accept-Encoding': 'gzip, deflate', 'Accept-Language': 'zh-CN,zh;q=0.9', 'User-Agent': 'Mozilla/5.0 (Windows NT 10.0; Win64; x64) AppleWebKit/537.36 (KHTML, like Gecko) Chrome/86.0.4240.198 Safari/537.36'}
请求参数:{'name': '更新的部门', 'did': ''}
上传文件:None
响应数据:{'errcode': '100001', 'errmsg': '参数缺失'}
2021-08-18 16:42:20.616 | INFO     | common.data_process:save_response:21 - 添加key: case_014, 对应value: {'errcode': '100001', 'errmsg': '参数缺失'}
2021-08-18 16:42:20.621 | INFO     | common.data_process:assert_result:113 - 第1个断言,实际结果:参数缺失 | 预期结果:参数缺失 
断言结果 True
2021-08-18 16:42:20.702 | INFO     | base.base_requests:send_api:97 - 
最终请求地址:http://10.229.1.237:8888/v1/dept/update?access_token=i5NwsdQbL5R54IeqfkAlpT3LooSFJ8cs
请求方法:post
请求头:{'Accept-Encoding': 'gzip, deflate', 'Accept-Language': 'zh-CN,zh;q=0.9', 'User-Agent': 'Mozilla/5.0 (Windows NT 10.0; Win64; x64) AppleWebKit/537.36 (KHTML, like Gecko) Chrome/86.0.4240.198 Safari/537.36'}
请求参数:{'name': '更新的部门'}
上传文件:None
响应数据:{'errcode': '100001', 'errmsg': '参数缺失'}
2021-08-18 16:42:20.711 | INFO     | common.data_process:save_response:21 - 添加key: case_015, 对应value: {'errcode': '100001', 'errmsg': '参数缺失'}
2021-08-18 16:42:20.718 | INFO     | common.data_process:assert_result:113 - 第1个断言,实际结果:参数缺失 | 预期结果:参数缺失 
断言结果 True
2021-08-18 16:42:20.940 | INFO     | base.base_requests:send_api:97 - 
最终请求地址:http://10.229.1.237:8888/v1/dept/list?access_token=i5NwsdQbL5R54IeqfkAlpT3LooSFJ8cs&did=268435705
请求方法:get
请求头:{'Accept-Encoding': 'gzip, deflate', 'Accept-Language': 'zh-CN,zh;q=0.9', 'User-Agent': 'Mozilla/5.0 (Windows NT 10.0; Win64; x64) AppleWebKit/537.36 (KHTML, like Gecko) Chrome/86.0.4240.198 Safari/537.36'}
请求参数:{'did': '268435705'}
上传文件:None
响应数据:{'errcode': '0', 'errmsg': '成功', 'datas': []}
2021-08-18 16:42:20.950 | INFO     | common.data_process:save_response:21 - 添加key: case_016, 对应value: {'errcode': '0', 'errmsg': '成功', 'datas': []}
2021-08-18 16:42:20.957 | INFO     | common.data_process:assert_result:113 - 第1个断言,实际结果:成功 | 预期结果:成功 
断言结果 True
2021-08-18 16:42:21.049 | INFO     | base.base_requests:send_api:97 - 
最终请求地址:http://10.229.1.237:8888/v1/dept/list?access_token=i5NwsdQbL5R54IeqfkAlpT3LooSFJ8cs
请求方法:get
请求头:{'Accept-Encoding': 'gzip, deflate', 'Accept-Language': 'zh-CN,zh;q=0.9', 'User-Agent': 'Mozilla/5.0 (Windows NT 10.0; Win64; x64) AppleWebKit/537.36 (KHTML, like Gecko) Chrome/86.0.4240.198 Safari/537.36'}
请求参数:None
上传文件:None
响应数据:{'errcode': '100001', 'errmsg': '参数缺失'}
2021-08-18 16:42:21.066 | INFO     | common.data_process:save_response:21 - 添加key: case_017, 对应value: {'errcode': '100001', 'errmsg': '参数缺失'}
2021-08-18 16:42:21.073 | INFO     | common.data_process:assert_result:113 - 第1个断言,实际结果:参数缺失 | 预期结果:参数缺失 
断言结果 True
2021-08-18 16:42:21.319 | INFO     | base.base_requests:send_api:97 - 
最终请求地址:http://10.229.1.237:8888/v1/dept/relation?access_token=i5NwsdQbL5R54IeqfkAlpT3LooSFJ8cs&did=268435705
请求方法:get
请求头:{'Accept-Encoding': 'gzip, deflate', 'Accept-Language': 'zh-CN,zh;q=0.9', 'User-Agent': 'Mozilla/5.0 (Windows NT 10.0; Win64; x64) AppleWebKit/537.36 (KHTML, like Gecko) Chrome/86.0.4240.198 Safari/537.36'}
请求参数:{'did': '268435705'}
上传文件:None
响应数据:{'errcode': '0', 'errmsg': '成功', 'deptCount': '0', 'pageCount': '0', 'nextPage': '0', 'datas': []}
2021-08-18 16:42:21.327 | INFO     | common.data_process:save_response:21 - 添加key: case_018, 对应value: {'errcode': '0', 'errmsg': '成功', 'deptCount': '0', 'pageCount': '0', 'nextPage': '0', 'datas': []}
2021-08-18 16:42:21.335 | INFO     | common.data_process:assert_result:113 - 第1个断言,实际结果:成功 | 预期结果:成功 
断言结果 True
2021-08-18 16:42:21.570 | INFO     | base.base_requests:send_api:97 - 
最终请求地址:http://10.229.1.237:8888/v1/dept/relation?access_token=i5NwsdQbL5R54IeqfkAlpT3LooSFJ8cs
请求方法:get
请求头:{'Accept-Encoding': 'gzip, deflate', 'Accept-Language': 'zh-CN,zh;q=0.9', 'User-Agent': 'Mozilla/5.0 (Windows NT 10.0; Win64; x64) AppleWebKit/537.36 (KHTML, like Gecko) Chrome/86.0.4240.198 Safari/537.36'}
请求参数:None
上传文件:None
响应数据:{'errcode': '0', 'errmsg': '成功', 'deptCount': '1', 'pageCount': '1', 'nextPage': '1', 'datas': [{'did': '268435705', 'name': '更新的部门', 'desp': '', 'tel': '', 'pid': '0', 'order': '0', 'has_child': 'false', 'child': 'false'}]}
2021-08-18 16:42:21.580 | INFO     | common.data_process:save_response:21 - 添加key: case_019, 对应value: {'errcode': '0', 'errmsg': '成功', 'deptCount': '1', 'pageCount': '1', 'nextPage': '1', 'datas': [{'did': '268435705', 'name': '更新的部门', 'desp': '', 'tel': '', 'pid': '0', 'order': '0', 'has_child': 'false', 'child': 'false'}]}
2021-08-18 16:42:21.586 | INFO     | common.data_process:assert_result:113 - 第1个断言,实际结果:成功 | 预期结果:成功 
断言结果 True
2021-08-18 16:42:21.837 | INFO     | base.base_requests:send_api:97 - 
最终请求地址:http://10.229.1.237:8888/v1/dept/get?access_token=i5NwsdQbL5R54IeqfkAlpT3LooSFJ8cs&did=268435705
请求方法:get
请求头:{'Accept-Encoding': 'gzip, deflate', 'Accept-Language': 'zh-CN,zh;q=0.9', 'User-Agent': 'Mozilla/5.0 (Windows NT 10.0; Win64; x64) AppleWebKit/537.36 (KHTML, like Gecko) Chrome/86.0.4240.198 Safari/537.36'}
请求参数:{'did': '268435705'}
上传文件:None
响应数据:{'errcode': '0', 'errmsg': '成功', 'did': '268435705', 'name': '更新的部门', 'desp': '', 'tel': '', 'pid': '0', 'order': '0', 'has_child': 'false', 'dept_group': 'false'}
2021-08-18 16:42:21.850 | INFO     | common.data_process:save_response:21 - 添加key: case_020, 对应value: {'errcode': '0', 'errmsg': '成功', 'did': '268435705', 'name': '更新的部门', 'desp': '', 'tel': '', 'pid': '0', 'order': '0', 'has_child': 'false', 'dept_group': 'false'}
2021-08-18 16:42:21.858 | INFO     | common.data_process:assert_result:113 - 第1个断言,实际结果:成功 | 预期结果:成功 
断言结果 True
2021-08-18 16:42:21.961 | INFO     | base.base_requests:send_api:97 - 
最终请求地址:http://10.229.1.237:8888/v1/dept/get?access_token=i5NwsdQbL5R54IeqfkAlpT3LooSFJ8cs
请求方法:get
请求头:{'Accept-Encoding': 'gzip, deflate', 'Accept-Language': 'zh-CN,zh;q=0.9', 'User-Agent': 'Mozilla/5.0 (Windows NT 10.0; Win64; x64) AppleWebKit/537.36 (KHTML, like Gecko) Chrome/86.0.4240.198 Safari/537.36'}
请求参数:None
上传文件:None
响应数据:{'errcode': '100001', 'errmsg': '参数缺失'}
2021-08-18 16:42:21.969 | INFO     | common.data_process:save_response:21 - 添加key: case_021, 对应value: {'errcode': '100001', 'errmsg': '参数缺失'}
2021-08-18 16:42:21.975 | INFO     | common.data_process:assert_result:113 - 第1个断言,实际结果:参数缺失 | 预期结果:参数缺失 
断言结果 True
2021-08-18 16:42:22.198 | INFO     | base.base_requests:send_api:97 - 
最终请求地址:http://10.229.1.237:8888/v1/media/upload?access_token=i5NwsdQbL5R54IeqfkAlpT3LooSFJ8cs
请求方法:post
请求头:{'Accept-Encoding': 'gzip, deflate', 'Accept-Language': 'zh-CN,zh;q=0.9', 'User-Agent': 'Mozilla/5.0 (Windows NT 10.0; Win64; x64) AppleWebKit/537.36 (KHTML, like Gecko) Chrome/86.0.4240.198 Safari/537.36'}
请求参数:{'type': 'image'}
上传文件:{'media': <_io.BufferedReader name='D:\\my-api\\data/file\\等于100k.jpg'>}
响应数据:{'errcode': '0', 'errmsg': '成功', 'type': 'image', 'media_id': '611cc7eeee9eaccb4313cf51', 'media_url': 'http://10.229.1.237:8989/uploads/image/20210818/36/36ecf235041ceac97966e04405bcad86.jpeg', 'created_at': '1629276142'}
2021-08-18 16:42:22.205 | INFO     | common.data_process:save_response:21 - 添加key: case_022, 对应value: {'errcode': '0', 'errmsg': '成功', 'type': 'image', 'media_id': '611cc7eeee9eaccb4313cf51', 'media_url': 'http://10.229.1.237:8989/uploads/image/20210818/36/36ecf235041ceac97966e04405bcad86.jpeg', 'created_at': '1629276142'}
2021-08-18 16:42:22.212 | INFO     | common.data_process:assert_result:113 - 第1个断言,实际结果:成功 | 预期结果:成功 
断言结果 True
2021-08-18 16:42:22.216 | INFO     | common.data_process:assert_result:113 - 第2个断言,实际结果:image | 预期结果:image 
断言结果 True
2021-08-18 16:42:22.369 | INFO     | base.base_requests:send_api:97 - 
最终请求地址:http://10.229.1.237:8888/v1/media/upload?access_token=i5NwsdQbL5R54IeqfkAlpT3LooSFJ8cs
请求方法:post
请求头:{'Accept-Encoding': 'gzip, deflate', 'Accept-Language': 'zh-CN,zh;q=0.9', 'User-Agent': 'Mozilla/5.0 (Windows NT 10.0; Win64; x64) AppleWebKit/537.36 (KHTML, like Gecko) Chrome/86.0.4240.198 Safari/537.36'}
请求参数:{'type': 'file'}
上传文件:{'media': <_io.BufferedReader name='D:\\my-api\\data/file\\富文本.xls'>}
响应数据:{'errcode': '0', 'errmsg': '成功', 'type': 'file', 'media_id': '611cc7eeee9eaccb4e4bcaa1', 'media_url': 'http://10.229.1.237:8989/uploads/file/20210818/15/15d91375b962651eaf1aa48902dcc3fc', 'created_at': '1629276142'}
2021-08-18 16:42:22.377 | INFO     | common.data_process:save_response:21 - 添加key: case_025, 对应value: {'errcode': '0', 'errmsg': '成功', 'type': 'file', 'media_id': '611cc7eeee9eaccb4e4bcaa1', 'media_url': 'http://10.229.1.237:8989/uploads/file/20210818/15/15d91375b962651eaf1aa48902dcc3fc', 'created_at': '1629276142'}
2021-08-18 16:42:22.384 | INFO     | common.data_process:assert_result:113 - 第1个断言,实际结果:成功 | 预期结果:成功 
断言结果 True
2021-08-18 16:42:22.516 | INFO     | base.base_requests:send_api:97 - 
最终请求地址:http://10.229.1.237:8888/v1/media/upload?access_token=i5NwsdQbL5R54IeqfkAlpT3LooSFJ8cs
请求方法:post
请求头:{'Accept-Encoding': 'gzip, deflate', 'Accept-Language': 'zh-CN,zh;q=0.9', 'User-Agent': 'Mozilla/5.0 (Windows NT 10.0; Win64; x64) AppleWebKit/537.36 (KHTML, like Gecko) Chrome/86.0.4240.198 Safari/537.36'}
请求参数:{'type': 'file'}
上传文件:{'media': <_io.BufferedReader name='D:\\my-api\\data/file\\敏捷项目 - 测试流程规范.docx'>}
响应数据:{'errcode': '0', 'errmsg': '成功', 'type': 'file', 'media_id': '611cc7eeee9eaccb4a057ef2', 'media_url': 'http://10.229.1.237:8989/uploads/file/20210818/5e/5ea9d08ff8f958304cc413f5f5c45a07.bin', 'created_at': '1629276142'}
2021-08-18 16:42:22.525 | INFO     | common.data_process:save_response:21 - 添加key: case_026, 对应value: {'errcode': '0', 'errmsg': '成功', 'type': 'file', 'media_id': '611cc7eeee9eaccb4a057ef2', 'media_url': 'http://10.229.1.237:8989/uploads/file/20210818/5e/5ea9d08ff8f958304cc413f5f5c45a07.bin', 'created_at': '1629276142'}
2021-08-18 16:42:22.533 | INFO     | common.data_process:assert_result:113 - 第1个断言,实际结果:成功 | 预期结果:成功 
断言结果 True
2021-08-18 16:42:22.692 | INFO     | base.base_requests:send_api:97 - 
最终请求地址:http://10.229.1.237:8888/v1/media/upload?access_token=i5NwsdQbL5R54IeqfkAlpT3LooSFJ8cs
请求方法:post
请求头:{'Accept-Encoding': 'gzip, deflate', 'Accept-Language': 'zh-CN,zh;q=0.9', 'User-Agent': 'Mozilla/5.0 (Windows NT 10.0; Win64; x64) AppleWebKit/537.36 (KHTML, like Gecko) Chrome/86.0.4240.198 Safari/537.36'}
请求参数:{'type': 'file'}
上传文件:{'media': <_io.BufferedReader name='D:\\my-api\\data/file\\敏捷项目 - 测试流程规范.pdf'>}
响应数据:{'errcode': '0', 'errmsg': '成功', 'type': 'file', 'media_id': '611cc7eeee9eaccb3a140892', 'media_url': 'http://10.229.1.237:8989/uploads/file/20210818/94/94f65cc19519817f682d254378a97835.pdf', 'created_at': '1629276142'}
2021-08-18 16:42:22.700 | INFO     | common.data_process:save_response:21 - 添加key: case_027, 对应value: {'errcode': '0', 'errmsg': '成功', 'type': 'file', 'media_id': '611cc7eeee9eaccb3a140892', 'media_url': 'http://10.229.1.237:8989/uploads/file/20210818/94/94f65cc19519817f682d254378a97835.pdf', 'created_at': '1629276142'}
2021-08-18 16:42:22.707 | INFO     | common.data_process:assert_result:113 - 第1个断言,实际结果:成功 | 预期结果:成功 
断言结果 True
2021-08-18 16:42:23.376 | INFO     | base.base_requests:send_api:97 - 
最终请求地址:http://10.229.1.237:8888/v1/user/create?access_token=i5NwsdQbL5R54IeqfkAlpT3LooSFJ8cs
请求方法:post
请求头:{'Accept-Encoding': 'gzip, deflate', 'Accept-Language': 'zh-CN,zh;q=0.9', 'User-Agent': 'Mozilla/5.0 (Windows NT 10.0; Win64; x64) AppleWebKit/537.36 (KHTML, like Gecko) Chrome/86.0.4240.198 Safari/537.36'}
请求参数:{'name': '开开真帅', 'department': [{'did': '268435705', 'order': '1', 'posName': 'ceo'}], 'gender': '1', 'sign': '刘哥太帅了！不解释！', 'enName': 'lucky', 'tel': '0215553222', 'mobile': '15000000000'}
上传文件:None
响应数据:{'errcode': '0', 'errmsg': '成功', 'uid': '8901714857951483'}
2021-08-18 16:42:23.381 | INFO     | common.data_process:save_response:21 - 添加key: case_028, 对应value: {'errcode': '0', 'errmsg': '成功', 'uid': '8901714857951483'}
2021-08-18 16:42:23.387 | INFO     | common.data_process:assert_result:113 - 第1个断言,实际结果:成功 | 预期结果:成功 
断言结果 True
2021-08-18 16:42:23.646 | INFO     | base.base_requests:send_api:97 - 
最终请求地址:http://10.229.1.237:8888/v1/user/create?access_token=i5NwsdQbL5R54IeqfkAlpT3LooSFJ8cs
请求方法:post
请求头:{'Accept-Encoding': 'gzip, deflate', 'Accept-Language': 'zh-CN,zh;q=0.9', 'User-Agent': 'Mozilla/5.0 (Windows NT 10.0; Win64; x64) AppleWebKit/537.36 (KHTML, like Gecko) Chrome/86.0.4240.198 Safari/537.36'}
请求参数:{'name': '开开真帅', 'department': [{'did': '268435705', 'order': '1', 'posName': 'ceo'}], 'gender': '1', 'sign': '刘哥太帅了！不解释！', 'enName': 'lucky', 'tel': '0215553222', 'mobile': '15000000000'}
上传文件:None
响应数据:{'errcode': '220001', 'errmsg': '用户帐号已存在'}
2021-08-18 16:42:23.655 | INFO     | common.data_process:save_response:21 - 添加key: case_029, 对应value: {'errcode': '220001', 'errmsg': '用户帐号已存在'}
2021-08-18 16:42:23.664 | INFO     | common.data_process:assert_result:113 - 第1个断言,实际结果:用户帐号已存在 | 预期结果:用户帐号已存在 
断言结果 True
2021-08-18 16:42:23.762 | INFO     | base.base_requests:send_api:97 - 
最终请求地址:http://10.229.1.237:8888/v1/user/create?access_token=i5NwsdQbL5R54IeqfkAlpT3LooSFJ8cs
请求方法:post
请求头:{'Accept-Encoding': 'gzip, deflate', 'Accept-Language': 'zh-CN,zh;q=0.9', 'User-Agent': 'Mozilla/5.0 (Windows NT 10.0; Win64; x64) AppleWebKit/537.36 (KHTML, like Gecko) Chrome/86.0.4240.198 Safari/537.36'}
请求参数:{'name': '开开真帅', 'gender': '1', 'sign': '刘哥太帅了！不解释！', 'enName': 'lucky', 'tel': '0215553222', 'mobile': '15000000000'}
上传文件:None
响应数据:{'errcode': '100001', 'errmsg': '参数缺失'}
2021-08-18 16:42:23.770 | INFO     | common.data_process:save_response:21 - 添加key: case_030, 对应value: {'errcode': '100001', 'errmsg': '参数缺失'}
2021-08-18 16:42:23.777 | INFO     | common.data_process:assert_result:113 - 第1个断言,实际结果:参数缺失 | 预期结果:参数缺失 
断言结果 True
2021-08-18 16:42:23.996 | INFO     | base.base_requests:send_api:97 - 
最终请求地址:http://10.229.1.237:8888/v1/user/create?access_token=i5NwsdQbL5R54IeqfkAlpT3LooSFJ8cs
请求方法:post
请求头:{'Accept-Encoding': 'gzip, deflate', 'Accept-Language': 'zh-CN,zh;q=0.9', 'User-Agent': 'Mozilla/5.0 (Windows NT 10.0; Win64; x64) AppleWebKit/537.36 (KHTML, like Gecko) Chrome/86.0.4240.198 Safari/537.36'}
请求参数:{'name': '开开真帅', 'department': [{'did': '268628868', 'order': '1', 'posName': 'ceo'}], 'gender': '1', 'sign': '刘哥太帅了！不解释！', 'enName': 'lucky', 'tel': '0215553222', 'mobile': '15000000000'}
上传文件:None
响应数据:{'errcode': '210005', 'errmsg': '部门不存在或部门id有误'}
2021-08-18 16:42:24.003 | INFO     | common.data_process:save_response:21 - 添加key: case_031, 对应value: {'errcode': '210005', 'errmsg': '部门不存在或部门id有误'}
2021-08-18 16:42:24.011 | INFO     | common.data_process:assert_result:113 - 第1个断言,实际结果:部门不存在或部门id有误 | 预期结果:部门不存在或部门id有误 
断言结果 True
2021-08-18 16:42:24.354 | INFO     | base.base_requests:send_api:97 - 
最终请求地址:http://10.229.1.237:8888/v1/user/update?access_token=i5NwsdQbL5R54IeqfkAlpT3LooSFJ8cs
请求方法:post
请求头:{'Accept-Encoding': 'gzip, deflate', 'Accept-Language': 'zh-CN,zh;q=0.9', 'User-Agent': 'Mozilla/5.0 (Windows NT 10.0; Win64; x64) AppleWebKit/537.36 (KHTML, like Gecko) Chrome/86.0.4240.198 Safari/537.36'}
请求参数:{'uid': '8901714857951483', 'name': '更新后的名字'}
上传文件:None
响应数据:{'errcode': '0', 'errmsg': '成功'}
2021-08-18 16:42:24.361 | INFO     | common.data_process:save_response:21 - 添加key: case_032, 对应value: {'errcode': '0', 'errmsg': '成功'}
2021-08-18 16:42:24.367 | INFO     | common.data_process:assert_result:113 - 第1个断言,实际结果:成功 | 预期结果:成功 
断言结果 True
2021-08-18 16:42:24.568 | INFO     | base.base_requests:send_api:97 - 
最终请求地址:http://10.229.1.237:8888/v1/user/update?access_token=i5NwsdQbL5R54IeqfkAlpT3LooSFJ8cs
请求方法:post
请求头:{'Accept-Encoding': 'gzip, deflate', 'Accept-Language': 'zh-CN,zh;q=0.9', 'User-Agent': 'Mozilla/5.0 (Windows NT 10.0; Win64; x64) AppleWebKit/537.36 (KHTML, like Gecko) Chrome/86.0.4240.198 Safari/537.36'}
请求参数:{'uid': '191761511520', 'name': '更新后的名字'}
上传文件:None
响应数据:{'errcode': '220013', 'errmsg': '用户不存在或用户id有误'}
2021-08-18 16:42:24.577 | INFO     | common.data_process:save_response:21 - 添加key: case_033, 对应value: {'errcode': '220013', 'errmsg': '用户不存在或用户id有误'}
2021-08-18 16:42:24.588 | INFO     | common.data_process:assert_result:113 - 第1个断言,实际结果:用户不存在或用户id有误 | 预期结果:用户不存在或用户id有误 
断言结果 True
2021-08-18 16:42:24.920 | INFO     | base.base_requests:send_api:97 - 
最终请求地址:http://10.229.1.237:8888/v1/user/get?access_token=i5NwsdQbL5R54IeqfkAlpT3LooSFJ8cs&userid=8901714857951483
请求方法:get
请求头:{'Accept-Encoding': 'gzip, deflate', 'Accept-Language': 'zh-CN,zh;q=0.9', 'User-Agent': 'Mozilla/5.0 (Windows NT 10.0; Win64; x64) AppleWebKit/537.36 (KHTML, like Gecko) Chrome/86.0.4240.198 Safari/537.36'}
请求参数:{'userid': '8901714857951483'}
上传文件:None
响应数据:{'errcode': '0', 'errmsg': '成功', 'account': 'kaikaizhenshuai', 'name': '更新后的名字', 'enName': 'lucky', 'gender': '1', 'sign': '刘哥太帅了！不解释！', 'email': '', 'avatar': '', 'tel': '0215553222', 'mobile': '15000000000', 'status': '1', 'deptData': [{'did': '268435705', 'name': '更新的部门', 'desp': '', 'pid': '0', 'order': '1', 'has_child': 'false', 'sourceDid': ''}], 'roleId': '30', 'staffId': '', 'posData': [{'did': '268435705', 'posId': '100', 'order': '0', 'posName': 'ceo'}], 'userid': '8901714857951483', 'extattr': [], 'avatarUrl': ''}
2021-08-18 16:42:24.930 | INFO     | common.data_process:save_response:21 - 添加key: case_034, 对应value: {'errcode': '0', 'errmsg': '成功', 'account': 'kaikaizhenshuai', 'name': '更新后的名字', 'enName': 'lucky', 'gender': '1', 'sign': '刘哥太帅了！不解释！', 'email': '', 'avatar': '', 'tel': '0215553222', 'mobile': '15000000000', 'status': '1', 'deptData': [{'did': '268435705', 'name': '更新的部门', 'desp': '', 'pid': '0', 'order': '1', 'has_child': 'false', 'sourceDid': ''}], 'roleId': '30', 'staffId': '', 'posData': [{'did': '268435705', 'posId': '100', 'order': '0', 'posName': 'ceo'}], 'userid': '8901714857951483', 'extattr': [], 'avatarUrl': ''}
2021-08-18 16:42:24.940 | INFO     | common.data_process:assert_result:113 - 第1个断言,实际结果:成功 | 预期结果:成功 
断言结果 True
2021-08-18 16:42:25.195 | INFO     | base.base_requests:send_api:97 - 
最终请求地址:http://10.229.1.237:8888/v1/user/list?access_token=i5NwsdQbL5R54IeqfkAlpT3LooSFJ8cs&did=268435705
请求方法:get
请求头:{'Accept-Encoding': 'gzip, deflate', 'Accept-Language': 'zh-CN,zh;q=0.9', 'User-Agent': 'Mozilla/5.0 (Windows NT 10.0; Win64; x64) AppleWebKit/537.36 (KHTML, like Gecko) Chrome/86.0.4240.198 Safari/537.36'}
请求参数:{'did': '268435705'}
上传文件:None
响应数据:{'errcode': '0', 'errmsg': '成功', 'datas': [{'uid': '8901714857951483', 'account': 'kaikaizhenshuai', 'name': '更新后的名字', 'enName': 'lucky', 'gender': '1', 'sign': '刘哥太帅了！不解释！', 'email': '', 'avatar': '', 'tel': '0215553222', 'mobile': '15000000000', 'status': '1', 'order': '1', 'orderTime': '1629276143', 'avatarUrl': ''}, {'uid': '8901714857951482', 'account': 'bumenlitianjiayiren', 'name': '部门里添加一人', 'enName': 'lucky', 'gender': '1', 'sign': '故意添加一位作为群无法删除的条件', 'email': '', 'avatar': '', 'tel': '0215553222', 'mobile': '15000000000', 'status': '1', 'order': '2', 'orderTime': '1629276140', 'avatarUrl': ''}]}
2021-08-18 16:42:25.209 | INFO     | common.data_process:save_response:21 - 添加key: case_035, 对应value: {'errcode': '0', 'errmsg': '成功', 'datas': [{'uid': '8901714857951483', 'account': 'kaikaizhenshuai', 'name': '更新后的名字', 'enName': 'lucky', 'gender': '1', 'sign': '刘哥太帅了！不解释！', 'email': '', 'avatar': '', 'tel': '0215553222', 'mobile': '15000000000', 'status': '1', 'order': '1', 'orderTime': '1629276143', 'avatarUrl': ''}, {'uid': '8901714857951482', 'account': 'bumenlitianjiayiren', 'name': '部门里添加一人', 'enName': 'lucky', 'gender': '1', 'sign': '故意添加一位作为群无法删除的条件', 'email': '', 'avatar': '', 'tel': '0215553222', 'mobile': '15000000000', 'status': '1', 'order': '2', 'orderTime': '1629276140', 'avatarUrl': ''}]}
2021-08-18 16:42:25.226 | INFO     | common.data_process:assert_result:113 - 第1个断言,实际结果:成功 | 预期结果:成功 
断言结果 True
2021-08-18 16:42:25.893 | INFO     | base.base_requests:send_api:97 - 
最终请求地址:http://10.229.1.237:8888/v1/user/delete?access_token=i5NwsdQbL5R54IeqfkAlpT3LooSFJ8cs&userid=8901714857951483
请求方法:get
请求头:{'Accept-Encoding': 'gzip, deflate', 'Accept-Language': 'zh-CN,zh;q=0.9', 'User-Agent': 'Mozilla/5.0 (Windows NT 10.0; Win64; x64) AppleWebKit/537.36 (KHTML, like Gecko) Chrome/86.0.4240.198 Safari/537.36'}
请求参数:{'userid': '8901714857951483'}
上传文件:None
响应数据:{'errcode': '0', 'errmsg': '成功'}
2021-08-18 16:42:25.900 | INFO     | common.data_process:save_response:21 - 添加key: case_036, 对应value: {'errcode': '0', 'errmsg': '成功'}
2021-08-18 16:42:25.909 | INFO     | common.data_process:assert_result:113 - 第1个断言,实际结果:成功 | 预期结果:成功 
断言结果 True
2021-08-18 16:42:26.547 | INFO     | base.base_requests:send_api:97 - 
最终请求地址:http://10.229.1.237:8888/v1/user/create?access_token=i5NwsdQbL5R54IeqfkAlpT3LooSFJ8cs
请求方法:post
请求头:{'Accept-Encoding': 'gzip, deflate', 'Accept-Language': 'zh-CN,zh;q=0.9', 'User-Agent': 'Mozilla/5.0 (Windows NT 10.0; Win64; x64) AppleWebKit/537.36 (KHTML, like Gecko) Chrome/86.0.4240.198 Safari/537.36'}
请求参数:{'name': '带头像的成员', 'avatar': '611cc7eeee9eaccb4313cf51', 'department': [{'did': '268435705', 'order': '2', 'posName': 'ceo'}], 'gender': '1', 'sign': '刘哥太帅了！不解释！', 'enName': 'lucky', 'tel': '0215553222', 'mobile': '15000000000'}
上传文件:None
响应数据:{'errcode': '0', 'errmsg': '成功', 'uid': '8901714857951484'}
2021-08-18 16:42:26.553 | INFO     | common.data_process:save_response:21 - 添加key: case_037, 对应value: {'errcode': '0', 'errmsg': '成功', 'uid': '8901714857951484'}
2021-08-18 16:42:26.562 | INFO     | common.data_process:assert_result:113 - 第1个断言,实际结果:成功 | 预期结果:成功 
断言结果 True
2021-08-18 16:42:27.168 | INFO     | base.base_requests:send_api:97 - 
最终请求地址:http://10.229.1.237:8888/v1/user/delete?access_token=i5NwsdQbL5R54IeqfkAlpT3LooSFJ8cs&userid=8901714857951484
请求方法:get
请求头:{'Accept-Encoding': 'gzip, deflate', 'Accept-Language': 'zh-CN,zh;q=0.9', 'User-Agent': 'Mozilla/5.0 (Windows NT 10.0; Win64; x64) AppleWebKit/537.36 (KHTML, like Gecko) Chrome/86.0.4240.198 Safari/537.36'}
请求参数:{'userid': '8901714857951484'}
上传文件:None
响应数据:{'errcode': '0', 'errmsg': '成功'}
2021-08-18 16:42:27.175 | INFO     | common.data_process:save_response:21 - 添加key: case_038, 对应value: {'errcode': '0', 'errmsg': '成功'}
2021-08-18 16:42:27.184 | INFO     | common.data_process:assert_result:113 - 第1个断言,实际结果:成功 | 预期结果:成功 
断言结果 True
2021-08-18 16:42:29.775 | INFO     | base.base_requests:send_api:97 - 
最终请求地址:http://10.229.1.237:8888/v1/user/batch/create?access_token=i5NwsdQbL5R54IeqfkAlpT3LooSFJ8cs
请求方法:post
请求头:{'Accept-Encoding': 'gzip, deflate', 'Accept-Language': 'zh-CN,zh;q=0.9', 'User-Agent': 'Mozilla/5.0 (Windows NT 10.0; Win64; x64) AppleWebKit/537.36 (KHTML, like Gecko) Chrome/86.0.4240.198 Safari/537.36'}
请求参数:{'users': [{'name': '批量创建用户1', 'account': 'piliangchuangjianyonghu1', 'avatar': '611cc7eeee9eaccb4313cf51', 'dept': '上海研发部', 'pos': 'boss', 'gender': '1', 'sign': '任重⽽道远', 'tel': '0215553222', 'mobile': '13012344321'}, {'name': '批量创建用户2', 'account': 'piliangchuangjianyonghu2', 'avatar': '611cc7eeee9eaccb4313cf51', 'dept': '上海研发部', 'pos': '总监', 'gender': '1', 'sign': '任重⽽道远', 'tel': '0215553223', 'mobile': '13012344321'}, {'name': '批量创建用户3', 'account': 'piliangchuangjianyonghu3', 'avatar': '611cc7eeee9eaccb4313cf51', 'dept': '上海研发部', 'pos': '经理', 'gender': '1', 'sign': '任重⽽道远', 'tel': '0215553224', 'mobile': '13012344321'}, {'name': '批量创建用户44', 'account': 'piliangchuangjianyonghu44', 'avatar': '611cc7eeee9eaccb4313cf51', 'dept': '上海研发部', 'pos': '员工', 'gender': '1', 'sign': '任重⽽道远', 'tel': '0215553225', 'mobile': '13012344321'}, {'name': '批量创建用户5', 'account': 'piliangchuangjianyonghu5', 'avatar': '611cc7eeee9eaccb4313cf51', 'dept': '上海研发部', 'pos': '员工', 'gender': '1', 'sign': '任重⽽道远', 'tel': '0215553226', 'mobile': '13012344321'}]}
上传文件:None
响应数据:{'errcode': '0', 'errmsg': '成功', 'users': [{'name': '批量创建用户1', 'account': 'piliangchuangjianyonghu1', 'avatar': '611cc7eeee9eaccb4313cf51', 'dept': '上海研发部', 'pos': 'boss', 'gender': '1', 'sign': '任重⽽道远', 'tel': '0215553222', 'mobile': '13012344321', 'result': '1', 'msg': '成功', 'uid': '8901714857951486'}, {'name': '批量创建用户2', 'account': 'piliangchuangjianyonghu2', 'avatar': '611cc7eeee9eaccb4313cf51', 'dept': '上海研发部', 'pos': '总监', 'gender': '1', 'sign': '任重⽽道远', 'tel': '0215553223', 'mobile': '13012344321', 'result': '1', 'msg': '成功', 'uid': '8901714857951487'}, {'name': '批量创建用户3', 'account': 'piliangchuangjianyonghu3', 'avatar': '611cc7eeee9eaccb4313cf51', 'dept': '上海研发部', 'pos': '经理', 'gender': '1', 'sign': '任重⽽道远', 'tel': '0215553224', 'mobile': '13012344321', 'result': '1', 'msg': '成功', 'uid': '8901714857951488'}, {'name': '批量创建用户44', 'account': 'piliangchuangjianyonghu44', 'avatar': '611cc7eeee9eaccb4313cf51', 'dept': '上海研发部', 'pos': '员工', 'gender': '1', 'sign': '任重⽽道远', 'tel': '0215553225', 'mobile': '13012344321', 'result': '1', 'msg': '成功', 'uid': '8901714857951489'}, {'name': '批量创建用户5', 'account': 'piliangchuangjianyonghu5', 'avatar': '611cc7eeee9eaccb4313cf51', 'dept': '上海研发部', 'pos': '员工', 'gender': '1', 'sign': '任重⽽道远', 'tel': '0215553226', 'mobile': '13012344321', 'result': '1', 'msg': '成功', 'uid': '8901714857951490'}]}
2021-08-18 16:42:29.786 | INFO     | common.data_process:save_response:21 - 添加key: case_039, 对应value: {'errcode': '0', 'errmsg': '成功', 'users': [{'name': '批量创建用户1', 'account': 'piliangchuangjianyonghu1', 'avatar': '611cc7eeee9eaccb4313cf51', 'dept': '上海研发部', 'pos': 'boss', 'gender': '1', 'sign': '任重⽽道远', 'tel': '0215553222', 'mobile': '13012344321', 'result': '1', 'msg': '成功', 'uid': '8901714857951486'}, {'name': '批量创建用户2', 'account': 'piliangchuangjianyonghu2', 'avatar': '611cc7eeee9eaccb4313cf51', 'dept': '上海研发部', 'pos': '总监', 'gender': '1', 'sign': '任重⽽道远', 'tel': '0215553223', 'mobile': '13012344321', 'result': '1', 'msg': '成功', 'uid': '8901714857951487'}, {'name': '批量创建用户3', 'account': 'piliangchuangjianyonghu3', 'avatar': '611cc7eeee9eaccb4313cf51', 'dept': '上海研发部', 'pos': '经理', 'gender': '1', 'sign': '任重⽽道远', 'tel': '0215553224', 'mobile': '13012344321', 'result': '1', 'msg': '成功', 'uid': '8901714857951488'}, {'name': '批量创建用户44', 'account': 'piliangchuangjianyonghu44', 'avatar': '611cc7eeee9eaccb4313cf51', 'dept': '上海研发部', 'pos': '员工', 'gender': '1', 'sign': '任重⽽道远', 'tel': '0215553225', 'mobile': '13012344321', 'result': '1', 'msg': '成功', 'uid': '8901714857951489'}, {'name': '批量创建用户5', 'account': 'piliangchuangjianyonghu5', 'avatar': '611cc7eeee9eaccb4313cf51', 'dept': '上海研发部', 'pos': '员工', 'gender': '1', 'sign': '任重⽽道远', 'tel': '0215553226', 'mobile': '13012344321', 'result': '1', 'msg': '成功', 'uid': '8901714857951490'}]}
2021-08-18 16:42:29.797 | INFO     | common.data_process:assert_result:113 - 第1个断言,实际结果:成功 | 预期结果:成功 
断言结果 True
2021-08-18 16:42:30.023 | INFO     | base.base_requests:send_api:97 - 
最终请求地址:http://10.229.1.237:8888/v1/user/ids?accounts%5B%5D=piliangchuangjianyonghu1&access_token=i5NwsdQbL5R54IeqfkAlpT3LooSFJ8cs
请求方法:get
请求头:{'Accept-Encoding': 'gzip, deflate', 'Accept-Language': 'zh-CN,zh;q=0.9', 'User-Agent': 'Mozilla/5.0 (Windows NT 10.0; Win64; x64) AppleWebKit/537.36 (KHTML, like Gecko) Chrome/86.0.4240.198 Safari/537.36'}
请求参数:{'access_token': 'i5NwsdQbL5R54IeqfkAlpT3LooSFJ8cs'}
上传文件:None
响应数据:{'errcode': '0', 'errmsg': '成功', 'datas': [{'uid': '8901714857951486', 'account': 'piliangchuangjianyonghu1'}]}
2021-08-18 16:42:30.032 | INFO     | common.data_process:save_response:21 - 添加key: case_040, 对应value: {'errcode': '0', 'errmsg': '成功', 'datas': [{'uid': '8901714857951486', 'account': 'piliangchuangjianyonghu1'}]}
2021-08-18 16:42:30.044 | INFO     | common.data_process:assert_result:113 - 第1个断言,实际结果:成功 | 预期结果:成功 
断言结果 True
2021-08-18 16:42:30.583 | INFO     | base.base_requests:send_api:97 - 
最终请求地址:http://10.229.1.237:8888/v1/user/batch/get?access_token=i5NwsdQbL5R54IeqfkAlpT3LooSFJ8cs
请求方法:post
请求头:{'Accept-Encoding': 'gzip, deflate', 'Accept-Language': 'zh-CN,zh;q=0.9', 'User-Agent': 'Mozilla/5.0 (Windows NT 10.0; Win64; x64) AppleWebKit/537.36 (KHTML, like Gecko) Chrome/86.0.4240.198 Safari/537.36'}
请求参数:{'uids': ['8901714857951486', '8901714857951487', '8901714857951488', '8901714857951489', '8901714857951490']}
上传文件:None
响应数据:{'errcode': '0', 'errmsg': '成功', 'datas': [{'account': 'piliangchuangjianyonghu1', 'name': '批量创建用户1', 'enName': '', 'gender': '1', 'sign': '任重⽽道远', 'email': '', 'avatar': '611cc7eeee9eaccb4313cf51', 'tel': '0215553222', 'mobile': '13012344321', 'status': '1', 'deptData': [{'did': '268435709', 'name': '上海研发部', 'desp': '', 'pid': '0', 'order': '0', 'has_child': 'false', 'sourceDid': ''}], 'roleId': '30', 'staffId': '', 'posData': [{'did': '268435709', 'posId': '101', 'order': '0', 'posName': 'boss'}], 'userid': '8901714857951486', 'extattr': [], 'avatarUrl': ''}, {'account': 'piliangchuangjianyonghu2', 'name': '批量创建用户2', 'enName': '', 'gender': '1', 'sign': '任重⽽道远', 'email': '', 'avatar': '611cc7eeee9eaccb4313cf51', 'tel': '0215553223', 'mobile': '13012344321', 'status': '1', 'deptData': [{'did': '268435709', 'name': '上海研发部', 'desp': '', 'pid': '0', 'order': '0', 'has_child': 'false', 'sourceDid': ''}], 'roleId': '30', 'staffId': '', 'posData': [{'did': '268435709', 'posId': '102', 'order': '0', 'posName': '总监'}], 'userid': '8901714857951487', 'extattr': [], 'avatarUrl': ''}, {'account': 'piliangchuangjianyonghu3', 'name': '批量创建用户3', 'enName': '', 'gender': '1', 'sign': '任重⽽道远', 'email': '', 'avatar': '611cc7eeee9eaccb4313cf51', 'tel': '0215553224', 'mobile': '13012344321', 'status': '1', 'deptData': [{'did': '268435709', 'name': '上海研发部', 'desp': '', 'pid': '0', 'order': '0', 'has_child': 'false', 'sourceDid': ''}], 'roleId': '30', 'staffId': '', 'posData': [{'did': '268435709', 'posId': '103', 'order': '0', 'posName': '经理'}], 'userid': '8901714857951488', 'extattr': [], 'avatarUrl': ''}, {'account': 'piliangchuangjianyonghu44', 'name': '批量创建用户44', 'enName': '', 'gender': '1', 'sign': '任重⽽道远', 'email': '', 'avatar': '611cc7eeee9eaccb4313cf51', 'tel': '0215553225', 'mobile': '13012344321', 'status': '1', 'deptData': [{'did': '268435709', 'name': '上海研发部', 'desp': '', 'pid': '0', 'order': '0', 'has_child': 'false', 'sourceDid': ''}], 'roleId': '30', 'staffId': '', 'posData': [{'did': '268435709', 'posId': '104', 'order': '0', 'posName': '员工'}], 'userid': '8901714857951489', 'extattr': [], 'avatarUrl': ''}, {'account': 'piliangchuangjianyonghu5', 'name': '批量创建用户5', 'enName': '', 'gender': '1', 'sign': '任重⽽道远', 'email': '', 'avatar': '611cc7eeee9eaccb4313cf51', 'tel': '0215553226', 'mobile': '13012344321', 'status': '1', 'deptData': [{'did': '268435709', 'name': '上海研发部', 'desp': '', 'pid': '0', 'order': '0', 'has_child': 'false', 'sourceDid': ''}], 'roleId': '30', 'staffId': '', 'posData': [{'did': '268435709', 'posId': '104', 'order': '0', 'posName': '员工'}], 'userid': '8901714857951490', 'extattr': [], 'avatarUrl': ''}]}
2021-08-18 16:42:30.594 | INFO     | common.data_process:save_response:21 - 添加key: case_041, 对应value: {'errcode': '0', 'errmsg': '成功', 'datas': [{'account': 'piliangchuangjianyonghu1', 'name': '批量创建用户1', 'enName': '', 'gender': '1', 'sign': '任重⽽道远', 'email': '', 'avatar': '611cc7eeee9eaccb4313cf51', 'tel': '0215553222', 'mobile': '13012344321', 'status': '1', 'deptData': [{'did': '268435709', 'name': '上海研发部', 'desp': '', 'pid': '0', 'order': '0', 'has_child': 'false', 'sourceDid': ''}], 'roleId': '30', 'staffId': '', 'posData': [{'did': '268435709', 'posId': '101', 'order': '0', 'posName': 'boss'}], 'userid': '8901714857951486', 'extattr': [], 'avatarUrl': ''}, {'account': 'piliangchuangjianyonghu2', 'name': '批量创建用户2', 'enName': '', 'gender': '1', 'sign': '任重⽽道远', 'email': '', 'avatar': '611cc7eeee9eaccb4313cf51', 'tel': '0215553223', 'mobile': '13012344321', 'status': '1', 'deptData': [{'did': '268435709', 'name': '上海研发部', 'desp': '', 'pid': '0', 'order': '0', 'has_child': 'false', 'sourceDid': ''}], 'roleId': '30', 'staffId': '', 'posData': [{'did': '268435709', 'posId': '102', 'order': '0', 'posName': '总监'}], 'userid': '8901714857951487', 'extattr': [], 'avatarUrl': ''}, {'account': 'piliangchuangjianyonghu3', 'name': '批量创建用户3', 'enName': '', 'gender': '1', 'sign': '任重⽽道远', 'email': '', 'avatar': '611cc7eeee9eaccb4313cf51', 'tel': '0215553224', 'mobile': '13012344321', 'status': '1', 'deptData': [{'did': '268435709', 'name': '上海研发部', 'desp': '', 'pid': '0', 'order': '0', 'has_child': 'false', 'sourceDid': ''}], 'roleId': '30', 'staffId': '', 'posData': [{'did': '268435709', 'posId': '103', 'order': '0', 'posName': '经理'}], 'userid': '8901714857951488', 'extattr': [], 'avatarUrl': ''}, {'account': 'piliangchuangjianyonghu44', 'name': '批量创建用户44', 'enName': '', 'gender': '1', 'sign': '任重⽽道远', 'email': '', 'avatar': '611cc7eeee9eaccb4313cf51', 'tel': '0215553225', 'mobile': '13012344321', 'status': '1', 'deptData': [{'did': '268435709', 'name': '上海研发部', 'desp': '', 'pid': '0', 'order': '0', 'has_child': 'false', 'sourceDid': ''}], 'roleId': '30', 'staffId': '', 'posData': [{'did': '268435709', 'posId': '104', 'order': '0', 'posName': '员工'}], 'userid': '8901714857951489', 'extattr': [], 'avatarUrl': ''}, {'account': 'piliangchuangjianyonghu5', 'name': '批量创建用户5', 'enName': '', 'gender': '1', 'sign': '任重⽽道远', 'email': '', 'avatar': '611cc7eeee9eaccb4313cf51', 'tel': '0215553226', 'mobile': '13012344321', 'status': '1', 'deptData': [{'did': '268435709', 'name': '上海研发部', 'desp': '', 'pid': '0', 'order': '0', 'has_child': 'false', 'sourceDid': ''}], 'roleId': '30', 'staffId': '', 'posData': [{'did': '268435709', 'posId': '104', 'order': '0', 'posName': '员工'}], 'userid': '8901714857951490', 'extattr': [], 'avatarUrl': ''}]}
2021-08-18 16:42:30.613 | INFO     | common.data_process:assert_result:113 - 第1个断言,实际结果:成功 | 预期结果:成功 
断言结果 True
2021-08-18 16:42:30.891 | INFO     | base.base_requests:send_api:97 - 
最终请求地址:http://10.229.1.237:8888/v1/user/list?access_token=i5NwsdQbL5R54IeqfkAlpT3LooSFJ8cs&did=268435705
请求方法:get
请求头:{'Accept-Encoding': 'gzip, deflate', 'Accept-Language': 'zh-CN,zh;q=0.9', 'User-Agent': 'Mozilla/5.0 (Windows NT 10.0; Win64; x64) AppleWebKit/537.36 (KHTML, like Gecko) Chrome/86.0.4240.198 Safari/537.36'}
请求参数:{'did': '268435705'}
上传文件:None
响应数据:{'errcode': '0', 'errmsg': '成功', 'datas': [{'uid': '8901714857951482', 'account': 'bumenlitianjiayiren', 'name': '部门里添加一人', 'enName': 'lucky', 'gender': '1', 'sign': '故意添加一位作为群无法删除的条件', 'email': '', 'avatar': '', 'tel': '0215553222', 'mobile': '15000000000', 'status': '1', 'order': '2', 'orderTime': '1629276140', 'avatarUrl': ''}]}
2021-08-18 16:42:30.899 | INFO     | common.data_process:save_response:21 - 添加key: case_042, 对应value: {'errcode': '0', 'errmsg': '成功', 'datas': [{'uid': '8901714857951482', 'account': 'bumenlitianjiayiren', 'name': '部门里添加一人', 'enName': 'lucky', 'gender': '1', 'sign': '故意添加一位作为群无法删除的条件', 'email': '', 'avatar': '', 'tel': '0215553222', 'mobile': '15000000000', 'status': '1', 'order': '2', 'orderTime': '1629276140', 'avatarUrl': ''}]}
2021-08-18 16:42:30.917 | INFO     | common.data_process:assert_result:113 - 第1个断言,实际结果:成功 | 预期结果:成功 
断言结果 True
2021-08-18 16:42:32.694 | INFO     | base.base_requests:send_api:97 - 
最终请求地址:http://10.229.1.237:8888/v1/user/batch/delete?access_token=i5NwsdQbL5R54IeqfkAlpT3LooSFJ8cs
请求方法:post
请求头:{'Accept-Encoding': 'gzip, deflate', 'Accept-Language': 'zh-CN,zh;q=0.9', 'User-Agent': 'Mozilla/5.0 (Windows NT 10.0; Win64; x64) AppleWebKit/537.36 (KHTML, like Gecko) Chrome/86.0.4240.198 Safari/537.36'}
请求参数:{'uids': ['8901714857951486', '8901714857951487', '8901714857951488', '8901714857951489', '8901714857951490']}
上传文件:None
响应数据:{'errcode': '0', 'errmsg': '成功'}
2021-08-18 16:42:32.701 | INFO     | common.data_process:save_response:21 - 添加key: case_044, 对应value: {'errcode': '0', 'errmsg': '成功'}
2021-08-18 16:42:32.722 | INFO     | common.data_process:assert_result:113 - 第1个断言,实际结果:成功 | 预期结果:成功 
断言结果 True
2021-08-18 16:42:32.970 | INFO     | base.base_requests:send_api:97 - 
最终请求地址:http://10.229.1.237:8888/v1/dept/relation?access_token=i5NwsdQbL5R54IeqfkAlpT3LooSFJ8cs
请求方法:get
请求头:{'Accept-Encoding': 'gzip, deflate', 'Accept-Language': 'zh-CN,zh;q=0.9', 'User-Agent': 'Mozilla/5.0 (Windows NT 10.0; Win64; x64) AppleWebKit/537.36 (KHTML, like Gecko) Chrome/86.0.4240.198 Safari/537.36'}
请求参数:None
上传文件:None
响应数据:{'errcode': '0', 'errmsg': '成功', 'deptCount': '2', 'pageCount': '1', 'nextPage': '1', 'datas': [{'did': '268435705', 'name': '更新的部门', 'desp': '', 'tel': '', 'pid': '0', 'order': '0', 'has_child': 'false', 'child': 'false'}, {'did': '268435709', 'name': '上海研发部', 'desp': '', 'tel': '', 'pid': '0', 'order': '0', 'has_child': 'false', 'child': 'false'}]}
2021-08-18 16:42:32.980 | INFO     | common.data_process:save_response:21 - 添加key: case_045, 对应value: {'errcode': '0', 'errmsg': '成功', 'deptCount': '2', 'pageCount': '1', 'nextPage': '1', 'datas': [{'did': '268435705', 'name': '更新的部门', 'desp': '', 'tel': '', 'pid': '0', 'order': '0', 'has_child': 'false', 'child': 'false'}, {'did': '268435709', 'name': '上海研发部', 'desp': '', 'tel': '', 'pid': '0', 'order': '0', 'has_child': 'false', 'child': 'false'}]}
2021-08-18 16:42:33.001 | INFO     | common.data_process:assert_result:113 - 第1个断言,实际结果:成功 | 预期结果:成功 
断言结果 True
2021-08-18 16:42:33.361 | INFO     | base.base_requests:send_api:97 - 
最终请求地址:http://10.229.1.237:8888/v1/dept/delete?access_token=i5NwsdQbL5R54IeqfkAlpT3LooSFJ8cs&did=268435709
请求方法:get
请求头:{'Accept-Encoding': 'gzip, deflate', 'Accept-Language': 'zh-CN,zh;q=0.9', 'User-Agent': 'Mozilla/5.0 (Windows NT 10.0; Win64; x64) AppleWebKit/537.36 (KHTML, like Gecko) Chrome/86.0.4240.198 Safari/537.36'}
请求参数:{'did': '268435709'}
上传文件:None
响应数据:{'errcode': '0', 'errmsg': '成功'}
2021-08-18 16:42:33.370 | INFO     | common.data_process:save_response:21 - 添加key: case_046, 对应value: {'errcode': '0', 'errmsg': '成功'}
2021-08-18 16:42:33.396 | INFO     | common.data_process:assert_result:113 - 第1个断言,实际结果:成功 | 预期结果:成功 
断言结果 True
2021-08-18 16:42:33.668 | INFO     | base.base_requests:send_api:97 - 
最终请求地址:http://10.229.1.237:8888/v1/dept/delete?access_token=i5NwsdQbL5R54IeqfkAlpT3LooSFJ8cs&did=268435705
请求方法:get
请求头:{'Accept-Encoding': 'gzip, deflate', 'Accept-Language': 'zh-CN,zh;q=0.9', 'User-Agent': 'Mozilla/5.0 (Windows NT 10.0; Win64; x64) AppleWebKit/537.36 (KHTML, like Gecko) Chrome/86.0.4240.198 Safari/537.36'}
请求参数:{'did': '268435705'}
上传文件:None
响应数据:{'errcode': '210008', 'errmsg': '部门下有子部门或成员'}
2021-08-18 16:42:33.677 | INFO     | common.data_process:save_response:21 - 添加key: case_047, 对应value: {'errcode': '210008', 'errmsg': '部门下有子部门或成员'}
2021-08-18 16:42:33.699 | INFO     | common.data_process:assert_result:113 - 第1个断言,实际结果:部门下有子部门或成员 | 预期结果:部门下有子部门或成员 
断言结果 True
2021-08-18 16:42:34.330 | INFO     | base.base_requests:send_api:97 - 
最终请求地址:http://10.229.1.237:8888/v1/user/delete?access_token=i5NwsdQbL5R54IeqfkAlpT3LooSFJ8cs&userid=8901714857951482
请求方法:get
请求头:{'Accept-Encoding': 'gzip, deflate', 'Accept-Language': 'zh-CN,zh;q=0.9', 'User-Agent': 'Mozilla/5.0 (Windows NT 10.0; Win64; x64) AppleWebKit/537.36 (KHTML, like Gecko) Chrome/86.0.4240.198 Safari/537.36'}
请求参数:{'userid': '8901714857951482'}
上传文件:None
响应数据:{'errcode': '0', 'errmsg': '成功'}
2021-08-18 16:42:34.336 | INFO     | common.data_process:save_response:21 - 添加key: case_048, 对应value: {'errcode': '0', 'errmsg': '成功'}
2021-08-18 16:42:34.354 | INFO     | common.data_process:assert_result:113 - 第1个断言,实际结果:成功 | 预期结果:成功 
断言结果 True
2021-08-18 16:42:34.688 | INFO     | base.base_requests:send_api:97 - 
最终请求地址:http://10.229.1.237:8888/v1/dept/delete?access_token=i5NwsdQbL5R54IeqfkAlpT3LooSFJ8cs&did=268435705
请求方法:get
请求头:{'Accept-Encoding': 'gzip, deflate', 'Accept-Language': 'zh-CN,zh;q=0.9', 'User-Agent': 'Mozilla/5.0 (Windows NT 10.0; Win64; x64) AppleWebKit/537.36 (KHTML, like Gecko) Chrome/86.0.4240.198 Safari/537.36'}
请求参数:{'did': '268435705'}
上传文件:None
响应数据:{'errcode': '0', 'errmsg': '成功'}
2021-08-18 16:42:34.695 | INFO     | common.data_process:save_response:21 - 添加key: case_049, 对应value: {'errcode': '0', 'errmsg': '成功'}
2021-08-18 16:42:34.721 | INFO     | common.data_process:assert_result:113 - 第1个断言,实际结果:成功 | 预期结果:成功 
断言结果 True
2021-08-18 16:42:34.970 | INFO     | base.base_requests:send_api:97 - 
最终请求地址:http://10.229.1.237:8888/v1/dept/create?access_token=i5NwsdQbL5R54IeqfkAlpT3LooSFJ8cs
请求方法:post
请求头:{'Accept-Encoding': 'gzip, deflate', 'Accept-Language': 'zh-CN,zh;q=0.9', 'User-Agent': 'Mozilla/5.0 (Windows NT 10.0; Win64; x64) AppleWebKit/537.36 (KHTML, like Gecko) Chrome/86.0.4240.198 Safari/537.36'}
请求参数:{'pid': '0', 'name': '群相关依赖部门'}
上传文件:None
响应数据:{'errcode': '0', 'errmsg': '成功', 'did': '268435715'}
2021-08-18 16:42:34.978 | INFO     | common.data_process:save_response:21 - 添加key: case_050, 对应value: {'errcode': '0', 'errmsg': '成功', 'did': '268435715'}
2021-08-18 16:42:34.998 | INFO     | common.data_process:assert_result:113 - 第1个断言,实际结果:成功 | 预期结果:成功 
断言结果 True
2021-08-18 16:42:35.667 | INFO     | base.base_requests:send_api:97 - 
最终请求地址:http://10.229.1.237:8888/v1/user/create?access_token=i5NwsdQbL5R54IeqfkAlpT3LooSFJ8cs
请求方法:post
请求头:{'Accept-Encoding': 'gzip, deflate', 'Accept-Language': 'zh-CN,zh;q=0.9', 'User-Agent': 'Mozilla/5.0 (Windows NT 10.0; Win64; x64) AppleWebKit/537.36 (KHTML, like Gecko) Chrome/86.0.4240.198 Safari/537.36'}
请求参数:{'name': '我是群主呀', 'department': [{'did': '268435715', 'order': '2', 'posName': 'ceo'}], 'gender': '1', 'sign': '刘哥好帅我要嫁给他', 'enName': 'lucky', 'tel': '0215553222', 'mobile': '15000000000'}
上传文件:None
响应数据:{'errcode': '0', 'errmsg': '成功', 'uid': '8901714857951492'}
2021-08-18 16:42:35.674 | INFO     | common.data_process:save_response:21 - 添加key: case_051, 对应value: {'errcode': '0', 'errmsg': '成功', 'uid': '8901714857951492'}
2021-08-18 16:42:35.690 | INFO     | common.data_process:assert_result:113 - 第1个断言,实际结果:成功 | 预期结果:成功 
断言结果 True
2021-08-18 16:42:36.367 | INFO     | base.base_requests:send_api:97 - 
最终请求地址:http://10.229.1.237:8888/v1/user/create?access_token=i5NwsdQbL5R54IeqfkAlpT3LooSFJ8cs
请求方法:post
请求头:{'Accept-Encoding': 'gzip, deflate', 'Accept-Language': 'zh-CN,zh;q=0.9', 'User-Agent': 'Mozilla/5.0 (Windows NT 10.0; Win64; x64) AppleWebKit/537.36 (KHTML, like Gecko) Chrome/86.0.4240.198 Safari/537.36'}
请求参数:{'name': '我是群成员呀', 'department': [{'did': '268435715', 'order': '3', 'posName': 'ceo'}], 'gender': '0', 'sign': '刘哥好帅我要嫁给他', 'enName': 'lucky', 'tel': '0215553222', 'mobile': '15000000000'}
上传文件:None
响应数据:{'errcode': '0', 'errmsg': '成功', 'uid': '8901714857951493'}
2021-08-18 16:42:36.372 | INFO     | common.data_process:save_response:21 - 添加key: case_052, 对应value: {'errcode': '0', 'errmsg': '成功', 'uid': '8901714857951493'}
2021-08-18 16:42:36.390 | INFO     | common.data_process:assert_result:113 - 第1个断言,实际结果:成功 | 预期结果:成功 
断言结果 True
2021-08-18 16:42:37.136 | INFO     | base.base_requests:send_api:97 - 
最终请求地址:http://10.229.1.237:8888/v1/user/create?access_token=i5NwsdQbL5R54IeqfkAlpT3LooSFJ8cs
请求方法:post
请求头:{'Accept-Encoding': 'gzip, deflate', 'Accept-Language': 'zh-CN,zh;q=0.9', 'User-Agent': 'Mozilla/5.0 (Windows NT 10.0; Win64; x64) AppleWebKit/537.36 (KHTML, like Gecko) Chrome/86.0.4240.198 Safari/537.36'}
请求参数:{'name': '我是二号成员', 'department': [{'did': '268435715', 'order': '4', 'posName': 'ee'}], 'gender': '1', 'sign': '刘哥好帅我要嫁给他', 'enName': 'lucky', 'tel': '0215553222', 'mobile': '15000000000'}
上传文件:None
响应数据:{'errcode': '0', 'errmsg': '成功', 'uid': '8901714857951494'}
2021-08-18 16:42:37.143 | INFO     | common.data_process:save_response:21 - 添加key: case_053, 对应value: {'errcode': '0', 'errmsg': '成功', 'uid': '8901714857951494'}
2021-08-18 16:42:37.163 | INFO     | common.data_process:assert_result:113 - 第1个断言,实际结果:成功 | 预期结果:成功 
断言结果 True
2021-08-18 16:42:37.523 | INFO     | base.base_requests:send_api:97 - 
最终请求地址:http://10.229.1.237:8888/v1/group/create?access_token=i5NwsdQbL5R54IeqfkAlpT3LooSFJ8cs
请求方法:post
请求头:{'Accept-Encoding': 'gzip, deflate', 'Accept-Language': 'zh-CN,zh;q=0.9', 'User-Agent': 'Mozilla/5.0 (Windows NT 10.0; Win64; x64) AppleWebKit/537.36 (KHTML, like Gecko) Chrome/86.0.4240.198 Safari/537.36'}
请求参数:{'name': '自动化测试群聊', 'did': '268435715', 'hostUid': '8901714857951492', 'uids': ['8901714857951493']}
上传文件:None
响应数据:{'errcode': '0', 'errmsg': '成功', 'groupid': '8901714857951495'}
2021-08-18 16:42:37.530 | INFO     | common.data_process:save_response:21 - 添加key: case_054, 对应value: {'errcode': '0', 'errmsg': '成功', 'groupid': '8901714857951495'}
2021-08-18 16:42:37.549 | INFO     | common.data_process:assert_result:113 - 第1个断言,实际结果:成功 | 预期结果:成功 
断言结果 True
2021-08-18 16:42:37.624 | INFO     | base.base_requests:send_api:97 - 
最终请求地址:http://10.229.1.237:8888/v1/group/create?access_token=i5NwsdQbL5R54IeqfkAlpT3LooSFJ8cs
请求方法:post
请求头:{'Accept-Encoding': 'gzip, deflate', 'Accept-Language': 'zh-CN,zh;q=0.9', 'User-Agent': 'Mozilla/5.0 (Windows NT 10.0; Win64; x64) AppleWebKit/537.36 (KHTML, like Gecko) Chrome/86.0.4240.198 Safari/537.36'}
请求参数:{'name': '', 'did': '268435715', 'hostUid': '8901714857951492', 'uids': ['8901714857951493']}
上传文件:None
响应数据:{'errcode': '100001', 'errmsg': '参数缺失'}
2021-08-18 16:42:37.632 | INFO     | common.data_process:save_response:21 - 添加key: case_055, 对应value: {'errcode': '100001', 'errmsg': '参数缺失'}
2021-08-18 16:42:37.660 | INFO     | common.data_process:assert_result:113 - 第1个断言,实际结果:参数缺失 | 预期结果:参数缺失 
断言结果 True
2021-08-18 16:42:37.928 | INFO     | base.base_requests:send_api:97 - 
最终请求地址:http://10.229.1.237:8888/v1/group/update?access_token=i5NwsdQbL5R54IeqfkAlpT3LooSFJ8cs
请求方法:post
请求头:{'Accept-Encoding': 'gzip, deflate', 'Accept-Language': 'zh-CN,zh;q=0.9', 'User-Agent': 'Mozilla/5.0 (Windows NT 10.0; Win64; x64) AppleWebKit/537.36 (KHTML, like Gecko) Chrome/86.0.4240.198 Safari/537.36'}
请求参数:{'groupid': '8901714857951495', 'name': '修改后的群聊名'}
上传文件:None
响应数据:{'errcode': '0', 'errmsg': '成功'}
2021-08-18 16:42:37.935 | INFO     | common.data_process:save_response:21 - 添加key: case_056, 对应value: {'errcode': '0', 'errmsg': '成功'}
2021-08-18 16:42:37.956 | INFO     | common.data_process:assert_result:113 - 第1个断言,实际结果:成功 | 预期结果:成功 
断言结果 True
2021-08-18 16:42:38.045 | INFO     | base.base_requests:send_api:97 - 
最终请求地址:http://10.229.1.237:8888/v1/group/update?access_token=i5NwsdQbL5R54IeqfkAlpT3LooSFJ8cs
请求方法:post
请求头:{'Accept-Encoding': 'gzip, deflate', 'Accept-Language': 'zh-CN,zh;q=0.9', 'User-Agent': 'Mozilla/5.0 (Windows NT 10.0; Win64; x64) AppleWebKit/537.36 (KHTML, like Gecko) Chrome/86.0.4240.198 Safari/537.36'}
请求参数:{'name': '修改后的群聊名'}
上传文件:None
响应数据:{'errcode': '100001', 'errmsg': '参数缺失'}
2021-08-18 16:42:38.052 | INFO     | common.data_process:save_response:21 - 添加key: case_057, 对应value: {'errcode': '100001', 'errmsg': '参数缺失'}
2021-08-18 16:42:38.080 | INFO     | common.data_process:assert_result:113 - 第1个断言,实际结果:参数缺失 | 预期结果:参数缺失 
断言结果 True
2021-08-18 16:42:38.340 | INFO     | base.base_requests:send_api:97 - 
最终请求地址:http://10.229.1.237:8888/v1/group/get?access_token=i5NwsdQbL5R54IeqfkAlpT3LooSFJ8cs&groupid=8901714857951495
请求方法:get
请求头:{'Accept-Encoding': 'gzip, deflate', 'Accept-Language': 'zh-CN,zh;q=0.9', 'User-Agent': 'Mozilla/5.0 (Windows NT 10.0; Win64; x64) AppleWebKit/537.36 (KHTML, like Gecko) Chrome/86.0.4240.198 Safari/537.36'}
请求参数:{'groupid': '8901714857951495'}
上传文件:None
响应数据:{'errcode': '0', 'errmsg': '成功', 'datas': {'groupid': '8901714857951495', 'name': '修改后的群聊名', 'hostUid': '8901714857951492', 'hostName': '我是群主呀', 'count': '0'}}
2021-08-18 16:42:38.356 | INFO     | common.data_process:save_response:21 - 添加key: case_058, 对应value: {'errcode': '0', 'errmsg': '成功', 'datas': {'groupid': '8901714857951495', 'name': '修改后的群聊名', 'hostUid': '8901714857951492', 'hostName': '我是群主呀', 'count': '0'}}
2021-08-18 16:42:38.380 | INFO     | common.data_process:assert_result:113 - 第1个断言,实际结果:成功 | 预期结果:成功 
断言结果 True
2021-08-18 16:42:38.586 | INFO     | base.base_requests:send_api:97 - 
最终请求地址:http://10.229.1.237:8888/v1/group/user/get?access_token=i5NwsdQbL5R54IeqfkAlpT3LooSFJ8cs&groupid=8901714857951495
请求方法:get
请求头:{'Accept-Encoding': 'gzip, deflate', 'Accept-Language': 'zh-CN,zh;q=0.9', 'User-Agent': 'Mozilla/5.0 (Windows NT 10.0; Win64; x64) AppleWebKit/537.36 (KHTML, like Gecko) Chrome/86.0.4240.198 Safari/537.36'}
请求参数:{'groupid': '8901714857951495'}
上传文件:None
响应数据:{'errcode': '0', 'errmsg': '成功', 'datas': []}
2021-08-18 16:42:38.595 | INFO     | common.data_process:save_response:21 - 添加key: case_059, 对应value: {'errcode': '0', 'errmsg': '成功', 'datas': []}
2021-08-18 16:42:38.623 | INFO     | common.data_process:assert_result:113 - 第1个断言,实际结果:成功 | 预期结果:成功 
断言结果 True
2021-08-18 16:42:38.847 | INFO     | base.base_requests:send_api:97 - 
最终请求地址:http://10.229.1.237:8888/v1/group/user/add?access_token=i5NwsdQbL5R54IeqfkAlpT3LooSFJ8cs
请求方法:post
请求头:{'Accept-Encoding': 'gzip, deflate', 'Accept-Language': 'zh-CN,zh;q=0.9', 'User-Agent': 'Mozilla/5.0 (Windows NT 10.0; Win64; x64) AppleWebKit/537.36 (KHTML, like Gecko) Chrome/86.0.4240.198 Safari/537.36'}
请求参数:{'groupid': '8901714857951495', 'users': [{'uid': '8901714857951494', 'type': '110'}]}
上传文件:None
响应数据:{'errcode': '0', 'errmsg': '成功'}
2021-08-18 16:42:38.856 | INFO     | common.data_process:save_response:21 - 添加key: case_060, 对应value: {'errcode': '0', 'errmsg': '成功'}
2021-08-18 16:42:38.879 | INFO     | common.data_process:assert_result:113 - 第1个断言,实际结果:成功 | 预期结果:成功 
断言结果 True
2021-08-18 16:42:38.911 | ERROR    | common:extractor:26 - 提取不到内容，丢给你一个错误！'bool' object is not subscriptable
2021-08-18 16:42:39.011 | INFO     | base.base_requests:send_api:97 - 
最终请求地址:http://10.229.1.237:8888/v1/group/user/add?access_token=i5NwsdQbL5R54IeqfkAlpT3LooSFJ8cs
请求方法:post
请求头:{'Accept-Encoding': 'gzip, deflate', 'Accept-Language': 'zh-CN,zh;q=0.9', 'User-Agent': 'Mozilla/5.0 (Windows NT 10.0; Win64; x64) AppleWebKit/537.36 (KHTML, like Gecko) Chrome/86.0.4240.198 Safari/537.36'}
请求参数:{'groupid': '', 'users': [{'uid': 'null', 'type': '110'}]}
上传文件:None
响应数据:{'errcode': '100001', 'errmsg': '参数缺失'}
2021-08-18 16:42:39.018 | INFO     | common.data_process:save_response:21 - 添加key: case_061, 对应value: {'errcode': '100001', 'errmsg': '参数缺失'}
2021-08-18 16:42:39.044 | INFO     | common.data_process:assert_result:113 - 第1个断言,实际结果:参数缺失 | 预期结果:参数缺失 
断言结果 True
2021-08-18 16:42:39.295 | INFO     | base.base_requests:send_api:97 - 
最终请求地址:http://10.229.1.237:8888/v1/group/user/add?access_token=i5NwsdQbL5R54IeqfkAlpT3LooSFJ8cs
请求方法:post
请求头:{'Accept-Encoding': 'gzip, deflate', 'Accept-Language': 'zh-CN,zh;q=0.9', 'User-Agent': 'Mozilla/5.0 (Windows NT 10.0; Win64; x64) AppleWebKit/537.36 (KHTML, like Gecko) Chrome/86.0.4240.198 Safari/537.36'}
请求参数:{'groupid': '8901714857951495', 'users': [{'uid': '', 'type': '110'}]}
上传文件:None
响应数据:{'errcode': '0', 'errmsg': '成功'}
2021-08-18 16:42:39.303 | INFO     | common.data_process:save_response:21 - 添加key: case_062, 对应value: {'errcode': '0', 'errmsg': '成功'}
2021-08-18 16:42:39.325 | INFO     | common.data_process:assert_result:113 - 第1个断言,实际结果:成功 | 预期结果:成功 
断言结果 True
2021-08-18 16:42:39.629 | INFO     | base.base_requests:send_api:97 - 
最终请求地址:http://10.229.1.237:8888/v1/group/user/set?access_token=i5NwsdQbL5R54IeqfkAlpT3LooSFJ8cs
请求方法:post
请求头:{'Accept-Encoding': 'gzip, deflate', 'Accept-Language': 'zh-CN,zh;q=0.9', 'User-Agent': 'Mozilla/5.0 (Windows NT 10.0; Win64; x64) AppleWebKit/537.36 (KHTML, like Gecko) Chrome/86.0.4240.198 Safari/537.36'}
请求参数:{'groupid': '8901714857951495', 'users': [{'uid': '8901714857951493', 'type': '109'}]}
上传文件:None
响应数据:{'errcode': '0', 'errmsg': '成功'}
2021-08-18 16:42:39.636 | INFO     | common.data_process:save_response:21 - 添加key: case_063, 对应value: {'errcode': '0', 'errmsg': '成功'}
2021-08-18 16:42:39.657 | INFO     | common.data_process:assert_result:113 - 第1个断言,实际结果:成功 | 预期结果:成功 
断言结果 True
2021-08-18 16:42:39.946 | INFO     | base.base_requests:send_api:97 - 
最终请求地址:http://10.229.1.237:8888/v1/group/user/set?access_token=i5NwsdQbL5R54IeqfkAlpT3LooSFJ8cs
请求方法:post
请求头:{'Accept-Encoding': 'gzip, deflate', 'Accept-Language': 'zh-CN,zh;q=0.9', 'User-Agent': 'Mozilla/5.0 (Windows NT 10.0; Win64; x64) AppleWebKit/537.36 (KHTML, like Gecko) Chrome/86.0.4240.198 Safari/537.36'}
请求参数:{'groupid': '8901714857951495', 'users': [{'uid': '8901714857951493', 'type': '110'}]}
上传文件:None
响应数据:{'errcode': '0', 'errmsg': '成功'}
2021-08-18 16:42:39.953 | INFO     | common.data_process:save_response:21 - 添加key: case_064, 对应value: {'errcode': '0', 'errmsg': '成功'}
2021-08-18 16:42:39.975 | INFO     | common.data_process:assert_result:113 - 第1个断言,实际结果:成功 | 预期结果:成功 
断言结果 True
2021-08-18 16:42:40.287 | INFO     | base.base_requests:send_api:97 - 
最终请求地址:http://10.229.1.237:8888/v1/group/user/set?access_token=i5NwsdQbL5R54IeqfkAlpT3LooSFJ8cs
请求方法:post
请求头:{'Accept-Encoding': 'gzip, deflate', 'Accept-Language': 'zh-CN,zh;q=0.9', 'User-Agent': 'Mozilla/5.0 (Windows NT 10.0; Win64; x64) AppleWebKit/537.36 (KHTML, like Gecko) Chrome/86.0.4240.198 Safari/537.36'}
请求参数:{'groupid': '8901714857951495', 'users': [{'uid': '8901714857951493', 'type': '110'}]}
上传文件:None
响应数据:{'errcode': '0', 'errmsg': '成功'}
2021-08-18 16:42:40.295 | INFO     | common.data_process:save_response:21 - 添加key: case_065, 对应value: {'errcode': '0', 'errmsg': '成功'}
2021-08-18 16:42:40.315 | INFO     | common.data_process:assert_result:113 - 第1个断言,实际结果:成功 | 预期结果:成功 
断言结果 True
2021-08-18 16:42:40.598 | INFO     | base.base_requests:send_api:97 - 
最终请求地址:http://10.229.1.237:8888/v1/group/get?access_token=i5NwsdQbL5R54IeqfkAlpT3LooSFJ8cs&groupid=8901714857951495
请求方法:get
请求头:{'Accept-Encoding': 'gzip, deflate', 'Accept-Language': 'zh-CN,zh;q=0.9', 'User-Agent': 'Mozilla/5.0 (Windows NT 10.0; Win64; x64) AppleWebKit/537.36 (KHTML, like Gecko) Chrome/86.0.4240.198 Safari/537.36'}
请求参数:{'groupid': '8901714857951495'}
上传文件:None
响应数据:{'errcode': '0', 'errmsg': '成功', 'datas': {'groupid': '8901714857951495', 'name': '修改后的群聊名', 'hostUid': '8901714857951492', 'hostName': '我是群主呀', 'count': '4'}}
2021-08-18 16:42:40.606 | INFO     | common.data_process:save_response:21 - 添加key: case_066, 对应value: {'errcode': '0', 'errmsg': '成功', 'datas': {'groupid': '8901714857951495', 'name': '修改后的群聊名', 'hostUid': '8901714857951492', 'hostName': '我是群主呀', 'count': '4'}}
2021-08-18 16:42:40.631 | INFO     | common.data_process:assert_result:113 - 第1个断言,实际结果:成功 | 预期结果:成功 
断言结果 True
2021-08-18 16:42:40.837 | INFO     | base.base_requests:send_api:97 - 
最终请求地址:http://10.229.1.237:8888/v1/group/user/get?access_token=i5NwsdQbL5R54IeqfkAlpT3LooSFJ8cs&groupid=8901714857951495
请求方法:get
请求头:{'Accept-Encoding': 'gzip, deflate', 'Accept-Language': 'zh-CN,zh;q=0.9', 'User-Agent': 'Mozilla/5.0 (Windows NT 10.0; Win64; x64) AppleWebKit/537.36 (KHTML, like Gecko) Chrome/86.0.4240.198 Safari/537.36'}
请求参数:{'groupid': '8901714857951495'}
上传文件:None
响应数据:{'errcode': '0', 'errmsg': '成功', 'datas': [{'uid': '0', 'type': '110'}, {'uid': '8901714857951492', 'type': '104'}, {'uid': '8901714857951493', 'type': '110'}, {'uid': '8901714857951494', 'type': '110'}]}
2021-08-18 16:42:40.849 | INFO     | common.data_process:save_response:21 - 添加key: case_067, 对应value: {'errcode': '0', 'errmsg': '成功', 'datas': [{'uid': '0', 'type': '110'}, {'uid': '8901714857951492', 'type': '104'}, {'uid': '8901714857951493', 'type': '110'}, {'uid': '8901714857951494', 'type': '110'}]}
2021-08-18 16:42:40.890 | INFO     | common.data_process:assert_result:113 - 第1个断言,实际结果:成功 | 预期结果:成功 
断言结果 True
2021-08-18 16:42:41.211 | INFO     | base.base_requests:send_api:97 - 
最终请求地址:http://10.229.1.237:8888/v1/group/user/delete?access_token=i5NwsdQbL5R54IeqfkAlpT3LooSFJ8cs
请求方法:post
请求头:{'Accept-Encoding': 'gzip, deflate', 'Accept-Language': 'zh-CN,zh;q=0.9', 'User-Agent': 'Mozilla/5.0 (Windows NT 10.0; Win64; x64) AppleWebKit/537.36 (KHTML, like Gecko) Chrome/86.0.4240.198 Safari/537.36'}
请求参数:{'groupid': '8901714857951495', 'users': ['8901714857951493', '8901714857951494']}
上传文件:None
响应数据:{'errcode': '0', 'errmsg': '成功'}
2021-08-18 16:42:41.222 | INFO     | common.data_process:save_response:21 - 添加key: case_068, 对应value: {'errcode': '0', 'errmsg': '成功'}
2021-08-18 16:42:41.256 | INFO     | common.data_process:assert_result:113 - 第1个断言,实际结果:成功 | 预期结果:成功 
断言结果 True
2021-08-18 16:42:41.295 | ERROR    | common:extractor:26 - 提取不到内容，丢给你一个错误！'bool' object is not subscriptable
2021-08-18 16:42:41.558 | INFO     | base.base_requests:send_api:97 - 
最终请求地址:http://10.229.1.237:8888/v1/group/user/delete?access_token=i5NwsdQbL5R54IeqfkAlpT3LooSFJ8cs
请求方法:post
请求头:{'Accept-Encoding': 'gzip, deflate', 'Accept-Language': 'zh-CN,zh;q=0.9', 'User-Agent': 'Mozilla/5.0 (Windows NT 10.0; Win64; x64) AppleWebKit/537.36 (KHTML, like Gecko) Chrome/86.0.4240.198 Safari/537.36'}
请求参数:{'groupid': '8901714857951495', 'users': ['8901714857951493', 'null']}
上传文件:None
响应数据:{'errcode': '0', 'errmsg': '成功'}
2021-08-18 16:42:41.567 | INFO     | common.data_process:save_response:21 - 添加key: case_069, 对应value: {'errcode': '0', 'errmsg': '成功'}
2021-08-18 16:42:41.595 | INFO     | common.data_process:assert_result:113 - 第1个断言,实际结果:成功 | 预期结果:成功 
断言结果 True
2021-08-18 16:42:41.857 | INFO     | base.base_requests:send_api:97 - 
最终请求地址:http://10.229.1.237:8888/v1/group/get?access_token=i5NwsdQbL5R54IeqfkAlpT3LooSFJ8cs&groupid=8901714857951495
请求方法:get
请求头:{'Accept-Encoding': 'gzip, deflate', 'Accept-Language': 'zh-CN,zh;q=0.9', 'User-Agent': 'Mozilla/5.0 (Windows NT 10.0; Win64; x64) AppleWebKit/537.36 (KHTML, like Gecko) Chrome/86.0.4240.198 Safari/537.36'}
请求参数:{'groupid': '8901714857951495'}
上传文件:None
响应数据:{'errcode': '0', 'errmsg': '成功', 'datas': {'groupid': '8901714857951495', 'name': '修改后的群聊名', 'hostUid': '8901714857951492', 'hostName': '我是群主呀', 'count': '1'}}
2021-08-18 16:42:41.867 | INFO     | common.data_process:save_response:21 - 添加key: case_070, 对应value: {'errcode': '0', 'errmsg': '成功', 'datas': {'groupid': '8901714857951495', 'name': '修改后的群聊名', 'hostUid': '8901714857951492', 'hostName': '我是群主呀', 'count': '1'}}
2021-08-18 16:42:41.890 | INFO     | common.data_process:assert_result:113 - 第1个断言,实际结果:成功 | 预期结果:成功 
断言结果 True
2021-08-18 16:42:42.098 | INFO     | base.base_requests:send_api:97 - 
最终请求地址:http://10.229.1.237:8888/v1/group/user/get?access_token=i5NwsdQbL5R54IeqfkAlpT3LooSFJ8cs&groupid=8901714857951495
请求方法:get
请求头:{'Accept-Encoding': 'gzip, deflate', 'Accept-Language': 'zh-CN,zh;q=0.9', 'User-Agent': 'Mozilla/5.0 (Windows NT 10.0; Win64; x64) AppleWebKit/537.36 (KHTML, like Gecko) Chrome/86.0.4240.198 Safari/537.36'}
请求参数:{'groupid': '8901714857951495'}
上传文件:None
响应数据:{'errcode': '0', 'errmsg': '成功', 'datas': [{'uid': '8901714857951492', 'type': '104'}]}
2021-08-18 16:42:42.106 | INFO     | common.data_process:save_response:21 - 添加key: case_071, 对应value: {'errcode': '0', 'errmsg': '成功', 'datas': [{'uid': '8901714857951492', 'type': '104'}]}
2021-08-18 16:42:42.132 | INFO     | common.data_process:assert_result:113 - 第1个断言,实际结果:成功 | 预期结果:成功 
断言结果 True
2021-08-18 16:42:42.395 | INFO     | base.base_requests:send_api:97 - 
最终请求地址:http://10.229.1.237:8888/v1/user/list?access_token=i5NwsdQbL5R54IeqfkAlpT3LooSFJ8cs&did=268435715
请求方法:get
请求头:{'Accept-Encoding': 'gzip, deflate', 'Accept-Language': 'zh-CN,zh;q=0.9', 'User-Agent': 'Mozilla/5.0 (Windows NT 10.0; Win64; x64) AppleWebKit/537.36 (KHTML, like Gecko) Chrome/86.0.4240.198 Safari/537.36'}
请求参数:{'did': '268435715'}
上传文件:None
响应数据:{'errcode': '0', 'errmsg': '成功', 'datas': [{'uid': '8901714857951492', 'account': 'woshiqunzhuya', 'name': '我是群主呀', 'enName': 'lucky', 'gender': '1', 'sign': '刘哥好帅我要嫁给他', 'email': '', 'avatar': '', 'tel': '0215553222', 'mobile': '15000000000', 'status': '1', 'order': '2', 'orderTime': '1629276155', 'avatarUrl': ''}, {'uid': '8901714857951493', 'account': 'woshiqunchengyuanya', 'name': '我是群成员呀', 'enName': 'lucky', 'gender': '0', 'sign': '刘哥好帅我要嫁给他', 'email': '', 'avatar': '', 'tel': '0215553222', 'mobile': '15000000000', 'status': '1', 'order': '3', 'orderTime': '1629276156', 'avatarUrl': ''}, {'uid': '8901714857951494', 'account': 'woshierhaochengyuan', 'name': '我是二号成员', 'enName': 'lucky', 'gender': '1', 'sign': '刘哥好帅我要嫁给他', 'email': '', 'avatar': '', 'tel': '0215553222', 'mobile': '15000000000', 'status': '1', 'order': '4', 'orderTime': '1629276157', 'avatarUrl': ''}]}
2021-08-18 16:42:42.404 | INFO     | common.data_process:save_response:21 - 添加key: case_073, 对应value: {'errcode': '0', 'errmsg': '成功', 'datas': [{'uid': '8901714857951492', 'account': 'woshiqunzhuya', 'name': '我是群主呀', 'enName': 'lucky', 'gender': '1', 'sign': '刘哥好帅我要嫁给他', 'email': '', 'avatar': '', 'tel': '0215553222', 'mobile': '15000000000', 'status': '1', 'order': '2', 'orderTime': '1629276155', 'avatarUrl': ''}, {'uid': '8901714857951493', 'account': 'woshiqunchengyuanya', 'name': '我是群成员呀', 'enName': 'lucky', 'gender': '0', 'sign': '刘哥好帅我要嫁给他', 'email': '', 'avatar': '', 'tel': '0215553222', 'mobile': '15000000000', 'status': '1', 'order': '3', 'orderTime': '1629276156', 'avatarUrl': ''}, {'uid': '8901714857951494', 'account': 'woshierhaochengyuan', 'name': '我是二号成员', 'enName': 'lucky', 'gender': '1', 'sign': '刘哥好帅我要嫁给他', 'email': '', 'avatar': '', 'tel': '0215553222', 'mobile': '15000000000', 'status': '1', 'order': '4', 'orderTime': '1629276157', 'avatarUrl': ''}]}
2021-08-18 16:42:42.434 | INFO     | common.data_process:assert_result:113 - 第1个断言,实际结果:成功 | 预期结果:成功 
断言结果 True
2021-08-18 16:42:42.748 | INFO     | base.base_requests:send_api:97 - 
最终请求地址:http://10.229.1.237:8888/v1/group/list?access_token=i5NwsdQbL5R54IeqfkAlpT3LooSFJ8cs&account=woshiqunzhuya&pageNo=1&pageSize=1
请求方法:get
请求头:{'Accept-Encoding': 'gzip, deflate', 'Accept-Language': 'zh-CN,zh;q=0.9', 'User-Agent': 'Mozilla/5.0 (Windows NT 10.0; Win64; x64) AppleWebKit/537.36 (KHTML, like Gecko) Chrome/86.0.4240.198 Safari/537.36'}
请求参数:{'account': 'woshiqunzhuya', 'pageNo': '1', 'pageSize': '1'}
上传文件:None
响应数据:{'errcode': '0', 'errmsg': '成功', 'totalCount': '1', 'datas': [{'groupid': '8901714857951495', 'name': '修改后的群聊名', 'hostUid': '8901714857951492', 'hostName': '我是群主呀', 'count': '1'}]}
2021-08-18 16:42:42.755 | INFO     | common.data_process:save_response:21 - 添加key: case_074, 对应value: {'errcode': '0', 'errmsg': '成功', 'totalCount': '1', 'datas': [{'groupid': '8901714857951495', 'name': '修改后的群聊名', 'hostUid': '8901714857951492', 'hostName': '我是群主呀', 'count': '1'}]}
2021-08-18 16:42:42.781 | INFO     | common.data_process:assert_result:113 - 第1个断言,实际结果:成功 | 预期结果:成功 
断言结果 True
2021-08-18 16:42:42.867 | INFO     | base.base_requests:send_api:97 - 
最终请求地址:http://10.229.1.237:8888/v1/group/list?access_token=i5NwsdQbL5R54IeqfkAlpT3LooSFJ8cs&account=woshiqunzhuya&pageNo=1
请求方法:get
请求头:{'Accept-Encoding': 'gzip, deflate', 'Accept-Language': 'zh-CN,zh;q=0.9', 'User-Agent': 'Mozilla/5.0 (Windows NT 10.0; Win64; x64) AppleWebKit/537.36 (KHTML, like Gecko) Chrome/86.0.4240.198 Safari/537.36'}
请求参数:{'account': 'woshiqunzhuya', 'pageNo': '1'}
上传文件:None
响应数据:{'errcode': '100001', 'errmsg': '参数缺失'}
2021-08-18 16:42:42.874 | INFO     | common.data_process:save_response:21 - 添加key: case_075, 对应value: {'errcode': '100001', 'errmsg': '参数缺失'}
2021-08-18 16:42:42.902 | INFO     | common.data_process:assert_result:113 - 第1个断言,实际结果:参数缺失 | 预期结果:参数缺失 
断言结果 True
2021-08-18 16:42:42.988 | INFO     | base.base_requests:send_api:97 - 
最终请求地址:http://10.229.1.237:8888/v1/group/list?access_token=i5NwsdQbL5R54IeqfkAlpT3LooSFJ8cs&account=&pageNo=1&pageSize=1
请求方法:get
请求头:{'Accept-Encoding': 'gzip, deflate', 'Accept-Language': 'zh-CN,zh;q=0.9', 'User-Agent': 'Mozilla/5.0 (Windows NT 10.0; Win64; x64) AppleWebKit/537.36 (KHTML, like Gecko) Chrome/86.0.4240.198 Safari/537.36'}
请求参数:{'account': '', 'pageNo': '1', 'pageSize': '1'}
上传文件:None
响应数据:{'errcode': '100001', 'errmsg': '参数缺失'}
2021-08-18 16:42:42.996 | INFO     | common.data_process:save_response:21 - 添加key: case_076, 对应value: {'errcode': '100001', 'errmsg': '参数缺失'}
2021-08-18 16:42:43.031 | INFO     | common.data_process:assert_result:113 - 第1个断言,实际结果:参数缺失 | 预期结果:参数缺失 
断言结果 True
2021-08-18 16:42:43.386 | INFO     | base.base_requests:send_api:97 - 
最终请求地址:http://10.229.1.237:8888/v1/group/user/add?access_token=i5NwsdQbL5R54IeqfkAlpT3LooSFJ8cs
请求方法:post
请求头:{'Accept-Encoding': 'gzip, deflate', 'Accept-Language': 'zh-CN,zh;q=0.9', 'User-Agent': 'Mozilla/5.0 (Windows NT 10.0; Win64; x64) AppleWebKit/537.36 (KHTML, like Gecko) Chrome/86.0.4240.198 Safari/537.36'}
请求参数:{'groupid': '8901714857951495', 'users': [{'uid': '8901714857951494', 'type': '110'}, {'uid': '8901714857951493', 'type': '110'}]}
上传文件:None
响应数据:{'errcode': '0', 'errmsg': '成功'}
2021-08-18 16:42:43.394 | INFO     | common.data_process:save_response:21 - 添加key: case_077, 对应value: {'errcode': '0', 'errmsg': '成功'}
2021-08-18 16:42:43.419 | INFO     | common.data_process:assert_result:113 - 第1个断言,实际结果:成功 | 预期结果:成功 
断言结果 True
2021-08-18 16:42:43.631 | INFO     | base.base_requests:send_api:97 - 
最终请求地址:http://10.229.1.237:8888/v1/group/user/get?access_token=i5NwsdQbL5R54IeqfkAlpT3LooSFJ8cs&groupid=8901714857951495
请求方法:get
请求头:{'Accept-Encoding': 'gzip, deflate', 'Accept-Language': 'zh-CN,zh;q=0.9', 'User-Agent': 'Mozilla/5.0 (Windows NT 10.0; Win64; x64) AppleWebKit/537.36 (KHTML, like Gecko) Chrome/86.0.4240.198 Safari/537.36'}
请求参数:{'groupid': '8901714857951495'}
上传文件:None
响应数据:{'errcode': '0', 'errmsg': '成功', 'datas': [{'uid': '8901714857951492', 'type': '104'}, {'uid': '8901714857951493', 'type': '110'}, {'uid': '8901714857951494', 'type': '110'}]}
2021-08-18 16:42:43.638 | INFO     | common.data_process:save_response:21 - 添加key: case_078, 对应value: {'errcode': '0', 'errmsg': '成功', 'datas': [{'uid': '8901714857951492', 'type': '104'}, {'uid': '8901714857951493', 'type': '110'}, {'uid': '8901714857951494', 'type': '110'}]}
2021-08-18 16:42:43.668 | INFO     | common.data_process:assert_result:113 - 第1个断言,实际结果:成功 | 预期结果:成功 
断言结果 True
2021-08-18 16:42:44.015 | INFO     | base.base_requests:send_api:97 - 
最终请求地址:http://10.229.1.237:8888/v1/group/host/set?access_token=i5NwsdQbL5R54IeqfkAlpT3LooSFJ8cs
请求方法:post
请求头:{'Accept-Encoding': 'gzip, deflate', 'Accept-Language': 'zh-CN,zh;q=0.9', 'User-Agent': 'Mozilla/5.0 (Windows NT 10.0; Win64; x64) AppleWebKit/537.36 (KHTML, like Gecko) Chrome/86.0.4240.198 Safari/537.36'}
请求参数:{'groupid': '8901714857951495', 'uid': '8901714857951493'}
上传文件:None
响应数据:{'errcode': '0', 'errmsg': '成功'}
2021-08-18 16:42:44.023 | INFO     | common.data_process:save_response:21 - 添加key: case_079, 对应value: {'errcode': '0', 'errmsg': '成功'}
2021-08-18 16:42:44.056 | INFO     | common.data_process:assert_result:113 - 第1个断言,实际结果:成功 | 预期结果:成功 
断言结果 True
2021-08-18 16:42:44.271 | INFO     | base.base_requests:send_api:97 - 
最终请求地址:http://10.229.1.237:8888/v1/group/user/get?access_token=i5NwsdQbL5R54IeqfkAlpT3LooSFJ8cs&groupid=8901714857951495
请求方法:get
请求头:{'Accept-Encoding': 'gzip, deflate', 'Accept-Language': 'zh-CN,zh;q=0.9', 'User-Agent': 'Mozilla/5.0 (Windows NT 10.0; Win64; x64) AppleWebKit/537.36 (KHTML, like Gecko) Chrome/86.0.4240.198 Safari/537.36'}
请求参数:{'groupid': '8901714857951495'}
上传文件:None
响应数据:{'errcode': '0', 'errmsg': '成功', 'datas': [{'uid': '8901714857951492', 'type': '110'}, {'uid': '8901714857951493', 'type': '104'}, {'uid': '8901714857951494', 'type': '110'}]}
2021-08-18 16:42:44.290 | INFO     | common.data_process:save_response:21 - 添加key: case_080, 对应value: {'errcode': '0', 'errmsg': '成功', 'datas': [{'uid': '8901714857951492', 'type': '110'}, {'uid': '8901714857951493', 'type': '104'}, {'uid': '8901714857951494', 'type': '110'}]}
2021-08-18 16:42:44.324 | INFO     | common.data_process:assert_result:113 - 第1个断言,实际结果:成功 | 预期结果:成功 
断言结果 True
2021-08-18 16:42:44.623 | INFO     | base.base_requests:send_api:97 - 
最终请求地址:http://10.229.1.237:8888/v1/group/user/set?access_token=i5NwsdQbL5R54IeqfkAlpT3LooSFJ8cs
请求方法:post
请求头:{'Accept-Encoding': 'gzip, deflate', 'Accept-Language': 'zh-CN,zh;q=0.9', 'User-Agent': 'Mozilla/5.0 (Windows NT 10.0; Win64; x64) AppleWebKit/537.36 (KHTML, like Gecko) Chrome/86.0.4240.198 Safari/537.36'}
请求参数:{'groupid': '8901714857951495', 'users': [{'uid': '8901714857951492', 'type': '109'}]}
上传文件:None
响应数据:{'errcode': '0', 'errmsg': '成功'}
2021-08-18 16:42:44.632 | INFO     | common.data_process:save_response:21 - 添加key: case_081, 对应value: {'errcode': '0', 'errmsg': '成功'}
2021-08-18 16:42:44.664 | INFO     | common.data_process:assert_result:113 - 第1个断言,实际结果:成功 | 预期结果:成功 
断言结果 True
2021-08-18 16:42:44.896 | INFO     | base.base_requests:send_api:97 - 
最终请求地址:http://10.229.1.237:8888/v1/group/user/get?access_token=i5NwsdQbL5R54IeqfkAlpT3LooSFJ8cs
请求方法:get
请求头:{'Accept-Encoding': 'gzip, deflate', 'Accept-Language': 'zh-CN,zh;q=0.9', 'User-Agent': 'Mozilla/5.0 (Windows NT 10.0; Win64; x64) AppleWebKit/537.36 (KHTML, like Gecko) Chrome/86.0.4240.198 Safari/537.36'}
请求参数:{'groupid': '8901714857951495'}
上传文件:None
响应数据:{'errcode': '0', 'errmsg': '成功', 'datas': [{'uid': '8901714857951492', 'type': '109'}, {'uid': '8901714857951493', 'type': '104'}, {'uid': '8901714857951494', 'type': '110'}]}
2021-08-18 16:42:44.904 | INFO     | common.data_process:save_response:21 - 添加key: case_082, 对应value: {'errcode': '0', 'errmsg': '成功', 'datas': [{'uid': '8901714857951492', 'type': '109'}, {'uid': '8901714857951493', 'type': '104'}, {'uid': '8901714857951494', 'type': '110'}]}
2021-08-18 16:42:44.936 | INFO     | common.data_process:assert_result:113 - 第1个断言,实际结果:成功 | 预期结果:成功 
断言结果 True
2021-08-18 16:42:45.320 | INFO     | base.base_requests:send_api:97 - 
最终请求地址:http://10.229.1.237:8888/v1/group/delete?access_token=i5NwsdQbL5R54IeqfkAlpT3LooSFJ8cs&groupid=8901714857951495
请求方法:get
请求头:{'Accept-Encoding': 'gzip, deflate', 'Accept-Language': 'zh-CN,zh;q=0.9', 'User-Agent': 'Mozilla/5.0 (Windows NT 10.0; Win64; x64) AppleWebKit/537.36 (KHTML, like Gecko) Chrome/86.0.4240.198 Safari/537.36'}
请求参数:{'groupid': '8901714857951495'}
上传文件:None
响应数据:{'errcode': '0', 'errmsg': '成功'}
2021-08-18 16:42:45.328 | INFO     | common.data_process:save_response:21 - 添加key: case_083, 对应value: {'errcode': '0', 'errmsg': '成功'}
2021-08-18 16:42:45.357 | INFO     | common.data_process:assert_result:113 - 第1个断言,实际结果:成功 | 预期结果:成功 
断言结果 True
2021-08-18 16:42:45.977 | INFO     | base.base_requests:send_api:97 - 
最终请求地址:http://10.229.1.237:8888/v1/user/delete?access_token=i5NwsdQbL5R54IeqfkAlpT3LooSFJ8cs&userid=8901714857951492
请求方法:get
请求头:{'Accept-Encoding': 'gzip, deflate', 'Accept-Language': 'zh-CN,zh;q=0.9', 'User-Agent': 'Mozilla/5.0 (Windows NT 10.0; Win64; x64) AppleWebKit/537.36 (KHTML, like Gecko) Chrome/86.0.4240.198 Safari/537.36'}
请求参数:{'userid': '8901714857951492'}
上传文件:None
响应数据:{'errcode': '0', 'errmsg': '成功'}
2021-08-18 16:42:45.983 | INFO     | common.data_process:save_response:21 - 添加key: case_084, 对应value: {'errcode': '0', 'errmsg': '成功'}
2021-08-18 16:42:46.006 | INFO     | common.data_process:assert_result:113 - 第1个断言,实际结果:成功 | 预期结果:成功 
断言结果 True
2021-08-18 16:42:46.604 | INFO     | base.base_requests:send_api:97 - 
最终请求地址:http://10.229.1.237:8888/v1/user/delete?access_token=i5NwsdQbL5R54IeqfkAlpT3LooSFJ8cs&userid=8901714857951493
请求方法:get
请求头:{'Accept-Encoding': 'gzip, deflate', 'Accept-Language': 'zh-CN,zh;q=0.9', 'User-Agent': 'Mozilla/5.0 (Windows NT 10.0; Win64; x64) AppleWebKit/537.36 (KHTML, like Gecko) Chrome/86.0.4240.198 Safari/537.36'}
请求参数:{'userid': '8901714857951493'}
上传文件:None
响应数据:{'errcode': '0', 'errmsg': '成功'}
2021-08-18 16:42:46.610 | INFO     | common.data_process:save_response:21 - 添加key: case_085, 对应value: {'errcode': '0', 'errmsg': '成功'}
2021-08-18 16:42:46.641 | INFO     | common.data_process:assert_result:113 - 第1个断言,实际结果:成功 | 预期结果:成功 
断言结果 True
2021-08-18 16:42:47.221 | INFO     | base.base_requests:send_api:97 - 
最终请求地址:http://10.229.1.237:8888/v1/user/delete?access_token=i5NwsdQbL5R54IeqfkAlpT3LooSFJ8cs&userid=8901714857951494
请求方法:get
请求头:{'Accept-Encoding': 'gzip, deflate', 'Accept-Language': 'zh-CN,zh;q=0.9', 'User-Agent': 'Mozilla/5.0 (Windows NT 10.0; Win64; x64) AppleWebKit/537.36 (KHTML, like Gecko) Chrome/86.0.4240.198 Safari/537.36'}
请求参数:{'userid': '8901714857951494'}
上传文件:None
响应数据:{'errcode': '0', 'errmsg': '成功'}
2021-08-18 16:42:47.228 | INFO     | common.data_process:save_response:21 - 添加key: case_086, 对应value: {'errcode': '0', 'errmsg': '成功'}
2021-08-18 16:42:47.253 | INFO     | common.data_process:assert_result:113 - 第1个断言,实际结果:成功 | 预期结果:成功 
断言结果 True
2021-08-18 16:42:47.569 | INFO     | base.base_requests:send_api:97 - 
最终请求地址:http://10.229.1.237:8888/v1/dept/delete?access_token=i5NwsdQbL5R54IeqfkAlpT3LooSFJ8cs&did=268435715
请求方法:get
请求头:{'Accept-Encoding': 'gzip, deflate', 'Accept-Language': 'zh-CN,zh;q=0.9', 'User-Agent': 'Mozilla/5.0 (Windows NT 10.0; Win64; x64) AppleWebKit/537.36 (KHTML, like Gecko) Chrome/86.0.4240.198 Safari/537.36'}
请求参数:{'did': '268435715'}
上传文件:None
响应数据:{'errcode': '0', 'errmsg': '成功'}
2021-08-18 16:42:47.576 | INFO     | common.data_process:save_response:21 - 添加key: case_087, 对应value: {'errcode': '0', 'errmsg': '成功'}
2021-08-18 16:42:47.600 | INFO     | common.data_process:assert_result:113 - 第1个断言,实际结果:成功 | 预期结果:成功 
断言结果 True
2021-08-18 16:42:47.798 | INFO     | base.base_requests:send_api:97 - 
最终请求地址:http://10.229.1.237:8787/corpmanage/masteradminlogin?account=bWFzdGVyYWRtaW4%3D&password=ITIzNFF3ZXI%3D
请求方法:get
请求头:{'Accept-Encoding': 'gzip, deflate', 'Accept-Language': 'zh-CN,zh;q=0.9', 'User-Agent': 'Mozilla/5.0 (Windows NT 10.0; Win64; x64) AppleWebKit/537.36 (KHTML, like Gecko) Chrome/86.0.4240.198 Safari/537.36'}
请求参数:{'account': 'bWFzdGVyYWRtaW4=', 'password': 'ITIzNFF3ZXI='}
上传文件:None
响应数据:{'trans_id': '07450951BD78C80BF6523DAB7B18FB02', 'err_code': '0', 'err_msg': '成功', 'timestamp': '1629276167', 'time_cost': '0.089', 'datas': [{'master_name': '云管理员', 'master_token': 'f0559b4d3a1907822623b0aba34121d4', 'master_token_expire_time': '86400', 'addr_conf': {'web_client': [{'scheme': 'http', 'host': '10.229.1.237', 'port': '8282', 'address': 'http://10.229.1.237:8282'}], 'web_open': [{'scheme': 'http', 'host': '10.229.1.237', 'port': '8888', 'address': 'http://10.229.1.237:8888'}], 'srv_push': [{'scheme': 'http', 'host': '10.229.1.237', 'port': '9090', 'address': 'http://10.229.1.237:9090'}], 'web_fed': [{'scheme': 'http', 'host': '10.229.1.237', 'port': '8282', 'address': 'http://10.229.1.237:8282'}], 'web_go': [{'scheme': 'http', 'host': '10.229.1.237', 'port': '9899', 'address': 'http://10.229.1.237:9899'}]}, 'inited': '1'}]}
2021-08-18 16:42:47.807 | INFO     | common.data_process:save_response:21 - 添加key: test_001, 对应value: {'trans_id': '07450951BD78C80BF6523DAB7B18FB02', 'err_code': '0', 'err_msg': '成功', 'timestamp': '1629276167', 'time_cost': '0.089', 'datas': [{'master_name': '云管理员', 'master_token': 'f0559b4d3a1907822623b0aba34121d4', 'master_token_expire_time': '86400', 'addr_conf': {'web_client': [{'scheme': 'http', 'host': '10.229.1.237', 'port': '8282', 'address': 'http://10.229.1.237:8282'}], 'web_open': [{'scheme': 'http', 'host': '10.229.1.237', 'port': '8888', 'address': 'http://10.229.1.237:8888'}], 'srv_push': [{'scheme': 'http', 'host': '10.229.1.237', 'port': '9090', 'address': 'http://10.229.1.237:9090'}], 'web_fed': [{'scheme': 'http', 'host': '10.229.1.237', 'port': '8282', 'address': 'http://10.229.1.237:8282'}], 'web_go': [{'scheme': 'http', 'host': '10.229.1.237', 'port': '9899', 'address': 'http://10.229.1.237:9899'}]}, 'inited': '1'}]}
2021-08-18 16:42:47.836 | INFO     | common.data_process:assert_result:113 - 第1个断言,实际结果:成功 | 预期结果:成功 
断言结果 True
2021-08-18 16:42:49.474 | INFO     | base.base_requests:send_api:97 - 
最终请求地址:http://10.229.1.237:8787/corpmanage/createcorp
请求方法:post
请求头:{'Accept-Encoding': 'gzip, deflate', 'Accept-Language': 'zh-CN,zh;q=0.9', 'User-Agent': 'Mozilla/5.0 (Windows NT 10.0; Win64; x64) AppleWebKit/537.36 (KHTML, like Gecko) Chrome/86.0.4240.198 Safari/537.36'}
请求参数:{'trans_id': '07450951BD78C80BF6523DAB7B18FB02', 'master_token': 'f0559b4d3a1907822623b0aba34121d4', 'cn_name': '开开自动化测试', 'admin_name': 'kaikai4', 'max_user_num': '100'}
上传文件:None
响应数据:{'trans_id': '07450951BD78C80BF6523DAB7B18FB02', 'err_code': '0', 'err_msg': '成功', 'timestamp': '1629276169', 'time_cost': '1.542', 'datas': [{'cid': '8901714857951496', 'admin_account': 'kaikai4551', 'admin_uid': '8901714857951497'}]}
2021-08-18 16:42:49.482 | INFO     | common.data_process:save_response:21 - 添加key: test_002, 对应value: {'trans_id': '07450951BD78C80BF6523DAB7B18FB02', 'err_code': '0', 'err_msg': '成功', 'timestamp': '1629276169', 'time_cost': '1.542', 'datas': [{'cid': '8901714857951496', 'admin_account': 'kaikai4551', 'admin_uid': '8901714857951497'}]}
2021-08-18 16:42:49.513 | INFO     | common.data_process:assert_result:113 - 第1个断言,实际结果:成功 | 预期结果:成功 
断言结果 True
2021-08-18 16:45:36.370 | ERROR    | common:extractor:26 - 提取不到内容，丢给你一个错误！'bool' object is not subscriptable
2021-08-18 16:45:39.559 | INFO     | base.base_requests:send_api:97 - 
最终请求地址:http://10.229.1.237:8787/corpmanage/createuser
请求方法:post
请求头:{'Accept-Encoding': 'gzip, deflate', 'Accept-Language': 'zh-CN,zh;q=0.9', 'User-Agent': 'Mozilla/5.0 (Windows NT 10.0; Win64; x64) AppleWebKit/537.36 (KHTML, like Gecko) Chrome/86.0.4240.198 Safari/537.36'}
请求参数:{'trans_id': '07450951BD78C80BF6523DAB7B18FB02', 'access_token': 'null', 'cid': '8901714857951496', 'client_ver': '3.1.0', 'dev_type': '7', 'operator_uid': '8901714857951497', 'name': 'pytest_testt1', 'account': 'pytest_testt1', 'dept_position': [{'did': '0', 'pos_name': ''}], 'en_name': '', 'gender': '1', 'email': 'meiqianchifa@163.com', 'pwd': '11111111', 'tel': '', 'mobile': '', 'role_id': '30', 'avatar': '', 'desp': '', 'custom_data': {}, 'deptDatas': []}
上传文件:None
响应数据:{'trans_id': '07450951BD78C80BF6523DAB7B18FB02', 'err_code': '10000007', 'err_msg': '非法 token', 'timestamp': '1629276339', 'time_cost': ''}
2021-08-18 16:45:39.565 | INFO     | common.data_process:save_response:21 - 添加key: test_004, 对应value: {'trans_id': '07450951BD78C80BF6523DAB7B18FB02', 'err_code': '10000007', 'err_msg': '非法 token', 'timestamp': '1629276339', 'time_cost': ''}
2021-08-18 16:46:02.097 | INFO     | common.data_process:assert_result:113 - 第1个断言,实际结果:非法 token | 预期结果:成功 
断言结果 False
2021-08-18 16:46:03.094 | ERROR    | common:extractor:26 - 提取不到内容，丢给你一个错误！'bool' object is not subscriptable
2021-08-18 16:46:07.897 | INFO     | base.base_requests:send_api:97 - 
最终请求地址:http://10.229.1.237:8787/corpmanage/createuser
请求方法:post
请求头:{'Accept-Encoding': 'gzip, deflate', 'Accept-Language': 'zh-CN,zh;q=0.9', 'User-Agent': 'Mozilla/5.0 (Windows NT 10.0; Win64; x64) AppleWebKit/537.36 (KHTML, like Gecko) Chrome/86.0.4240.198 Safari/537.36'}
请求参数:{'trans_id': '07450951BD78C80BF6523DAB7B18FB02', 'access_token': 'null', 'cid': '8901714857951496', 'client_ver': '3.1.0', 'dev_type': '7', 'operator_uid': '8901714857951497', 'name': 'pytest_testt2', 'account': 'pytest_testt2', 'dept_position': [{'did': '0', 'pos_name': ''}], 'en_name': '', 'gender': '1', 'email': 'meiqianchifa@163.com', 'pwd': '11111111', 'tel': '', 'mobile': '', 'role_id': '20', 'avatar': '', 'desp': '', 'custom_data': {}, 'deptDatas': []}
上传文件:None
响应数据:{'trans_id': '07450951BD78C80BF6523DAB7B18FB02', 'err_code': '10000007', 'err_msg': '非法 token', 'timestamp': '1629276367', 'time_cost': ''}
2021-08-18 16:46:07.904 | INFO     | common.data_process:save_response:21 - 添加key: test_005, 对应value: {'trans_id': '07450951BD78C80BF6523DAB7B18FB02', 'err_code': '10000007', 'err_msg': '非法 token', 'timestamp': '1629276367', 'time_cost': ''}
2021-08-18 16:46:10.360 | INFO     | common.data_process:assert_result:113 - 第1个断言,实际结果:非法 token | 预期结果:成功 
断言结果 False
2021-08-18 16:46:18.386 | ERROR    | common:extractor:26 - 提取不到内容，丢给你一个错误！'bool' object is not subscriptable
2021-08-18 16:46:28.282 | INFO     | base.base_requests:send_api:97 - 
最终请求地址:http://10.229.1.237:8787/corpmanage/createdept
请求方法:post
请求头:{'Accept-Encoding': 'gzip, deflate', 'Accept-Language': 'zh-CN,zh;q=0.9', 'User-Agent': 'Mozilla/5.0 (Windows NT 10.0; Win64; x64) AppleWebKit/537.36 (KHTML, like Gecko) Chrome/86.0.4240.198 Safari/537.36'}
请求参数:{'trans_id': '07450951BD78C80BF6523DAB7B18FB02', 'access_token': 'null', 'cid': '8901714857951496', 'client_ver': '3.1.0', 'dev_type': '7', 'operator_uid': '8901714857951497', 'pid': '0', 'name': 'pytest-dept', 'dept_group': '0', 'recursive_add_member': '0'}
上传文件:None
响应数据:{'trans_id': '07450951BD78C80BF6523DAB7B18FB02', 'err_code': '10000007', 'err_msg': '非法 token', 'timestamp': '1629276388', 'time_cost': ''}
2021-08-18 16:46:28.290 | INFO     | common.data_process:save_response:21 - 添加key: test_006, 对应value: {'trans_id': '07450951BD78C80BF6523DAB7B18FB02', 'err_code': '10000007', 'err_msg': '非法 token', 'timestamp': '1629276388', 'time_cost': ''}
