2021-08-18 16:39:16.590 | INFO     | __main__:run:15 - 开始测试...
2021-08-18 16:39:17.542 | INFO     | base.base_requests:send_api:97 - 
最终请求地址:http://10.229.1.237:8888/v1/gettoken?corpid=8901714857951333&corpsecret=5ZXPVBiimgMOsHiYOMsJOcR9mnAiF9SM
请求方法:get
请求头:{'Accept-Encoding': 'gzip, deflate', 'Accept-Language': 'zh-CN,zh;q=0.9', 'User-Agent': 'Mozilla/5.0 (Windows NT 10.0; Win64; x64) AppleWebKit/537.36 (KHTML, like Gecko) Chrome/86.0.4240.198 Safari/537.36'}
请求参数:{'corpid': '8901714857951333', 'corpsecret': '5ZXPVBiimgMOsHiYOMsJOcR9mnAiF9SM'}
上传文件:None
响应数据:{'errcode': '0', 'errmsg': '成功', 'access_token': 'i5NwsdQbL5R54IeqfkAlpT3LooSFJ8cs'}
2021-08-18 16:39:17.554 | ERROR    | common:extractor:26 - 提取不到内容，丢给你一个错误！'bool' object is not subscriptable
2021-08-18 16:39:17.560 | INFO     | common.data_process:save_response:21 - 添加key: case_001, 对应value: {'errcode': '0', 'errmsg': '成功', 'access_token': 'i5NwsdQbL5R54IeqfkAlpT3LooSFJ8cs'}
2021-08-18 16:39:17.568 | INFO     | common.data_process:assert_result:113 - 第1个断言,实际结果:成功 | 预期结果:成功 
断言结果 True
2021-08-18 16:39:17.689 | INFO     | base.base_requests:send_api:97 - 
最终请求地址:http://10.229.1.237:8888/v1/gettoken
请求方法:get
请求头:{'Accept-Encoding': 'gzip, deflate', 'Accept-Language': 'zh-CN,zh;q=0.9', 'User-Agent': 'Mozilla/5.0 (Windows NT 10.0; Win64; x64) AppleWebKit/537.36 (KHTML, like Gecko) Chrome/86.0.4240.198 Safari/537.36'}
请求参数:None
上传文件:None
响应数据:{'errcode': '100001', 'errmsg': '参数缺失'}
2021-08-18 16:39:17.707 | INFO     | common.data_process:save_response:21 - 添加key: case_002, 对应value: {'errcode': '100001', 'errmsg': '参数缺失'}
2021-08-18 16:39:17.717 | INFO     | common.data_process:assert_result:113 - 第1个断言,实际结果:参数缺失 | 预期结果:参数缺失 
断言结果 True
2021-08-18 16:39:17.862 | INFO     | base.base_requests:send_api:97 - 
最终请求地址:http://10.229.1.237:8888/v1/getcloudtoken?cloudsecret=QMCqzBHID04K60epIavwBLnp8V5Z4ucd
请求方法:get
请求头:{'Accept-Encoding': 'gzip, deflate', 'Accept-Language': 'zh-CN,zh;q=0.9', 'User-Agent': 'Mozilla/5.0 (Windows NT 10.0; Win64; x64) AppleWebKit/537.36 (KHTML, like Gecko) Chrome/86.0.4240.198 Safari/537.36'}
请求参数:{'cloudsecret': 'QMCqzBHID04K60epIavwBLnp8V5Z4ucd'}
上传文件:None
响应数据:{'errcode': '0', 'errmsg': '成功', 'access_token': 'SQ1pCzFTVNvAHYtKuyhcsQzTARwLxbz0'}
2021-08-18 16:39:17.876 | INFO     | common.data_process:save_response:21 - 添加key: case_003, 对应value: {'errcode': '0', 'errmsg': '成功', 'access_token': 'SQ1pCzFTVNvAHYtKuyhcsQzTARwLxbz0'}
2021-08-18 16:39:17.884 | INFO     | common.data_process:assert_result:113 - 第1个断言,实际结果:成功 | 预期结果:成功 
断言结果 True
2021-08-18 16:39:17.987 | INFO     | base.base_requests:send_api:97 - 
最终请求地址:http://10.229.1.237:8888/v1/getcloudtoken?cloudsecret=
请求方法:get
请求头:{'Accept-Encoding': 'gzip, deflate', 'Accept-Language': 'zh-CN,zh;q=0.9', 'User-Agent': 'Mozilla/5.0 (Windows NT 10.0; Win64; x64) AppleWebKit/537.36 (KHTML, like Gecko) Chrome/86.0.4240.198 Safari/537.36'}
请求参数:{'cloudsecret': ''}
上传文件:None
响应数据:{'errcode': '100001', 'errmsg': '参数缺失'}
2021-08-18 16:39:17.997 | INFO     | common.data_process:save_response:21 - 添加key: case_004, 对应value: {'errcode': '100001', 'errmsg': '参数缺失'}
2021-08-18 16:39:18.005 | INFO     | common.data_process:assert_result:113 - 第1个断言,实际结果:参数缺失 | 预期结果:参数缺失 
断言结果 True
2021-08-18 16:39:18.101 | INFO     | base.base_requests:send_api:97 - 
最终请求地址:http://10.229.1.237:8888/v1/corp/createcorp?access_token=SQ1pCzFTVNvAHYtKuyhcsQzTARwLxbz0
请求方法:post
请求头:{'Accept-Encoding': 'gzip, deflate', 'Accept-Language': 'zh-CN,zh;q=0.9', 'User-Agent': 'Mozilla/5.0 (Windows NT 10.0; Win64; x64) AppleWebKit/537.36 (KHTML, like Gecko) Chrome/86.0.4240.198 Safari/537.36'}
请求参数:{'admin_name': 'admin', 'corp_name': '', 'account_number': '100'}
上传文件:None
响应数据:{'errcode': '100001', 'errmsg': '参数缺失'}
2021-08-18 16:39:18.114 | INFO     | common.data_process:save_response:21 - 添加key: case_006, 对应value: {'errcode': '100001', 'errmsg': '参数缺失'}
2021-08-18 16:39:18.122 | INFO     | common.data_process:assert_result:113 - 第1个断言,实际结果:参数缺失 | 预期结果:参数缺失 
断言结果 True
2021-08-18 16:39:18.355 | INFO     | base.base_requests:send_api:97 - 
最终请求地址:http://10.229.1.237:8888/v1/corp/extattr/get?access_token=i5NwsdQbL5R54IeqfkAlpT3LooSFJ8cs
请求方法:get
请求头:{'Accept-Encoding': 'gzip, deflate', 'Accept-Language': 'zh-CN,zh;q=0.9', 'User-Agent': 'Mozilla/5.0 (Windows NT 10.0; Win64; x64) AppleWebKit/537.36 (KHTML, like Gecko) Chrome/86.0.4240.198 Safari/537.36'}
请求参数:None
上传文件:None
响应数据:{'errcode': '0', 'errmsg': '成功', 'datas': []}
2021-08-18 16:39:18.370 | INFO     | common.data_process:save_response:21 - 添加key: case_008, 对应value: {'errcode': '0', 'errmsg': '成功', 'datas': []}
2021-08-18 16:39:18.379 | INFO     | common.data_process:assert_result:113 - 第1个断言,实际结果:成功 | 预期结果:成功 
断言结果 True
2021-08-18 16:39:18.714 | INFO     | base.base_requests:send_api:97 - 
最终请求地址:http://10.229.1.237:8888/v1/dept/create?access_token=i5NwsdQbL5R54IeqfkAlpT3LooSFJ8cs
请求方法:post
请求头:{'Accept-Encoding': 'gzip, deflate', 'Accept-Language': 'zh-CN,zh;q=0.9', 'User-Agent': 'Mozilla/5.0 (Windows NT 10.0; Win64; x64) AppleWebKit/537.36 (KHTML, like Gecko) Chrome/86.0.4240.198 Safari/537.36'}
请求参数:{'pid': '0', 'name': '接口测试部门'}
上传文件:None
响应数据:{'errcode': '0', 'errmsg': '成功', 'did': '268435688'}
2021-08-18 16:39:18.729 | INFO     | common.data_process:save_response:21 - 添加key: case_009, 对应value: {'errcode': '0', 'errmsg': '成功', 'did': '268435688'}
2021-08-18 16:39:18.737 | INFO     | common.data_process:assert_result:113 - 第1个断言,实际结果:成功 | 预期结果:成功 
断言结果 True
2021-08-18 16:39:18.844 | INFO     | base.base_requests:send_api:97 - 
最终请求地址:http://10.229.1.237:8888/v1/dept/create?access_token=i5NwsdQbL5R54IeqfkAlpT3LooSFJ8cs
请求方法:post
请求头:{'Accept-Encoding': 'gzip, deflate', 'Accept-Language': 'zh-CN,zh;q=0.9', 'User-Agent': 'Mozilla/5.0 (Windows NT 10.0; Win64; x64) AppleWebKit/537.36 (KHTML, like Gecko) Chrome/86.0.4240.198 Safari/537.36'}
请求参数:{'pid': '0', 'name': ''}
上传文件:None
响应数据:{'errcode': '100001', 'errmsg': '参数缺失'}
2021-08-18 16:39:18.854 | INFO     | common.data_process:save_response:21 - 添加key: case_010, 对应value: {'errcode': '100001', 'errmsg': '参数缺失'}
2021-08-18 16:39:18.861 | INFO     | common.data_process:assert_result:113 - 第1个断言,实际结果:参数缺失 | 预期结果:参数缺失 
断言结果 True
2021-08-18 16:39:18.963 | INFO     | base.base_requests:send_api:97 - 
最终请求地址:http://10.229.1.237:8888/v1/dept/create?access_token=i5NwsdQbL5R54IeqfkAlpT3LooSFJ8cs
请求方法:post
请求头:{'Accept-Encoding': 'gzip, deflate', 'Accept-Language': 'zh-CN,zh;q=0.9', 'User-Agent': 'Mozilla/5.0 (Windows NT 10.0; Win64; x64) AppleWebKit/537.36 (KHTML, like Gecko) Chrome/86.0.4240.198 Safari/537.36'}
请求参数:{'pid': '0'}
上传文件:None
响应数据:{'errcode': '100001', 'errmsg': '参数缺失'}
2021-08-18 16:39:18.982 | INFO     | common.data_process:save_response:21 - 添加key: case_011, 对应value: {'errcode': '100001', 'errmsg': '参数缺失'}
2021-08-18 16:39:18.991 | INFO     | common.data_process:assert_result:113 - 第1个断言,实际结果:参数缺失 | 预期结果:参数缺失 
断言结果 True
2021-08-18 16:39:19.676 | INFO     | base.base_requests:send_api:97 - 
最终请求地址:http://10.229.1.237:8888/v1/user/create?access_token=i5NwsdQbL5R54IeqfkAlpT3LooSFJ8cs
请求方法:post
请求头:{'Accept-Encoding': 'gzip, deflate', 'Accept-Language': 'zh-CN,zh;q=0.9', 'User-Agent': 'Mozilla/5.0 (Windows NT 10.0; Win64; x64) AppleWebKit/537.36 (KHTML, like Gecko) Chrome/86.0.4240.198 Safari/537.36'}
请求参数:{'name': '部门里添加一人', 'department': [{'did': '268435688', 'order': '2', 'posName': 'ceo'}], 'gender': '1', 'sign': '故意添加一位作为群无法删除的条件', 'enName': 'lucky', 'tel': '0215553222', 'mobile': '15000000000'}
上传文件:None
响应数据:{'errcode': '0', 'errmsg': '成功', 'uid': '8901714857951465'}
2021-08-18 16:39:19.685 | INFO     | common.data_process:save_response:21 - 添加key: case_012, 对应value: {'errcode': '0', 'errmsg': '成功', 'uid': '8901714857951465'}
2021-08-18 16:39:19.692 | INFO     | common.data_process:assert_result:113 - 第1个断言,实际结果:成功 | 预期结果:成功 
断言结果 True
2021-08-18 16:39:19.917 | INFO     | base.base_requests:send_api:97 - 
最终请求地址:http://10.229.1.237:8888/v1/dept/update?access_token=i5NwsdQbL5R54IeqfkAlpT3LooSFJ8cs
请求方法:post
请求头:{'Accept-Encoding': 'gzip, deflate', 'Accept-Language': 'zh-CN,zh;q=0.9', 'User-Agent': 'Mozilla/5.0 (Windows NT 10.0; Win64; x64) AppleWebKit/537.36 (KHTML, like Gecko) Chrome/86.0.4240.198 Safari/537.36'}
请求参数:{'name': '更新的部门', 'did': '268435688'}
上传文件:None
响应数据:{'errcode': '0', 'errmsg': '成功'}
2021-08-18 16:39:19.929 | INFO     | common.data_process:save_response:21 - 添加key: case_013, 对应value: {'errcode': '0', 'errmsg': '成功'}
2021-08-18 16:39:19.938 | INFO     | common.data_process:assert_result:113 - 第1个断言,实际结果:成功 | 预期结果:成功 
断言结果 True
2021-08-18 16:39:20.050 | INFO     | base.base_requests:send_api:97 - 
最终请求地址:http://10.229.1.237:8888/v1/dept/update?access_token=i5NwsdQbL5R54IeqfkAlpT3LooSFJ8cs
请求方法:post
请求头:{'Accept-Encoding': 'gzip, deflate', 'Accept-Language': 'zh-CN,zh;q=0.9', 'User-Agent': 'Mozilla/5.0 (Windows NT 10.0; Win64; x64) AppleWebKit/537.36 (KHTML, like Gecko) Chrome/86.0.4240.198 Safari/537.36'}
请求参数:{'name': '更新的部门', 'did': ''}
上传文件:None
响应数据:{'errcode': '100001', 'errmsg': '参数缺失'}
2021-08-18 16:39:20.059 | INFO     | common.data_process:save_response:21 - 添加key: case_014, 对应value: {'errcode': '100001', 'errmsg': '参数缺失'}
2021-08-18 16:39:20.066 | INFO     | common.data_process:assert_result:113 - 第1个断言,实际结果:参数缺失 | 预期结果:参数缺失 
断言结果 True
2021-08-18 16:39:20.173 | INFO     | base.base_requests:send_api:97 - 
最终请求地址:http://10.229.1.237:8888/v1/dept/update?access_token=i5NwsdQbL5R54IeqfkAlpT3LooSFJ8cs
请求方法:post
请求头:{'Accept-Encoding': 'gzip, deflate', 'Accept-Language': 'zh-CN,zh;q=0.9', 'User-Agent': 'Mozilla/5.0 (Windows NT 10.0; Win64; x64) AppleWebKit/537.36 (KHTML, like Gecko) Chrome/86.0.4240.198 Safari/537.36'}
请求参数:{'name': '更新的部门'}
上传文件:None
响应数据:{'errcode': '100001', 'errmsg': '参数缺失'}
2021-08-18 16:39:20.184 | INFO     | common.data_process:save_response:21 - 添加key: case_015, 对应value: {'errcode': '100001', 'errmsg': '参数缺失'}
2021-08-18 16:39:20.194 | INFO     | common.data_process:assert_result:113 - 第1个断言,实际结果:参数缺失 | 预期结果:参数缺失 
断言结果 True
2021-08-18 16:39:20.435 | INFO     | base.base_requests:send_api:97 - 
最终请求地址:http://10.229.1.237:8888/v1/dept/list?access_token=i5NwsdQbL5R54IeqfkAlpT3LooSFJ8cs&did=268435688
请求方法:get
请求头:{'Accept-Encoding': 'gzip, deflate', 'Accept-Language': 'zh-CN,zh;q=0.9', 'User-Agent': 'Mozilla/5.0 (Windows NT 10.0; Win64; x64) AppleWebKit/537.36 (KHTML, like Gecko) Chrome/86.0.4240.198 Safari/537.36'}
请求参数:{'did': '268435688'}
上传文件:None
响应数据:{'errcode': '0', 'errmsg': '成功', 'datas': []}
2021-08-18 16:39:20.447 | INFO     | common.data_process:save_response:21 - 添加key: case_016, 对应value: {'errcode': '0', 'errmsg': '成功', 'datas': []}
2021-08-18 16:39:20.456 | INFO     | common.data_process:assert_result:113 - 第1个断言,实际结果:成功 | 预期结果:成功 
断言结果 True
2021-08-18 16:39:20.571 | INFO     | base.base_requests:send_api:97 - 
最终请求地址:http://10.229.1.237:8888/v1/dept/list?access_token=i5NwsdQbL5R54IeqfkAlpT3LooSFJ8cs
请求方法:get
请求头:{'Accept-Encoding': 'gzip, deflate', 'Accept-Language': 'zh-CN,zh;q=0.9', 'User-Agent': 'Mozilla/5.0 (Windows NT 10.0; Win64; x64) AppleWebKit/537.36 (KHTML, like Gecko) Chrome/86.0.4240.198 Safari/537.36'}
请求参数:None
上传文件:None
响应数据:{'errcode': '100001', 'errmsg': '参数缺失'}
2021-08-18 16:39:20.580 | INFO     | common.data_process:save_response:21 - 添加key: case_017, 对应value: {'errcode': '100001', 'errmsg': '参数缺失'}
2021-08-18 16:39:20.589 | INFO     | common.data_process:assert_result:113 - 第1个断言,实际结果:参数缺失 | 预期结果:参数缺失 
断言结果 True
2021-08-18 16:39:20.826 | INFO     | base.base_requests:send_api:97 - 
最终请求地址:http://10.229.1.237:8888/v1/dept/relation?access_token=i5NwsdQbL5R54IeqfkAlpT3LooSFJ8cs&did=268435688
请求方法:get
请求头:{'Accept-Encoding': 'gzip, deflate', 'Accept-Language': 'zh-CN,zh;q=0.9', 'User-Agent': 'Mozilla/5.0 (Windows NT 10.0; Win64; x64) AppleWebKit/537.36 (KHTML, like Gecko) Chrome/86.0.4240.198 Safari/537.36'}
请求参数:{'did': '268435688'}
上传文件:None
响应数据:{'errcode': '0', 'errmsg': '成功', 'deptCount': '0', 'pageCount': '0', 'nextPage': '0', 'datas': []}
2021-08-18 16:39:20.836 | INFO     | common.data_process:save_response:21 - 添加key: case_018, 对应value: {'errcode': '0', 'errmsg': '成功', 'deptCount': '0', 'pageCount': '0', 'nextPage': '0', 'datas': []}
2021-08-18 16:39:20.847 | INFO     | common.data_process:assert_result:113 - 第1个断言,实际结果:成功 | 预期结果:成功 
断言结果 True
2021-08-18 16:39:21.112 | INFO     | base.base_requests:send_api:97 - 
最终请求地址:http://10.229.1.237:8888/v1/dept/relation?access_token=i5NwsdQbL5R54IeqfkAlpT3LooSFJ8cs
请求方法:get
请求头:{'Accept-Encoding': 'gzip, deflate', 'Accept-Language': 'zh-CN,zh;q=0.9', 'User-Agent': 'Mozilla/5.0 (Windows NT 10.0; Win64; x64) AppleWebKit/537.36 (KHTML, like Gecko) Chrome/86.0.4240.198 Safari/537.36'}
请求参数:None
上传文件:None
响应数据:{'errcode': '0', 'errmsg': '成功', 'deptCount': '1', 'pageCount': '1', 'nextPage': '1', 'datas': [{'did': '268435688', 'name': '更新的部门', 'desp': '', 'tel': '', 'pid': '0', 'order': '0', 'has_child': 'false', 'child': 'false'}]}
2021-08-18 16:39:21.126 | INFO     | common.data_process:save_response:21 - 添加key: case_019, 对应value: {'errcode': '0', 'errmsg': '成功', 'deptCount': '1', 'pageCount': '1', 'nextPage': '1', 'datas': [{'did': '268435688', 'name': '更新的部门', 'desp': '', 'tel': '', 'pid': '0', 'order': '0', 'has_child': 'false', 'child': 'false'}]}
2021-08-18 16:39:21.138 | INFO     | common.data_process:assert_result:113 - 第1个断言,实际结果:成功 | 预期结果:成功 
断言结果 True
2021-08-18 16:39:21.408 | INFO     | base.base_requests:send_api:97 - 
最终请求地址:http://10.229.1.237:8888/v1/dept/get?access_token=i5NwsdQbL5R54IeqfkAlpT3LooSFJ8cs&did=268435688
请求方法:get
请求头:{'Accept-Encoding': 'gzip, deflate', 'Accept-Language': 'zh-CN,zh;q=0.9', 'User-Agent': 'Mozilla/5.0 (Windows NT 10.0; Win64; x64) AppleWebKit/537.36 (KHTML, like Gecko) Chrome/86.0.4240.198 Safari/537.36'}
请求参数:{'did': '268435688'}
上传文件:None
响应数据:{'errcode': '0', 'errmsg': '成功', 'did': '268435688', 'name': '更新的部门', 'desp': '', 'tel': '', 'pid': '0', 'order': '0', 'has_child': 'false', 'dept_group': 'false'}
2021-08-18 16:39:21.442 | INFO     | common.data_process:save_response:21 - 添加key: case_020, 对应value: {'errcode': '0', 'errmsg': '成功', 'did': '268435688', 'name': '更新的部门', 'desp': '', 'tel': '', 'pid': '0', 'order': '0', 'has_child': 'false', 'dept_group': 'false'}
2021-08-18 16:39:21.457 | INFO     | common.data_process:assert_result:113 - 第1个断言,实际结果:成功 | 预期结果:成功 
断言结果 True
2021-08-18 16:39:21.563 | INFO     | base.base_requests:send_api:97 - 
最终请求地址:http://10.229.1.237:8888/v1/dept/get?access_token=i5NwsdQbL5R54IeqfkAlpT3LooSFJ8cs
请求方法:get
请求头:{'Accept-Encoding': 'gzip, deflate', 'Accept-Language': 'zh-CN,zh;q=0.9', 'User-Agent': 'Mozilla/5.0 (Windows NT 10.0; Win64; x64) AppleWebKit/537.36 (KHTML, like Gecko) Chrome/86.0.4240.198 Safari/537.36'}
请求参数:None
上传文件:None
响应数据:{'errcode': '100001', 'errmsg': '参数缺失'}
2021-08-18 16:39:21.575 | INFO     | common.data_process:save_response:21 - 添加key: case_021, 对应value: {'errcode': '100001', 'errmsg': '参数缺失'}
2021-08-18 16:39:21.586 | INFO     | common.data_process:assert_result:113 - 第1个断言,实际结果:参数缺失 | 预期结果:参数缺失 
断言结果 True
2021-08-18 16:39:21.812 | INFO     | base.base_requests:send_api:97 - 
最终请求地址:http://10.229.1.237:8888/v1/media/upload?access_token=i5NwsdQbL5R54IeqfkAlpT3LooSFJ8cs
请求方法:post
请求头:{'Accept-Encoding': 'gzip, deflate', 'Accept-Language': 'zh-CN,zh;q=0.9', 'User-Agent': 'Mozilla/5.0 (Windows NT 10.0; Win64; x64) AppleWebKit/537.36 (KHTML, like Gecko) Chrome/86.0.4240.198 Safari/537.36'}
请求参数:{'type': 'image'}
上传文件:{'media': <_io.BufferedReader name='D:\\my-api\\data/file\\等于100k.jpg'>}
响应数据:{'errcode': '0', 'errmsg': '成功', 'type': 'image', 'media_id': '611cc739ee9eaccade410751', 'media_url': 'http://10.229.1.237:8989/uploads/image/20210818/36/36ecf235041ceac97966e04405bcad86.jpeg', 'created_at': '1629275961'}
2021-08-18 16:39:21.821 | INFO     | common.data_process:save_response:21 - 添加key: case_022, 对应value: {'errcode': '0', 'errmsg': '成功', 'type': 'image', 'media_id': '611cc739ee9eaccade410751', 'media_url': 'http://10.229.1.237:8989/uploads/image/20210818/36/36ecf235041ceac97966e04405bcad86.jpeg', 'created_at': '1629275961'}
2021-08-18 16:39:21.830 | INFO     | common.data_process:assert_result:113 - 第1个断言,实际结果:成功 | 预期结果:成功 
断言结果 True
2021-08-18 16:39:21.835 | INFO     | common.data_process:assert_result:113 - 第2个断言,实际结果:image | 预期结果:image 
断言结果 True
2021-08-18 16:39:21.983 | INFO     | base.base_requests:send_api:97 - 
最终请求地址:http://10.229.1.237:8888/v1/media/upload?access_token=i5NwsdQbL5R54IeqfkAlpT3LooSFJ8cs
请求方法:post
请求头:{'Accept-Encoding': 'gzip, deflate', 'Accept-Language': 'zh-CN,zh;q=0.9', 'User-Agent': 'Mozilla/5.0 (Windows NT 10.0; Win64; x64) AppleWebKit/537.36 (KHTML, like Gecko) Chrome/86.0.4240.198 Safari/537.36'}
请求参数:{'type': 'file'}
上传文件:{'media': <_io.BufferedReader name='D:\\my-api\\data/file\\富文本.xls'>}
响应数据:{'errcode': '0', 'errmsg': '成功', 'type': 'file', 'media_id': '611cc73aee9eaccadc391261', 'media_url': 'http://10.229.1.237:8989/uploads/file/20210818/15/15d91375b962651eaf1aa48902dcc3fc', 'created_at': '1629275962'}
2021-08-18 16:39:21.993 | INFO     | common.data_process:save_response:21 - 添加key: case_025, 对应value: {'errcode': '0', 'errmsg': '成功', 'type': 'file', 'media_id': '611cc73aee9eaccadc391261', 'media_url': 'http://10.229.1.237:8989/uploads/file/20210818/15/15d91375b962651eaf1aa48902dcc3fc', 'created_at': '1629275962'}
2021-08-18 16:39:22.002 | INFO     | common.data_process:assert_result:113 - 第1个断言,实际结果:成功 | 预期结果:成功 
断言结果 True
2021-08-18 16:39:22.176 | INFO     | base.base_requests:send_api:97 - 
最终请求地址:http://10.229.1.237:8888/v1/media/upload?access_token=i5NwsdQbL5R54IeqfkAlpT3LooSFJ8cs
请求方法:post
请求头:{'Accept-Encoding': 'gzip, deflate', 'Accept-Language': 'zh-CN,zh;q=0.9', 'User-Agent': 'Mozilla/5.0 (Windows NT 10.0; Win64; x64) AppleWebKit/537.36 (KHTML, like Gecko) Chrome/86.0.4240.198 Safari/537.36'}
请求参数:{'type': 'file'}
上传文件:{'media': <_io.BufferedReader name='D:\\my-api\\data/file\\敏捷项目 - 测试流程规范.docx'>}
响应数据:{'errcode': '0', 'errmsg': '成功', 'type': 'file', 'media_id': '611cc73aee9eaccad762c771', 'media_url': 'http://10.229.1.237:8989/uploads/file/20210818/5e/5ea9d08ff8f958304cc413f5f5c45a07.bin', 'created_at': '1629275962'}
2021-08-18 16:39:22.193 | INFO     | common.data_process:save_response:21 - 添加key: case_026, 对应value: {'errcode': '0', 'errmsg': '成功', 'type': 'file', 'media_id': '611cc73aee9eaccad762c771', 'media_url': 'http://10.229.1.237:8989/uploads/file/20210818/5e/5ea9d08ff8f958304cc413f5f5c45a07.bin', 'created_at': '1629275962'}
2021-08-18 16:39:22.204 | INFO     | common.data_process:assert_result:113 - 第1个断言,实际结果:成功 | 预期结果:成功 
断言结果 True
2021-08-18 16:39:22.355 | INFO     | base.base_requests:send_api:97 - 
最终请求地址:http://10.229.1.237:8888/v1/media/upload?access_token=i5NwsdQbL5R54IeqfkAlpT3LooSFJ8cs
请求方法:post
请求头:{'Accept-Encoding': 'gzip, deflate', 'Accept-Language': 'zh-CN,zh;q=0.9', 'User-Agent': 'Mozilla/5.0 (Windows NT 10.0; Win64; x64) AppleWebKit/537.36 (KHTML, like Gecko) Chrome/86.0.4240.198 Safari/537.36'}
请求参数:{'type': 'file'}
上传文件:{'media': <_io.BufferedReader name='D:\\my-api\\data/file\\敏捷项目 - 测试流程规范.pdf'>}
响应数据:{'errcode': '0', 'errmsg': '成功', 'type': 'file', 'media_id': '611cc73aee9eaccabd5b6861', 'media_url': 'http://10.229.1.237:8989/uploads/file/20210818/94/94f65cc19519817f682d254378a97835.pdf', 'created_at': '1629275962'}
2021-08-18 16:39:22.365 | INFO     | common.data_process:save_response:21 - 添加key: case_027, 对应value: {'errcode': '0', 'errmsg': '成功', 'type': 'file', 'media_id': '611cc73aee9eaccabd5b6861', 'media_url': 'http://10.229.1.237:8989/uploads/file/20210818/94/94f65cc19519817f682d254378a97835.pdf', 'created_at': '1629275962'}
2021-08-18 16:39:22.373 | INFO     | common.data_process:assert_result:113 - 第1个断言,实际结果:成功 | 预期结果:成功 
断言结果 True
2021-08-18 16:39:23.033 | INFO     | base.base_requests:send_api:97 - 
最终请求地址:http://10.229.1.237:8888/v1/user/create?access_token=i5NwsdQbL5R54IeqfkAlpT3LooSFJ8cs
请求方法:post
请求头:{'Accept-Encoding': 'gzip, deflate', 'Accept-Language': 'zh-CN,zh;q=0.9', 'User-Agent': 'Mozilla/5.0 (Windows NT 10.0; Win64; x64) AppleWebKit/537.36 (KHTML, like Gecko) Chrome/86.0.4240.198 Safari/537.36'}
请求参数:{'name': '开开真帅', 'department': [{'did': '268435688', 'order': '1', 'posName': 'ceo'}], 'gender': '1', 'sign': '刘哥太帅了！不解释！', 'enName': 'lucky', 'tel': '0215553222', 'mobile': '15000000000'}
上传文件:None
响应数据:{'errcode': '0', 'errmsg': '成功', 'uid': '8901714857951466'}
2021-08-18 16:39:23.042 | INFO     | common.data_process:save_response:21 - 添加key: case_028, 对应value: {'errcode': '0', 'errmsg': '成功', 'uid': '8901714857951466'}
2021-08-18 16:39:23.050 | INFO     | common.data_process:assert_result:113 - 第1个断言,实际结果:成功 | 预期结果:成功 
断言结果 True
2021-08-18 16:39:23.346 | INFO     | base.base_requests:send_api:97 - 
最终请求地址:http://10.229.1.237:8888/v1/user/create?access_token=i5NwsdQbL5R54IeqfkAlpT3LooSFJ8cs
请求方法:post
请求头:{'Accept-Encoding': 'gzip, deflate', 'Accept-Language': 'zh-CN,zh;q=0.9', 'User-Agent': 'Mozilla/5.0 (Windows NT 10.0; Win64; x64) AppleWebKit/537.36 (KHTML, like Gecko) Chrome/86.0.4240.198 Safari/537.36'}
请求参数:{'name': '开开真帅', 'department': [{'did': '268435688', 'order': '1', 'posName': 'ceo'}], 'gender': '1', 'sign': '刘哥太帅了！不解释！', 'enName': 'lucky', 'tel': '0215553222', 'mobile': '15000000000'}
上传文件:None
响应数据:{'errcode': '220001', 'errmsg': '用户帐号已存在'}
2021-08-18 16:39:23.356 | INFO     | common.data_process:save_response:21 - 添加key: case_029, 对应value: {'errcode': '220001', 'errmsg': '用户帐号已存在'}
2021-08-18 16:39:23.366 | INFO     | common.data_process:assert_result:113 - 第1个断言,实际结果:用户帐号已存在 | 预期结果:用户帐号已存在 
断言结果 True
2021-08-18 16:39:23.481 | INFO     | base.base_requests:send_api:97 - 
最终请求地址:http://10.229.1.237:8888/v1/user/create?access_token=i5NwsdQbL5R54IeqfkAlpT3LooSFJ8cs
请求方法:post
请求头:{'Accept-Encoding': 'gzip, deflate', 'Accept-Language': 'zh-CN,zh;q=0.9', 'User-Agent': 'Mozilla/5.0 (Windows NT 10.0; Win64; x64) AppleWebKit/537.36 (KHTML, like Gecko) Chrome/86.0.4240.198 Safari/537.36'}
请求参数:{'name': '开开真帅', 'gender': '1', 'sign': '刘哥太帅了！不解释！', 'enName': 'lucky', 'tel': '0215553222', 'mobile': '15000000000'}
上传文件:None
响应数据:{'errcode': '100001', 'errmsg': '参数缺失'}
2021-08-18 16:39:23.490 | INFO     | common.data_process:save_response:21 - 添加key: case_030, 对应value: {'errcode': '100001', 'errmsg': '参数缺失'}
2021-08-18 16:39:23.500 | INFO     | common.data_process:assert_result:113 - 第1个断言,实际结果:参数缺失 | 预期结果:参数缺失 
断言结果 True
2021-08-18 16:39:23.716 | INFO     | base.base_requests:send_api:97 - 
最终请求地址:http://10.229.1.237:8888/v1/user/create?access_token=i5NwsdQbL5R54IeqfkAlpT3LooSFJ8cs
请求方法:post
请求头:{'Accept-Encoding': 'gzip, deflate', 'Accept-Language': 'zh-CN,zh;q=0.9', 'User-Agent': 'Mozilla/5.0 (Windows NT 10.0; Win64; x64) AppleWebKit/537.36 (KHTML, like Gecko) Chrome/86.0.4240.198 Safari/537.36'}
请求参数:{'name': '开开真帅', 'department': [{'did': '268628868', 'order': '1', 'posName': 'ceo'}], 'gender': '1', 'sign': '刘哥太帅了！不解释！', 'enName': 'lucky', 'tel': '0215553222', 'mobile': '15000000000'}
上传文件:None
响应数据:{'errcode': '210005', 'errmsg': '部门不存在或部门id有误'}
2021-08-18 16:39:23.726 | INFO     | common.data_process:save_response:21 - 添加key: case_031, 对应value: {'errcode': '210005', 'errmsg': '部门不存在或部门id有误'}
2021-08-18 16:39:23.737 | INFO     | common.data_process:assert_result:113 - 第1个断言,实际结果:部门不存在或部门id有误 | 预期结果:部门不存在或部门id有误 
断言结果 True
2021-08-18 16:39:24.116 | INFO     | base.base_requests:send_api:97 - 
最终请求地址:http://10.229.1.237:8888/v1/user/update?access_token=i5NwsdQbL5R54IeqfkAlpT3LooSFJ8cs
请求方法:post
请求头:{'Accept-Encoding': 'gzip, deflate', 'Accept-Language': 'zh-CN,zh;q=0.9', 'User-Agent': 'Mozilla/5.0 (Windows NT 10.0; Win64; x64) AppleWebKit/537.36 (KHTML, like Gecko) Chrome/86.0.4240.198 Safari/537.36'}
请求参数:{'uid': '8901714857951466', 'name': '更新后的名字'}
上传文件:None
响应数据:{'errcode': '0', 'errmsg': '成功'}
2021-08-18 16:39:24.125 | INFO     | common.data_process:save_response:21 - 添加key: case_032, 对应value: {'errcode': '0', 'errmsg': '成功'}
2021-08-18 16:39:24.134 | INFO     | common.data_process:assert_result:113 - 第1个断言,实际结果:成功 | 预期结果:成功 
断言结果 True
2021-08-18 16:39:24.368 | INFO     | base.base_requests:send_api:97 - 
最终请求地址:http://10.229.1.237:8888/v1/user/update?access_token=i5NwsdQbL5R54IeqfkAlpT3LooSFJ8cs
请求方法:post
请求头:{'Accept-Encoding': 'gzip, deflate', 'Accept-Language': 'zh-CN,zh;q=0.9', 'User-Agent': 'Mozilla/5.0 (Windows NT 10.0; Win64; x64) AppleWebKit/537.36 (KHTML, like Gecko) Chrome/86.0.4240.198 Safari/537.36'}
请求参数:{'uid': '191761511520', 'name': '更新后的名字'}
上传文件:None
响应数据:{'errcode': '220013', 'errmsg': '用户不存在或用户id有误'}
2021-08-18 16:39:24.378 | INFO     | common.data_process:save_response:21 - 添加key: case_033, 对应value: {'errcode': '220013', 'errmsg': '用户不存在或用户id有误'}
2021-08-18 16:39:24.390 | INFO     | common.data_process:assert_result:113 - 第1个断言,实际结果:用户不存在或用户id有误 | 预期结果:用户不存在或用户id有误 
断言结果 True
2021-08-18 16:39:24.745 | INFO     | base.base_requests:send_api:97 - 
最终请求地址:http://10.229.1.237:8888/v1/user/get?access_token=i5NwsdQbL5R54IeqfkAlpT3LooSFJ8cs&userid=8901714857951466
请求方法:get
请求头:{'Accept-Encoding': 'gzip, deflate', 'Accept-Language': 'zh-CN,zh;q=0.9', 'User-Agent': 'Mozilla/5.0 (Windows NT 10.0; Win64; x64) AppleWebKit/537.36 (KHTML, like Gecko) Chrome/86.0.4240.198 Safari/537.36'}
请求参数:{'userid': '8901714857951466'}
上传文件:None
响应数据:{'errcode': '0', 'errmsg': '成功', 'account': 'kaikaizhenshuai', 'name': '更新后的名字', 'enName': 'lucky', 'gender': '1', 'sign': '刘哥太帅了！不解释！', 'email': '', 'avatar': '', 'tel': '0215553222', 'mobile': '15000000000', 'status': '1', 'deptData': [{'did': '268435688', 'name': '更新的部门', 'desp': '', 'pid': '0', 'order': '1', 'has_child': 'false', 'sourceDid': ''}], 'roleId': '30', 'staffId': '', 'posData': [{'did': '268435688', 'posId': '100', 'order': '0', 'posName': 'ceo'}], 'userid': '8901714857951466', 'extattr': [], 'avatarUrl': ''}
2021-08-18 16:39:24.758 | INFO     | common.data_process:save_response:21 - 添加key: case_034, 对应value: {'errcode': '0', 'errmsg': '成功', 'account': 'kaikaizhenshuai', 'name': '更新后的名字', 'enName': 'lucky', 'gender': '1', 'sign': '刘哥太帅了！不解释！', 'email': '', 'avatar': '', 'tel': '0215553222', 'mobile': '15000000000', 'status': '1', 'deptData': [{'did': '268435688', 'name': '更新的部门', 'desp': '', 'pid': '0', 'order': '1', 'has_child': 'false', 'sourceDid': ''}], 'roleId': '30', 'staffId': '', 'posData': [{'did': '268435688', 'posId': '100', 'order': '0', 'posName': 'ceo'}], 'userid': '8901714857951466', 'extattr': [], 'avatarUrl': ''}
2021-08-18 16:39:24.767 | INFO     | common.data_process:assert_result:113 - 第1个断言,实际结果:成功 | 预期结果:成功 
断言结果 True
2021-08-18 16:39:25.038 | INFO     | base.base_requests:send_api:97 - 
最终请求地址:http://10.229.1.237:8888/v1/user/list?access_token=i5NwsdQbL5R54IeqfkAlpT3LooSFJ8cs&did=268435688
请求方法:get
请求头:{'Accept-Encoding': 'gzip, deflate', 'Accept-Language': 'zh-CN,zh;q=0.9', 'User-Agent': 'Mozilla/5.0 (Windows NT 10.0; Win64; x64) AppleWebKit/537.36 (KHTML, like Gecko) Chrome/86.0.4240.198 Safari/537.36'}
请求参数:{'did': '268435688'}
上传文件:None
响应数据:{'errcode': '0', 'errmsg': '成功', 'datas': [{'uid': '8901714857951466', 'account': 'kaikaizhenshuai', 'name': '更新后的名字', 'enName': 'lucky', 'gender': '1', 'sign': '刘哥太帅了！不解释！', 'email': '', 'avatar': '', 'tel': '0215553222', 'mobile': '15000000000', 'status': '1', 'order': '1', 'orderTime': '1629275962', 'avatarUrl': ''}, {'uid': '8901714857951465', 'account': 'bumenlitianjiayiren', 'name': '部门里添加一人', 'enName': 'lucky', 'gender': '1', 'sign': '故意添加一位作为群无法删除的条件', 'email': '', 'avatar': '', 'tel': '0215553222', 'mobile': '15000000000', 'status': '1', 'order': '2', 'orderTime': '1629275959', 'avatarUrl': ''}]}
2021-08-18 16:39:25.056 | INFO     | common.data_process:save_response:21 - 添加key: case_035, 对应value: {'errcode': '0', 'errmsg': '成功', 'datas': [{'uid': '8901714857951466', 'account': 'kaikaizhenshuai', 'name': '更新后的名字', 'enName': 'lucky', 'gender': '1', 'sign': '刘哥太帅了！不解释！', 'email': '', 'avatar': '', 'tel': '0215553222', 'mobile': '15000000000', 'status': '1', 'order': '1', 'orderTime': '1629275962', 'avatarUrl': ''}, {'uid': '8901714857951465', 'account': 'bumenlitianjiayiren', 'name': '部门里添加一人', 'enName': 'lucky', 'gender': '1', 'sign': '故意添加一位作为群无法删除的条件', 'email': '', 'avatar': '', 'tel': '0215553222', 'mobile': '15000000000', 'status': '1', 'order': '2', 'orderTime': '1629275959', 'avatarUrl': ''}]}
2021-08-18 16:39:25.073 | INFO     | common.data_process:assert_result:113 - 第1个断言,实际结果:成功 | 预期结果:成功 
断言结果 True
2021-08-18 16:39:25.644 | INFO     | base.base_requests:send_api:97 - 
最终请求地址:http://10.229.1.237:8888/v1/user/delete?access_token=i5NwsdQbL5R54IeqfkAlpT3LooSFJ8cs&userid=8901714857951466
请求方法:get
请求头:{'Accept-Encoding': 'gzip, deflate', 'Accept-Language': 'zh-CN,zh;q=0.9', 'User-Agent': 'Mozilla/5.0 (Windows NT 10.0; Win64; x64) AppleWebKit/537.36 (KHTML, like Gecko) Chrome/86.0.4240.198 Safari/537.36'}
请求参数:{'userid': '8901714857951466'}
上传文件:None
响应数据:{'errcode': '0', 'errmsg': '成功'}
2021-08-18 16:39:25.652 | INFO     | common.data_process:save_response:21 - 添加key: case_036, 对应value: {'errcode': '0', 'errmsg': '成功'}
2021-08-18 16:39:25.662 | INFO     | common.data_process:assert_result:113 - 第1个断言,实际结果:成功 | 预期结果:成功 
断言结果 True
2021-08-18 16:39:26.328 | INFO     | base.base_requests:send_api:97 - 
最终请求地址:http://10.229.1.237:8888/v1/user/create?access_token=i5NwsdQbL5R54IeqfkAlpT3LooSFJ8cs
请求方法:post
请求头:{'Accept-Encoding': 'gzip, deflate', 'Accept-Language': 'zh-CN,zh;q=0.9', 'User-Agent': 'Mozilla/5.0 (Windows NT 10.0; Win64; x64) AppleWebKit/537.36 (KHTML, like Gecko) Chrome/86.0.4240.198 Safari/537.36'}
请求参数:{'name': '带头像的成员', 'avatar': '611cc739ee9eaccade410751', 'department': [{'did': '268435688', 'order': '2', 'posName': 'ceo'}], 'gender': '1', 'sign': '刘哥太帅了！不解释！', 'enName': 'lucky', 'tel': '0215553222', 'mobile': '15000000000'}
上传文件:None
响应数据:{'errcode': '0', 'errmsg': '成功', 'uid': '8901714857951467'}
2021-08-18 16:39:26.334 | INFO     | common.data_process:save_response:21 - 添加key: case_037, 对应value: {'errcode': '0', 'errmsg': '成功', 'uid': '8901714857951467'}
2021-08-18 16:39:26.343 | INFO     | common.data_process:assert_result:113 - 第1个断言,实际结果:成功 | 预期结果:成功 
断言结果 True
2021-08-18 16:39:26.901 | INFO     | base.base_requests:send_api:97 - 
最终请求地址:http://10.229.1.237:8888/v1/user/delete?access_token=i5NwsdQbL5R54IeqfkAlpT3LooSFJ8cs&userid=8901714857951467
请求方法:get
请求头:{'Accept-Encoding': 'gzip, deflate', 'Accept-Language': 'zh-CN,zh;q=0.9', 'User-Agent': 'Mozilla/5.0 (Windows NT 10.0; Win64; x64) AppleWebKit/537.36 (KHTML, like Gecko) Chrome/86.0.4240.198 Safari/537.36'}
请求参数:{'userid': '8901714857951467'}
上传文件:None
响应数据:{'errcode': '0', 'errmsg': '成功'}
2021-08-18 16:39:26.908 | INFO     | common.data_process:save_response:21 - 添加key: case_038, 对应value: {'errcode': '0', 'errmsg': '成功'}
2021-08-18 16:39:26.915 | INFO     | common.data_process:assert_result:113 - 第1个断言,实际结果:成功 | 预期结果:成功 
断言结果 True
2021-08-18 16:39:29.589 | INFO     | base.base_requests:send_api:97 - 
最终请求地址:http://10.229.1.237:8888/v1/user/batch/create?access_token=i5NwsdQbL5R54IeqfkAlpT3LooSFJ8cs
请求方法:post
请求头:{'Accept-Encoding': 'gzip, deflate', 'Accept-Language': 'zh-CN,zh;q=0.9', 'User-Agent': 'Mozilla/5.0 (Windows NT 10.0; Win64; x64) AppleWebKit/537.36 (KHTML, like Gecko) Chrome/86.0.4240.198 Safari/537.36'}
请求参数:{'users': [{'name': '批量创建用户1', 'account': 'piliangchuangjianyonghu1', 'avatar': '611cc739ee9eaccade410751', 'dept': '上海研发部', 'pos': 'boss', 'gender': '1', 'sign': '任重⽽道远', 'tel': '0215553222', 'mobile': '13012344321'}, {'name': '批量创建用户2', 'account': 'piliangchuangjianyonghu2', 'avatar': '611cc739ee9eaccade410751', 'dept': '上海研发部', 'pos': '总监', 'gender': '1', 'sign': '任重⽽道远', 'tel': '0215553223', 'mobile': '13012344321'}, {'name': '批量创建用户3', 'account': 'piliangchuangjianyonghu3', 'avatar': '611cc739ee9eaccade410751', 'dept': '上海研发部', 'pos': '经理', 'gender': '1', 'sign': '任重⽽道远', 'tel': '0215553224', 'mobile': '13012344321'}, {'name': '批量创建用户44', 'account': 'piliangchuangjianyonghu44', 'avatar': '611cc739ee9eaccade410751', 'dept': '上海研发部', 'pos': '员工', 'gender': '1', 'sign': '任重⽽道远', 'tel': '0215553225', 'mobile': '13012344321'}, {'name': '批量创建用户5', 'account': 'piliangchuangjianyonghu5', 'avatar': '611cc739ee9eaccade410751', 'dept': '上海研发部', 'pos': '员工', 'gender': '1', 'sign': '任重⽽道远', 'tel': '0215553226', 'mobile': '13012344321'}]}
上传文件:None
响应数据:{'errcode': '0', 'errmsg': '成功', 'users': [{'name': '批量创建用户1', 'account': 'piliangchuangjianyonghu1', 'avatar': '611cc739ee9eaccade410751', 'dept': '上海研发部', 'pos': 'boss', 'gender': '1', 'sign': '任重⽽道远', 'tel': '0215553222', 'mobile': '13012344321', 'result': '1', 'msg': '成功', 'uid': '8901714857951469'}, {'name': '批量创建用户2', 'account': 'piliangchuangjianyonghu2', 'avatar': '611cc739ee9eaccade410751', 'dept': '上海研发部', 'pos': '总监', 'gender': '1', 'sign': '任重⽽道远', 'tel': '0215553223', 'mobile': '13012344321', 'result': '1', 'msg': '成功', 'uid': '8901714857951470'}, {'name': '批量创建用户3', 'account': 'piliangchuangjianyonghu3', 'avatar': '611cc739ee9eaccade410751', 'dept': '上海研发部', 'pos': '经理', 'gender': '1', 'sign': '任重⽽道远', 'tel': '0215553224', 'mobile': '13012344321', 'result': '1', 'msg': '成功', 'uid': '8901714857951471'}, {'name': '批量创建用户44', 'account': 'piliangchuangjianyonghu44', 'avatar': '611cc739ee9eaccade410751', 'dept': '上海研发部', 'pos': '员工', 'gender': '1', 'sign': '任重⽽道远', 'tel': '0215553225', 'mobile': '13012344321', 'result': '1', 'msg': '成功', 'uid': '8901714857951472'}, {'name': '批量创建用户5', 'account': 'piliangchuangjianyonghu5', 'avatar': '611cc739ee9eaccade410751', 'dept': '上海研发部', 'pos': '员工', 'gender': '1', 'sign': '任重⽽道远', 'tel': '0215553226', 'mobile': '13012344321', 'result': '1', 'msg': '成功', 'uid': '8901714857951473'}]}
2021-08-18 16:39:29.601 | INFO     | common.data_process:save_response:21 - 添加key: case_039, 对应value: {'errcode': '0', 'errmsg': '成功', 'users': [{'name': '批量创建用户1', 'account': 'piliangchuangjianyonghu1', 'avatar': '611cc739ee9eaccade410751', 'dept': '上海研发部', 'pos': 'boss', 'gender': '1', 'sign': '任重⽽道远', 'tel': '0215553222', 'mobile': '13012344321', 'result': '1', 'msg': '成功', 'uid': '8901714857951469'}, {'name': '批量创建用户2', 'account': 'piliangchuangjianyonghu2', 'avatar': '611cc739ee9eaccade410751', 'dept': '上海研发部', 'pos': '总监', 'gender': '1', 'sign': '任重⽽道远', 'tel': '0215553223', 'mobile': '13012344321', 'result': '1', 'msg': '成功', 'uid': '8901714857951470'}, {'name': '批量创建用户3', 'account': 'piliangchuangjianyonghu3', 'avatar': '611cc739ee9eaccade410751', 'dept': '上海研发部', 'pos': '经理', 'gender': '1', 'sign': '任重⽽道远', 'tel': '0215553224', 'mobile': '13012344321', 'result': '1', 'msg': '成功', 'uid': '8901714857951471'}, {'name': '批量创建用户44', 'account': 'piliangchuangjianyonghu44', 'avatar': '611cc739ee9eaccade410751', 'dept': '上海研发部', 'pos': '员工', 'gender': '1', 'sign': '任重⽽道远', 'tel': '0215553225', 'mobile': '13012344321', 'result': '1', 'msg': '成功', 'uid': '8901714857951472'}, {'name': '批量创建用户5', 'account': 'piliangchuangjianyonghu5', 'avatar': '611cc739ee9eaccade410751', 'dept': '上海研发部', 'pos': '员工', 'gender': '1', 'sign': '任重⽽道远', 'tel': '0215553226', 'mobile': '13012344321', 'result': '1', 'msg': '成功', 'uid': '8901714857951473'}]}
2021-08-18 16:39:29.616 | INFO     | common.data_process:assert_result:113 - 第1个断言,实际结果:成功 | 预期结果:成功 
断言结果 True
2021-08-18 16:39:29.852 | INFO     | base.base_requests:send_api:97 - 
最终请求地址:http://10.229.1.237:8888/v1/user/ids?accounts%5B%5D=piliangchuangjianyonghu1&access_token=i5NwsdQbL5R54IeqfkAlpT3LooSFJ8cs
请求方法:get
请求头:{'Accept-Encoding': 'gzip, deflate', 'Accept-Language': 'zh-CN,zh;q=0.9', 'User-Agent': 'Mozilla/5.0 (Windows NT 10.0; Win64; x64) AppleWebKit/537.36 (KHTML, like Gecko) Chrome/86.0.4240.198 Safari/537.36'}
请求参数:{'access_token': 'i5NwsdQbL5R54IeqfkAlpT3LooSFJ8cs'}
上传文件:None
响应数据:{'errcode': '0', 'errmsg': '成功', 'datas': [{'uid': '8901714857951469', 'account': 'piliangchuangjianyonghu1'}]}
2021-08-18 16:39:29.861 | INFO     | common.data_process:save_response:21 - 添加key: case_040, 对应value: {'errcode': '0', 'errmsg': '成功', 'datas': [{'uid': '8901714857951469', 'account': 'piliangchuangjianyonghu1'}]}
2021-08-18 16:39:29.876 | INFO     | common.data_process:assert_result:113 - 第1个断言,实际结果:成功 | 预期结果:成功 
断言结果 True
2021-08-18 16:39:30.387 | INFO     | base.base_requests:send_api:97 - 
最终请求地址:http://10.229.1.237:8888/v1/user/batch/get?access_token=i5NwsdQbL5R54IeqfkAlpT3LooSFJ8cs
请求方法:post
请求头:{'Accept-Encoding': 'gzip, deflate', 'Accept-Language': 'zh-CN,zh;q=0.9', 'User-Agent': 'Mozilla/5.0 (Windows NT 10.0; Win64; x64) AppleWebKit/537.36 (KHTML, like Gecko) Chrome/86.0.4240.198 Safari/537.36'}
请求参数:{'uids': ['8901714857951469', '8901714857951470', '8901714857951471', '8901714857951472', '8901714857951473']}
上传文件:None
响应数据:{'errcode': '0', 'errmsg': '成功', 'datas': [{'account': 'piliangchuangjianyonghu1', 'name': '批量创建用户1', 'enName': '', 'gender': '1', 'sign': '任重⽽道远', 'email': '', 'avatar': '611cc739ee9eaccade410751', 'tel': '0215553222', 'mobile': '13012344321', 'status': '1', 'deptData': [{'did': '268435692', 'name': '上海研发部', 'desp': '', 'pid': '0', 'order': '0', 'has_child': 'false', 'sourceDid': ''}], 'roleId': '30', 'staffId': '', 'posData': [{'did': '268435692', 'posId': '101', 'order': '0', 'posName': 'boss'}], 'userid': '8901714857951469', 'extattr': [], 'avatarUrl': ''}, {'account': 'piliangchuangjianyonghu2', 'name': '批量创建用户2', 'enName': '', 'gender': '1', 'sign': '任重⽽道远', 'email': '', 'avatar': '611cc739ee9eaccade410751', 'tel': '0215553223', 'mobile': '13012344321', 'status': '1', 'deptData': [{'did': '268435692', 'name': '上海研发部', 'desp': '', 'pid': '0', 'order': '0', 'has_child': 'false', 'sourceDid': ''}], 'roleId': '30', 'staffId': '', 'posData': [{'did': '268435692', 'posId': '102', 'order': '0', 'posName': '总监'}], 'userid': '8901714857951470', 'extattr': [], 'avatarUrl': ''}, {'account': 'piliangchuangjianyonghu3', 'name': '批量创建用户3', 'enName': '', 'gender': '1', 'sign': '任重⽽道远', 'email': '', 'avatar': '611cc739ee9eaccade410751', 'tel': '0215553224', 'mobile': '13012344321', 'status': '1', 'deptData': [{'did': '268435692', 'name': '上海研发部', 'desp': '', 'pid': '0', 'order': '0', 'has_child': 'false', 'sourceDid': ''}], 'roleId': '30', 'staffId': '', 'posData': [{'did': '268435692', 'posId': '103', 'order': '0', 'posName': '经理'}], 'userid': '8901714857951471', 'extattr': [], 'avatarUrl': ''}, {'account': 'piliangchuangjianyonghu44', 'name': '批量创建用户44', 'enName': '', 'gender': '1', 'sign': '任重⽽道远', 'email': '', 'avatar': '611cc739ee9eaccade410751', 'tel': '0215553225', 'mobile': '13012344321', 'status': '1', 'deptData': [{'did': '268435692', 'name': '上海研发部', 'desp': '', 'pid': '0', 'order': '0', 'has_child': 'false', 'sourceDid': ''}], 'roleId': '30', 'staffId': '', 'posData': [{'did': '268435692', 'posId': '104', 'order': '0', 'posName': '员工'}], 'userid': '8901714857951472', 'extattr': [], 'avatarUrl': ''}, {'account': 'piliangchuangjianyonghu5', 'name': '批量创建用户5', 'enName': '', 'gender': '1', 'sign': '任重⽽道远', 'email': '', 'avatar': '611cc739ee9eaccade410751', 'tel': '0215553226', 'mobile': '13012344321', 'status': '1', 'deptData': [{'did': '268435692', 'name': '上海研发部', 'desp': '', 'pid': '0', 'order': '0', 'has_child': 'false', 'sourceDid': ''}], 'roleId': '30', 'staffId': '', 'posData': [{'did': '268435692', 'posId': '104', 'order': '0', 'posName': '员工'}], 'userid': '8901714857951473', 'extattr': [], 'avatarUrl': ''}]}
2021-08-18 16:39:30.418 | INFO     | common.data_process:save_response:21 - 添加key: case_041, 对应value: {'errcode': '0', 'errmsg': '成功', 'datas': [{'account': 'piliangchuangjianyonghu1', 'name': '批量创建用户1', 'enName': '', 'gender': '1', 'sign': '任重⽽道远', 'email': '', 'avatar': '611cc739ee9eaccade410751', 'tel': '0215553222', 'mobile': '13012344321', 'status': '1', 'deptData': [{'did': '268435692', 'name': '上海研发部', 'desp': '', 'pid': '0', 'order': '0', 'has_child': 'false', 'sourceDid': ''}], 'roleId': '30', 'staffId': '', 'posData': [{'did': '268435692', 'posId': '101', 'order': '0', 'posName': 'boss'}], 'userid': '8901714857951469', 'extattr': [], 'avatarUrl': ''}, {'account': 'piliangchuangjianyonghu2', 'name': '批量创建用户2', 'enName': '', 'gender': '1', 'sign': '任重⽽道远', 'email': '', 'avatar': '611cc739ee9eaccade410751', 'tel': '0215553223', 'mobile': '13012344321', 'status': '1', 'deptData': [{'did': '268435692', 'name': '上海研发部', 'desp': '', 'pid': '0', 'order': '0', 'has_child': 'false', 'sourceDid': ''}], 'roleId': '30', 'staffId': '', 'posData': [{'did': '268435692', 'posId': '102', 'order': '0', 'posName': '总监'}], 'userid': '8901714857951470', 'extattr': [], 'avatarUrl': ''}, {'account': 'piliangchuangjianyonghu3', 'name': '批量创建用户3', 'enName': '', 'gender': '1', 'sign': '任重⽽道远', 'email': '', 'avatar': '611cc739ee9eaccade410751', 'tel': '0215553224', 'mobile': '13012344321', 'status': '1', 'deptData': [{'did': '268435692', 'name': '上海研发部', 'desp': '', 'pid': '0', 'order': '0', 'has_child': 'false', 'sourceDid': ''}], 'roleId': '30', 'staffId': '', 'posData': [{'did': '268435692', 'posId': '103', 'order': '0', 'posName': '经理'}], 'userid': '8901714857951471', 'extattr': [], 'avatarUrl': ''}, {'account': 'piliangchuangjianyonghu44', 'name': '批量创建用户44', 'enName': '', 'gender': '1', 'sign': '任重⽽道远', 'email': '', 'avatar': '611cc739ee9eaccade410751', 'tel': '0215553225', 'mobile': '13012344321', 'status': '1', 'deptData': [{'did': '268435692', 'name': '上海研发部', 'desp': '', 'pid': '0', 'order': '0', 'has_child': 'false', 'sourceDid': ''}], 'roleId': '30', 'staffId': '', 'posData': [{'did': '268435692', 'posId': '104', 'order': '0', 'posName': '员工'}], 'userid': '8901714857951472', 'extattr': [], 'avatarUrl': ''}, {'account': 'piliangchuangjianyonghu5', 'name': '批量创建用户5', 'enName': '', 'gender': '1', 'sign': '任重⽽道远', 'email': '', 'avatar': '611cc739ee9eaccade410751', 'tel': '0215553226', 'mobile': '13012344321', 'status': '1', 'deptData': [{'did': '268435692', 'name': '上海研发部', 'desp': '', 'pid': '0', 'order': '0', 'has_child': 'false', 'sourceDid': ''}], 'roleId': '30', 'staffId': '', 'posData': [{'did': '268435692', 'posId': '104', 'order': '0', 'posName': '员工'}], 'userid': '8901714857951473', 'extattr': [], 'avatarUrl': ''}]}
2021-08-18 16:39:30.458 | INFO     | common.data_process:assert_result:113 - 第1个断言,实际结果:成功 | 预期结果:成功 
断言结果 True
2021-08-18 16:39:30.744 | INFO     | base.base_requests:send_api:97 - 
最终请求地址:http://10.229.1.237:8888/v1/user/list?access_token=i5NwsdQbL5R54IeqfkAlpT3LooSFJ8cs&did=268435688
请求方法:get
请求头:{'Accept-Encoding': 'gzip, deflate', 'Accept-Language': 'zh-CN,zh;q=0.9', 'User-Agent': 'Mozilla/5.0 (Windows NT 10.0; Win64; x64) AppleWebKit/537.36 (KHTML, like Gecko) Chrome/86.0.4240.198 Safari/537.36'}
请求参数:{'did': '268435688'}
上传文件:None
响应数据:{'errcode': '0', 'errmsg': '成功', 'datas': [{'uid': '8901714857951465', 'account': 'bumenlitianjiayiren', 'name': '部门里添加一人', 'enName': 'lucky', 'gender': '1', 'sign': '故意添加一位作为群无法删除的条件', 'email': '', 'avatar': '', 'tel': '0215553222', 'mobile': '15000000000', 'status': '1', 'order': '2', 'orderTime': '1629275959', 'avatarUrl': ''}]}
2021-08-18 16:39:30.758 | INFO     | common.data_process:save_response:21 - 添加key: case_042, 对应value: {'errcode': '0', 'errmsg': '成功', 'datas': [{'uid': '8901714857951465', 'account': 'bumenlitianjiayiren', 'name': '部门里添加一人', 'enName': 'lucky', 'gender': '1', 'sign': '故意添加一位作为群无法删除的条件', 'email': '', 'avatar': '', 'tel': '0215553222', 'mobile': '15000000000', 'status': '1', 'order': '2', 'orderTime': '1629275959', 'avatarUrl': ''}]}
2021-08-18 16:39:30.797 | INFO     | common.data_process:assert_result:113 - 第1个断言,实际结果:成功 | 预期结果:成功 
断言结果 True
2021-08-18 16:39:32.577 | INFO     | base.base_requests:send_api:97 - 
最终请求地址:http://10.229.1.237:8888/v1/user/batch/delete?access_token=i5NwsdQbL5R54IeqfkAlpT3LooSFJ8cs
请求方法:post
请求头:{'Accept-Encoding': 'gzip, deflate', 'Accept-Language': 'zh-CN,zh;q=0.9', 'User-Agent': 'Mozilla/5.0 (Windows NT 10.0; Win64; x64) AppleWebKit/537.36 (KHTML, like Gecko) Chrome/86.0.4240.198 Safari/537.36'}
请求参数:{'uids': ['8901714857951469', '8901714857951470', '8901714857951471', '8901714857951472', '8901714857951473']}
上传文件:None
响应数据:{'errcode': '0', 'errmsg': '成功'}
2021-08-18 16:39:32.583 | INFO     | common.data_process:save_response:21 - 添加key: case_044, 对应value: {'errcode': '0', 'errmsg': '成功'}
2021-08-18 16:39:32.599 | INFO     | common.data_process:assert_result:113 - 第1个断言,实际结果:成功 | 预期结果:成功 
断言结果 True
2021-08-18 16:39:32.868 | INFO     | base.base_requests:send_api:97 - 
最终请求地址:http://10.229.1.237:8888/v1/dept/relation?access_token=i5NwsdQbL5R54IeqfkAlpT3LooSFJ8cs
请求方法:get
请求头:{'Accept-Encoding': 'gzip, deflate', 'Accept-Language': 'zh-CN,zh;q=0.9', 'User-Agent': 'Mozilla/5.0 (Windows NT 10.0; Win64; x64) AppleWebKit/537.36 (KHTML, like Gecko) Chrome/86.0.4240.198 Safari/537.36'}
请求参数:None
上传文件:None
响应数据:{'errcode': '0', 'errmsg': '成功', 'deptCount': '2', 'pageCount': '1', 'nextPage': '1', 'datas': [{'did': '268435688', 'name': '更新的部门', 'desp': '', 'tel': '', 'pid': '0', 'order': '0', 'has_child': 'false', 'child': 'false'}, {'did': '268435692', 'name': '上海研发部', 'desp': '', 'tel': '', 'pid': '0', 'order': '0', 'has_child': 'false', 'child': 'false'}]}
2021-08-18 16:39:32.876 | INFO     | common.data_process:save_response:21 - 添加key: case_045, 对应value: {'errcode': '0', 'errmsg': '成功', 'deptCount': '2', 'pageCount': '1', 'nextPage': '1', 'datas': [{'did': '268435688', 'name': '更新的部门', 'desp': '', 'tel': '', 'pid': '0', 'order': '0', 'has_child': 'false', 'child': 'false'}, {'did': '268435692', 'name': '上海研发部', 'desp': '', 'tel': '', 'pid': '0', 'order': '0', 'has_child': 'false', 'child': 'false'}]}
2021-08-18 16:39:32.896 | INFO     | common.data_process:assert_result:113 - 第1个断言,实际结果:成功 | 预期结果:成功 
断言结果 True
2021-08-18 16:39:33.276 | INFO     | base.base_requests:send_api:97 - 
最终请求地址:http://10.229.1.237:8888/v1/dept/delete?access_token=i5NwsdQbL5R54IeqfkAlpT3LooSFJ8cs&did=268435692
请求方法:get
请求头:{'Accept-Encoding': 'gzip, deflate', 'Accept-Language': 'zh-CN,zh;q=0.9', 'User-Agent': 'Mozilla/5.0 (Windows NT 10.0; Win64; x64) AppleWebKit/537.36 (KHTML, like Gecko) Chrome/86.0.4240.198 Safari/537.36'}
请求参数:{'did': '268435692'}
上传文件:None
响应数据:{'errcode': '0', 'errmsg': '成功'}
2021-08-18 16:39:33.283 | INFO     | common.data_process:save_response:21 - 添加key: case_046, 对应value: {'errcode': '0', 'errmsg': '成功'}
2021-08-18 16:39:33.305 | INFO     | common.data_process:assert_result:113 - 第1个断言,实际结果:成功 | 预期结果:成功 
断言结果 True
2021-08-18 16:39:33.591 | INFO     | base.base_requests:send_api:97 - 
最终请求地址:http://10.229.1.237:8888/v1/dept/delete?access_token=i5NwsdQbL5R54IeqfkAlpT3LooSFJ8cs&did=268435688
请求方法:get
请求头:{'Accept-Encoding': 'gzip, deflate', 'Accept-Language': 'zh-CN,zh;q=0.9', 'User-Agent': 'Mozilla/5.0 (Windows NT 10.0; Win64; x64) AppleWebKit/537.36 (KHTML, like Gecko) Chrome/86.0.4240.198 Safari/537.36'}
请求参数:{'did': '268435688'}
上传文件:None
响应数据:{'errcode': '210008', 'errmsg': '部门下有子部门或成员'}
2021-08-18 16:39:33.598 | INFO     | common.data_process:save_response:21 - 添加key: case_047, 对应value: {'errcode': '210008', 'errmsg': '部门下有子部门或成员'}
2021-08-18 16:39:33.622 | INFO     | common.data_process:assert_result:113 - 第1个断言,实际结果:部门下有子部门或成员 | 预期结果:部门下有子部门或成员 
断言结果 True
2021-08-18 16:39:34.203 | INFO     | base.base_requests:send_api:97 - 
最终请求地址:http://10.229.1.237:8888/v1/user/delete?access_token=i5NwsdQbL5R54IeqfkAlpT3LooSFJ8cs&userid=8901714857951465
请求方法:get
请求头:{'Accept-Encoding': 'gzip, deflate', 'Accept-Language': 'zh-CN,zh;q=0.9', 'User-Agent': 'Mozilla/5.0 (Windows NT 10.0; Win64; x64) AppleWebKit/537.36 (KHTML, like Gecko) Chrome/86.0.4240.198 Safari/537.36'}
请求参数:{'userid': '8901714857951465'}
上传文件:None
响应数据:{'errcode': '0', 'errmsg': '成功'}
2021-08-18 16:39:34.210 | INFO     | common.data_process:save_response:21 - 添加key: case_048, 对应value: {'errcode': '0', 'errmsg': '成功'}
2021-08-18 16:39:34.231 | INFO     | common.data_process:assert_result:113 - 第1个断言,实际结果:成功 | 预期结果:成功 
断言结果 True
2021-08-18 16:39:34.605 | INFO     | base.base_requests:send_api:97 - 
最终请求地址:http://10.229.1.237:8888/v1/dept/delete?access_token=i5NwsdQbL5R54IeqfkAlpT3LooSFJ8cs&did=268435688
请求方法:get
请求头:{'Accept-Encoding': 'gzip, deflate', 'Accept-Language': 'zh-CN,zh;q=0.9', 'User-Agent': 'Mozilla/5.0 (Windows NT 10.0; Win64; x64) AppleWebKit/537.36 (KHTML, like Gecko) Chrome/86.0.4240.198 Safari/537.36'}
请求参数:{'did': '268435688'}
上传文件:None
响应数据:{'errcode': '0', 'errmsg': '成功'}
2021-08-18 16:39:34.612 | INFO     | common.data_process:save_response:21 - 添加key: case_049, 对应value: {'errcode': '0', 'errmsg': '成功'}
2021-08-18 16:39:34.630 | INFO     | common.data_process:assert_result:113 - 第1个断言,实际结果:成功 | 预期结果:成功 
断言结果 True
2021-08-18 16:39:34.895 | INFO     | base.base_requests:send_api:97 - 
最终请求地址:http://10.229.1.237:8888/v1/dept/create?access_token=i5NwsdQbL5R54IeqfkAlpT3LooSFJ8cs
请求方法:post
请求头:{'Accept-Encoding': 'gzip, deflate', 'Accept-Language': 'zh-CN,zh;q=0.9', 'User-Agent': 'Mozilla/5.0 (Windows NT 10.0; Win64; x64) AppleWebKit/537.36 (KHTML, like Gecko) Chrome/86.0.4240.198 Safari/537.36'}
请求参数:{'pid': '0', 'name': '群相关依赖部门'}
上传文件:None
响应数据:{'errcode': '0', 'errmsg': '成功', 'did': '268435698'}
2021-08-18 16:39:34.904 | INFO     | common.data_process:save_response:21 - 添加key: case_050, 对应value: {'errcode': '0', 'errmsg': '成功', 'did': '268435698'}
2021-08-18 16:39:34.927 | INFO     | common.data_process:assert_result:113 - 第1个断言,实际结果:成功 | 预期结果:成功 
断言结果 True
2021-08-18 16:39:35.648 | INFO     | base.base_requests:send_api:97 - 
最终请求地址:http://10.229.1.237:8888/v1/user/create?access_token=i5NwsdQbL5R54IeqfkAlpT3LooSFJ8cs
请求方法:post
请求头:{'Accept-Encoding': 'gzip, deflate', 'Accept-Language': 'zh-CN,zh;q=0.9', 'User-Agent': 'Mozilla/5.0 (Windows NT 10.0; Win64; x64) AppleWebKit/537.36 (KHTML, like Gecko) Chrome/86.0.4240.198 Safari/537.36'}
请求参数:{'name': '我是群主呀', 'department': [{'did': '268435698', 'order': '2', 'posName': 'ceo'}], 'gender': '1', 'sign': '刘哥好帅我要嫁给他', 'enName': 'lucky', 'tel': '0215553222', 'mobile': '15000000000'}
上传文件:None
响应数据:{'errcode': '0', 'errmsg': '成功', 'uid': '8901714857951475'}
2021-08-18 16:39:35.655 | INFO     | common.data_process:save_response:21 - 添加key: case_051, 对应value: {'errcode': '0', 'errmsg': '成功', 'uid': '8901714857951475'}
2021-08-18 16:39:35.675 | INFO     | common.data_process:assert_result:113 - 第1个断言,实际结果:成功 | 预期结果:成功 
断言结果 True
2021-08-18 16:39:36.387 | INFO     | base.base_requests:send_api:97 - 
最终请求地址:http://10.229.1.237:8888/v1/user/create?access_token=i5NwsdQbL5R54IeqfkAlpT3LooSFJ8cs
请求方法:post
请求头:{'Accept-Encoding': 'gzip, deflate', 'Accept-Language': 'zh-CN,zh;q=0.9', 'User-Agent': 'Mozilla/5.0 (Windows NT 10.0; Win64; x64) AppleWebKit/537.36 (KHTML, like Gecko) Chrome/86.0.4240.198 Safari/537.36'}
请求参数:{'name': '我是群成员呀', 'department': [{'did': '268435698', 'order': '3', 'posName': 'ceo'}], 'gender': '0', 'sign': '刘哥好帅我要嫁给他', 'enName': 'lucky', 'tel': '0215553222', 'mobile': '15000000000'}
上传文件:None
响应数据:{'errcode': '0', 'errmsg': '成功', 'uid': '8901714857951476'}
2021-08-18 16:39:36.394 | INFO     | common.data_process:save_response:21 - 添加key: case_052, 对应value: {'errcode': '0', 'errmsg': '成功', 'uid': '8901714857951476'}
2021-08-18 16:39:36.417 | INFO     | common.data_process:assert_result:113 - 第1个断言,实际结果:成功 | 预期结果:成功 
断言结果 True
2021-08-18 16:39:37.063 | INFO     | base.base_requests:send_api:97 - 
最终请求地址:http://10.229.1.237:8888/v1/user/create?access_token=i5NwsdQbL5R54IeqfkAlpT3LooSFJ8cs
请求方法:post
请求头:{'Accept-Encoding': 'gzip, deflate', 'Accept-Language': 'zh-CN,zh;q=0.9', 'User-Agent': 'Mozilla/5.0 (Windows NT 10.0; Win64; x64) AppleWebKit/537.36 (KHTML, like Gecko) Chrome/86.0.4240.198 Safari/537.36'}
请求参数:{'name': '我是二号成员', 'department': [{'did': '268435698', 'order': '4', 'posName': 'ee'}], 'gender': '1', 'sign': '刘哥好帅我要嫁给他', 'enName': 'lucky', 'tel': '0215553222', 'mobile': '15000000000'}
上传文件:None
响应数据:{'errcode': '0', 'errmsg': '成功', 'uid': '8901714857951477'}
2021-08-18 16:39:37.070 | INFO     | common.data_process:save_response:21 - 添加key: case_053, 对应value: {'errcode': '0', 'errmsg': '成功', 'uid': '8901714857951477'}
2021-08-18 16:39:37.095 | INFO     | common.data_process:assert_result:113 - 第1个断言,实际结果:成功 | 预期结果:成功 
断言结果 True
2021-08-18 16:39:37.448 | INFO     | base.base_requests:send_api:97 - 
最终请求地址:http://10.229.1.237:8888/v1/group/create?access_token=i5NwsdQbL5R54IeqfkAlpT3LooSFJ8cs
请求方法:post
请求头:{'Accept-Encoding': 'gzip, deflate', 'Accept-Language': 'zh-CN,zh;q=0.9', 'User-Agent': 'Mozilla/5.0 (Windows NT 10.0; Win64; x64) AppleWebKit/537.36 (KHTML, like Gecko) Chrome/86.0.4240.198 Safari/537.36'}
请求参数:{'name': '自动化测试群聊', 'did': '268435698', 'hostUid': '8901714857951475', 'uids': ['8901714857951476']}
上传文件:None
响应数据:{'errcode': '0', 'errmsg': '成功', 'groupid': '8901714857951478'}
2021-08-18 16:39:37.455 | INFO     | common.data_process:save_response:21 - 添加key: case_054, 对应value: {'errcode': '0', 'errmsg': '成功', 'groupid': '8901714857951478'}
2021-08-18 16:39:37.475 | INFO     | common.data_process:assert_result:113 - 第1个断言,实际结果:成功 | 预期结果:成功 
断言结果 True
2021-08-18 16:39:37.560 | INFO     | base.base_requests:send_api:97 - 
最终请求地址:http://10.229.1.237:8888/v1/group/create?access_token=i5NwsdQbL5R54IeqfkAlpT3LooSFJ8cs
请求方法:post
请求头:{'Accept-Encoding': 'gzip, deflate', 'Accept-Language': 'zh-CN,zh;q=0.9', 'User-Agent': 'Mozilla/5.0 (Windows NT 10.0; Win64; x64) AppleWebKit/537.36 (KHTML, like Gecko) Chrome/86.0.4240.198 Safari/537.36'}
请求参数:{'name': '', 'did': '268435698', 'hostUid': '8901714857951475', 'uids': ['8901714857951476']}
上传文件:None
响应数据:{'errcode': '100001', 'errmsg': '参数缺失'}
2021-08-18 16:39:37.568 | INFO     | common.data_process:save_response:21 - 添加key: case_055, 对应value: {'errcode': '100001', 'errmsg': '参数缺失'}
2021-08-18 16:39:37.592 | INFO     | common.data_process:assert_result:113 - 第1个断言,实际结果:参数缺失 | 预期结果:参数缺失 
断言结果 True
2021-08-18 16:39:37.878 | INFO     | base.base_requests:send_api:97 - 
最终请求地址:http://10.229.1.237:8888/v1/group/update?access_token=i5NwsdQbL5R54IeqfkAlpT3LooSFJ8cs
请求方法:post
请求头:{'Accept-Encoding': 'gzip, deflate', 'Accept-Language': 'zh-CN,zh;q=0.9', 'User-Agent': 'Mozilla/5.0 (Windows NT 10.0; Win64; x64) AppleWebKit/537.36 (KHTML, like Gecko) Chrome/86.0.4240.198 Safari/537.36'}
请求参数:{'groupid': '8901714857951478', 'name': '修改后的群聊名'}
上传文件:None
响应数据:{'errcode': '0', 'errmsg': '成功'}
2021-08-18 16:39:37.885 | INFO     | common.data_process:save_response:21 - 添加key: case_056, 对应value: {'errcode': '0', 'errmsg': '成功'}
2021-08-18 16:39:37.906 | INFO     | common.data_process:assert_result:113 - 第1个断言,实际结果:成功 | 预期结果:成功 
断言结果 True
2021-08-18 16:39:37.997 | INFO     | base.base_requests:send_api:97 - 
最终请求地址:http://10.229.1.237:8888/v1/group/update?access_token=i5NwsdQbL5R54IeqfkAlpT3LooSFJ8cs
请求方法:post
请求头:{'Accept-Encoding': 'gzip, deflate', 'Accept-Language': 'zh-CN,zh;q=0.9', 'User-Agent': 'Mozilla/5.0 (Windows NT 10.0; Win64; x64) AppleWebKit/537.36 (KHTML, like Gecko) Chrome/86.0.4240.198 Safari/537.36'}
请求参数:{'name': '修改后的群聊名'}
上传文件:None
响应数据:{'errcode': '100001', 'errmsg': '参数缺失'}
2021-08-18 16:39:38.006 | INFO     | common.data_process:save_response:21 - 添加key: case_057, 对应value: {'errcode': '100001', 'errmsg': '参数缺失'}
2021-08-18 16:39:38.029 | INFO     | common.data_process:assert_result:113 - 第1个断言,实际结果:参数缺失 | 预期结果:参数缺失 
断言结果 True
2021-08-18 16:39:38.303 | INFO     | base.base_requests:send_api:97 - 
最终请求地址:http://10.229.1.237:8888/v1/group/get?access_token=i5NwsdQbL5R54IeqfkAlpT3LooSFJ8cs&groupid=8901714857951478
请求方法:get
请求头:{'Accept-Encoding': 'gzip, deflate', 'Accept-Language': 'zh-CN,zh;q=0.9', 'User-Agent': 'Mozilla/5.0 (Windows NT 10.0; Win64; x64) AppleWebKit/537.36 (KHTML, like Gecko) Chrome/86.0.4240.198 Safari/537.36'}
请求参数:{'groupid': '8901714857951478'}
上传文件:None
响应数据:{'errcode': '0', 'errmsg': '成功', 'datas': {'groupid': '8901714857951478', 'name': '修改后的群聊名', 'hostUid': '8901714857951475', 'hostName': '我是群主呀', 'count': '0'}}
2021-08-18 16:39:38.312 | INFO     | common.data_process:save_response:21 - 添加key: case_058, 对应value: {'errcode': '0', 'errmsg': '成功', 'datas': {'groupid': '8901714857951478', 'name': '修改后的群聊名', 'hostUid': '8901714857951475', 'hostName': '我是群主呀', 'count': '0'}}
2021-08-18 16:39:38.355 | INFO     | common.data_process:assert_result:113 - 第1个断言,实际结果:成功 | 预期结果:成功 
断言结果 True
2021-08-18 16:39:38.581 | INFO     | base.base_requests:send_api:97 - 
最终请求地址:http://10.229.1.237:8888/v1/group/user/get?access_token=i5NwsdQbL5R54IeqfkAlpT3LooSFJ8cs&groupid=8901714857951478
请求方法:get
请求头:{'Accept-Encoding': 'gzip, deflate', 'Accept-Language': 'zh-CN,zh;q=0.9', 'User-Agent': 'Mozilla/5.0 (Windows NT 10.0; Win64; x64) AppleWebKit/537.36 (KHTML, like Gecko) Chrome/86.0.4240.198 Safari/537.36'}
请求参数:{'groupid': '8901714857951478'}
上传文件:None
响应数据:{'errcode': '0', 'errmsg': '成功', 'datas': []}
2021-08-18 16:39:38.590 | INFO     | common.data_process:save_response:21 - 添加key: case_059, 对应value: {'errcode': '0', 'errmsg': '成功', 'datas': []}
2021-08-18 16:39:38.615 | INFO     | common.data_process:assert_result:113 - 第1个断言,实际结果:成功 | 预期结果:成功 
断言结果 True
2021-08-18 16:39:38.855 | INFO     | base.base_requests:send_api:97 - 
最终请求地址:http://10.229.1.237:8888/v1/group/user/add?access_token=i5NwsdQbL5R54IeqfkAlpT3LooSFJ8cs
请求方法:post
请求头:{'Accept-Encoding': 'gzip, deflate', 'Accept-Language': 'zh-CN,zh;q=0.9', 'User-Agent': 'Mozilla/5.0 (Windows NT 10.0; Win64; x64) AppleWebKit/537.36 (KHTML, like Gecko) Chrome/86.0.4240.198 Safari/537.36'}
请求参数:{'groupid': '8901714857951478', 'users': [{'uid': '8901714857951477', 'type': '110'}]}
上传文件:None
响应数据:{'errcode': '0', 'errmsg': '成功'}
2021-08-18 16:39:38.862 | INFO     | common.data_process:save_response:21 - 添加key: case_060, 对应value: {'errcode': '0', 'errmsg': '成功'}
2021-08-18 16:39:38.891 | INFO     | common.data_process:assert_result:113 - 第1个断言,实际结果:成功 | 预期结果:成功 
断言结果 True
2021-08-18 16:39:38.919 | ERROR    | common:extractor:26 - 提取不到内容，丢给你一个错误！'bool' object is not subscriptable
2021-08-18 16:39:38.977 | INFO     | base.base_requests:send_api:97 - 
最终请求地址:http://10.229.1.237:8888/v1/group/user/add?access_token=i5NwsdQbL5R54IeqfkAlpT3LooSFJ8cs
请求方法:post
请求头:{'Accept-Encoding': 'gzip, deflate', 'Accept-Language': 'zh-CN,zh;q=0.9', 'User-Agent': 'Mozilla/5.0 (Windows NT 10.0; Win64; x64) AppleWebKit/537.36 (KHTML, like Gecko) Chrome/86.0.4240.198 Safari/537.36'}
请求参数:{'groupid': '', 'users': [{'uid': 'null', 'type': '110'}]}
上传文件:None
响应数据:{'errcode': '100001', 'errmsg': '参数缺失'}
2021-08-18 16:39:38.986 | INFO     | common.data_process:save_response:21 - 添加key: case_061, 对应value: {'errcode': '100001', 'errmsg': '参数缺失'}
2021-08-18 16:39:39.008 | INFO     | common.data_process:assert_result:113 - 第1个断言,实际结果:参数缺失 | 预期结果:参数缺失 
断言结果 True
2021-08-18 16:39:39.271 | INFO     | base.base_requests:send_api:97 - 
最终请求地址:http://10.229.1.237:8888/v1/group/user/add?access_token=i5NwsdQbL5R54IeqfkAlpT3LooSFJ8cs
请求方法:post
请求头:{'Accept-Encoding': 'gzip, deflate', 'Accept-Language': 'zh-CN,zh;q=0.9', 'User-Agent': 'Mozilla/5.0 (Windows NT 10.0; Win64; x64) AppleWebKit/537.36 (KHTML, like Gecko) Chrome/86.0.4240.198 Safari/537.36'}
请求参数:{'groupid': '8901714857951478', 'users': [{'uid': '', 'type': '110'}]}
上传文件:None
响应数据:{'errcode': '0', 'errmsg': '成功'}
2021-08-18 16:39:39.279 | INFO     | common.data_process:save_response:21 - 添加key: case_062, 对应value: {'errcode': '0', 'errmsg': '成功'}
2021-08-18 16:39:39.306 | INFO     | common.data_process:assert_result:113 - 第1个断言,实际结果:成功 | 预期结果:成功 
断言结果 True
2021-08-18 16:39:39.598 | INFO     | base.base_requests:send_api:97 - 
最终请求地址:http://10.229.1.237:8888/v1/group/user/set?access_token=i5NwsdQbL5R54IeqfkAlpT3LooSFJ8cs
请求方法:post
请求头:{'Accept-Encoding': 'gzip, deflate', 'Accept-Language': 'zh-CN,zh;q=0.9', 'User-Agent': 'Mozilla/5.0 (Windows NT 10.0; Win64; x64) AppleWebKit/537.36 (KHTML, like Gecko) Chrome/86.0.4240.198 Safari/537.36'}
请求参数:{'groupid': '8901714857951478', 'users': [{'uid': '8901714857951476', 'type': '109'}]}
上传文件:None
响应数据:{'errcode': '0', 'errmsg': '成功'}
2021-08-18 16:39:39.606 | INFO     | common.data_process:save_response:21 - 添加key: case_063, 对应value: {'errcode': '0', 'errmsg': '成功'}
2021-08-18 16:39:39.628 | INFO     | common.data_process:assert_result:113 - 第1个断言,实际结果:成功 | 预期结果:成功 
断言结果 True
2021-08-18 16:39:39.931 | INFO     | base.base_requests:send_api:97 - 
最终请求地址:http://10.229.1.237:8888/v1/group/user/set?access_token=i5NwsdQbL5R54IeqfkAlpT3LooSFJ8cs
请求方法:post
请求头:{'Accept-Encoding': 'gzip, deflate', 'Accept-Language': 'zh-CN,zh;q=0.9', 'User-Agent': 'Mozilla/5.0 (Windows NT 10.0; Win64; x64) AppleWebKit/537.36 (KHTML, like Gecko) Chrome/86.0.4240.198 Safari/537.36'}
请求参数:{'groupid': '8901714857951478', 'users': [{'uid': '8901714857951476', 'type': '110'}]}
上传文件:None
响应数据:{'errcode': '0', 'errmsg': '成功'}
2021-08-18 16:39:39.940 | INFO     | common.data_process:save_response:21 - 添加key: case_064, 对应value: {'errcode': '0', 'errmsg': '成功'}
2021-08-18 16:39:39.962 | INFO     | common.data_process:assert_result:113 - 第1个断言,实际结果:成功 | 预期结果:成功 
断言结果 True
2021-08-18 16:39:40.270 | INFO     | base.base_requests:send_api:97 - 
最终请求地址:http://10.229.1.237:8888/v1/group/user/set?access_token=i5NwsdQbL5R54IeqfkAlpT3LooSFJ8cs
请求方法:post
请求头:{'Accept-Encoding': 'gzip, deflate', 'Accept-Language': 'zh-CN,zh;q=0.9', 'User-Agent': 'Mozilla/5.0 (Windows NT 10.0; Win64; x64) AppleWebKit/537.36 (KHTML, like Gecko) Chrome/86.0.4240.198 Safari/537.36'}
请求参数:{'groupid': '8901714857951478', 'users': [{'uid': '8901714857951476', 'type': '110'}]}
上传文件:None
响应数据:{'errcode': '0', 'errmsg': '成功'}
2021-08-18 16:39:40.279 | INFO     | common.data_process:save_response:21 - 添加key: case_065, 对应value: {'errcode': '0', 'errmsg': '成功'}
2021-08-18 16:39:40.305 | INFO     | common.data_process:assert_result:113 - 第1个断言,实际结果:成功 | 预期结果:成功 
断言结果 True
2021-08-18 16:39:40.608 | INFO     | base.base_requests:send_api:97 - 
最终请求地址:http://10.229.1.237:8888/v1/group/get?access_token=i5NwsdQbL5R54IeqfkAlpT3LooSFJ8cs&groupid=8901714857951478
请求方法:get
请求头:{'Accept-Encoding': 'gzip, deflate', 'Accept-Language': 'zh-CN,zh;q=0.9', 'User-Agent': 'Mozilla/5.0 (Windows NT 10.0; Win64; x64) AppleWebKit/537.36 (KHTML, like Gecko) Chrome/86.0.4240.198 Safari/537.36'}
请求参数:{'groupid': '8901714857951478'}
上传文件:None
响应数据:{'errcode': '0', 'errmsg': '成功', 'datas': {'groupid': '8901714857951478', 'name': '修改后的群聊名', 'hostUid': '8901714857951475', 'hostName': '我是群主呀', 'count': '4'}}
2021-08-18 16:39:40.616 | INFO     | common.data_process:save_response:21 - 添加key: case_066, 对应value: {'errcode': '0', 'errmsg': '成功', 'datas': {'groupid': '8901714857951478', 'name': '修改后的群聊名', 'hostUid': '8901714857951475', 'hostName': '我是群主呀', 'count': '4'}}
2021-08-18 16:39:40.638 | INFO     | common.data_process:assert_result:113 - 第1个断言,实际结果:成功 | 预期结果:成功 
断言结果 True
2021-08-18 16:39:40.845 | INFO     | base.base_requests:send_api:97 - 
最终请求地址:http://10.229.1.237:8888/v1/group/user/get?access_token=i5NwsdQbL5R54IeqfkAlpT3LooSFJ8cs&groupid=8901714857951478
请求方法:get
请求头:{'Accept-Encoding': 'gzip, deflate', 'Accept-Language': 'zh-CN,zh;q=0.9', 'User-Agent': 'Mozilla/5.0 (Windows NT 10.0; Win64; x64) AppleWebKit/537.36 (KHTML, like Gecko) Chrome/86.0.4240.198 Safari/537.36'}
请求参数:{'groupid': '8901714857951478'}
上传文件:None
响应数据:{'errcode': '0', 'errmsg': '成功', 'datas': [{'uid': '0', 'type': '110'}, {'uid': '8901714857951475', 'type': '104'}, {'uid': '8901714857951476', 'type': '110'}, {'uid': '8901714857951477', 'type': '110'}]}
2021-08-18 16:39:40.853 | INFO     | common.data_process:save_response:21 - 添加key: case_067, 对应value: {'errcode': '0', 'errmsg': '成功', 'datas': [{'uid': '0', 'type': '110'}, {'uid': '8901714857951475', 'type': '104'}, {'uid': '8901714857951476', 'type': '110'}, {'uid': '8901714857951477', 'type': '110'}]}
2021-08-18 16:39:40.878 | INFO     | common.data_process:assert_result:113 - 第1个断言,实际结果:成功 | 预期结果:成功 
断言结果 True
2021-08-18 16:39:41.186 | INFO     | base.base_requests:send_api:97 - 
最终请求地址:http://10.229.1.237:8888/v1/group/user/delete?access_token=i5NwsdQbL5R54IeqfkAlpT3LooSFJ8cs
请求方法:post
请求头:{'Accept-Encoding': 'gzip, deflate', 'Accept-Language': 'zh-CN,zh;q=0.9', 'User-Agent': 'Mozilla/5.0 (Windows NT 10.0; Win64; x64) AppleWebKit/537.36 (KHTML, like Gecko) Chrome/86.0.4240.198 Safari/537.36'}
请求参数:{'groupid': '8901714857951478', 'users': ['8901714857951476', '8901714857951477']}
上传文件:None
响应数据:{'errcode': '0', 'errmsg': '成功'}
2021-08-18 16:39:41.195 | INFO     | common.data_process:save_response:21 - 添加key: case_068, 对应value: {'errcode': '0', 'errmsg': '成功'}
2021-08-18 16:39:41.224 | INFO     | common.data_process:assert_result:113 - 第1个断言,实际结果:成功 | 预期结果:成功 
断言结果 True
2021-08-18 16:39:41.259 | ERROR    | common:extractor:26 - 提取不到内容，丢给你一个错误！'bool' object is not subscriptable
2021-08-18 16:39:41.572 | INFO     | base.base_requests:send_api:97 - 
最终请求地址:http://10.229.1.237:8888/v1/group/user/delete?access_token=i5NwsdQbL5R54IeqfkAlpT3LooSFJ8cs
请求方法:post
请求头:{'Accept-Encoding': 'gzip, deflate', 'Accept-Language': 'zh-CN,zh;q=0.9', 'User-Agent': 'Mozilla/5.0 (Windows NT 10.0; Win64; x64) AppleWebKit/537.36 (KHTML, like Gecko) Chrome/86.0.4240.198 Safari/537.36'}
请求参数:{'groupid': '8901714857951478', 'users': ['8901714857951476', 'null']}
上传文件:None
响应数据:{'errcode': '0', 'errmsg': '成功'}
2021-08-18 16:39:41.579 | INFO     | common.data_process:save_response:21 - 添加key: case_069, 对应value: {'errcode': '0', 'errmsg': '成功'}
2021-08-18 16:39:41.602 | INFO     | common.data_process:assert_result:113 - 第1个断言,实际结果:成功 | 预期结果:成功 
断言结果 True
2021-08-18 16:39:41.874 | INFO     | base.base_requests:send_api:97 - 
最终请求地址:http://10.229.1.237:8888/v1/group/get?access_token=i5NwsdQbL5R54IeqfkAlpT3LooSFJ8cs&groupid=8901714857951478
请求方法:get
请求头:{'Accept-Encoding': 'gzip, deflate', 'Accept-Language': 'zh-CN,zh;q=0.9', 'User-Agent': 'Mozilla/5.0 (Windows NT 10.0; Win64; x64) AppleWebKit/537.36 (KHTML, like Gecko) Chrome/86.0.4240.198 Safari/537.36'}
请求参数:{'groupid': '8901714857951478'}
上传文件:None
响应数据:{'errcode': '0', 'errmsg': '成功', 'datas': {'groupid': '8901714857951478', 'name': '修改后的群聊名', 'hostUid': '8901714857951475', 'hostName': '我是群主呀', 'count': '1'}}
2021-08-18 16:39:41.885 | INFO     | common.data_process:save_response:21 - 添加key: case_070, 对应value: {'errcode': '0', 'errmsg': '成功', 'datas': {'groupid': '8901714857951478', 'name': '修改后的群聊名', 'hostUid': '8901714857951475', 'hostName': '我是群主呀', 'count': '1'}}
2021-08-18 16:39:41.916 | INFO     | common.data_process:assert_result:113 - 第1个断言,实际结果:成功 | 预期结果:成功 
断言结果 True
2021-08-18 16:39:42.144 | INFO     | base.base_requests:send_api:97 - 
最终请求地址:http://10.229.1.237:8888/v1/group/user/get?access_token=i5NwsdQbL5R54IeqfkAlpT3LooSFJ8cs&groupid=8901714857951478
请求方法:get
请求头:{'Accept-Encoding': 'gzip, deflate', 'Accept-Language': 'zh-CN,zh;q=0.9', 'User-Agent': 'Mozilla/5.0 (Windows NT 10.0; Win64; x64) AppleWebKit/537.36 (KHTML, like Gecko) Chrome/86.0.4240.198 Safari/537.36'}
请求参数:{'groupid': '8901714857951478'}
上传文件:None
响应数据:{'errcode': '0', 'errmsg': '成功', 'datas': [{'uid': '8901714857951475', 'type': '104'}]}
2021-08-18 16:39:42.158 | INFO     | common.data_process:save_response:21 - 添加key: case_071, 对应value: {'errcode': '0', 'errmsg': '成功', 'datas': [{'uid': '8901714857951475', 'type': '104'}]}
2021-08-18 16:39:42.201 | INFO     | common.data_process:assert_result:113 - 第1个断言,实际结果:成功 | 预期结果:成功 
断言结果 True
2021-08-18 16:39:42.477 | INFO     | base.base_requests:send_api:97 - 
最终请求地址:http://10.229.1.237:8888/v1/user/list?access_token=i5NwsdQbL5R54IeqfkAlpT3LooSFJ8cs&did=268435698
请求方法:get
请求头:{'Accept-Encoding': 'gzip, deflate', 'Accept-Language': 'zh-CN,zh;q=0.9', 'User-Agent': 'Mozilla/5.0 (Windows NT 10.0; Win64; x64) AppleWebKit/537.36 (KHTML, like Gecko) Chrome/86.0.4240.198 Safari/537.36'}
请求参数:{'did': '268435698'}
上传文件:None
响应数据:{'errcode': '0', 'errmsg': '成功', 'datas': [{'uid': '8901714857951475', 'account': 'woshiqunzhuya', 'name': '我是群主呀', 'enName': 'lucky', 'gender': '1', 'sign': '刘哥好帅我要嫁给他', 'email': '', 'avatar': '', 'tel': '0215553222', 'mobile': '15000000000', 'status': '1', 'order': '2', 'orderTime': '1629275975', 'avatarUrl': ''}, {'uid': '8901714857951476', 'account': 'woshiqunchengyuanya', 'name': '我是群成员呀', 'enName': 'lucky', 'gender': '0', 'sign': '刘哥好帅我要嫁给他', 'email': '', 'avatar': '', 'tel': '0215553222', 'mobile': '15000000000', 'status': '1', 'order': '3', 'orderTime': '1629275976', 'avatarUrl': ''}, {'uid': '8901714857951477', 'account': 'woshierhaochengyuan', 'name': '我是二号成员', 'enName': 'lucky', 'gender': '1', 'sign': '刘哥好帅我要嫁给他', 'email': '', 'avatar': '', 'tel': '0215553222', 'mobile': '15000000000', 'status': '1', 'order': '4', 'orderTime': '1629275976', 'avatarUrl': ''}]}
2021-08-18 16:39:42.489 | INFO     | common.data_process:save_response:21 - 添加key: case_073, 对应value: {'errcode': '0', 'errmsg': '成功', 'datas': [{'uid': '8901714857951475', 'account': 'woshiqunzhuya', 'name': '我是群主呀', 'enName': 'lucky', 'gender': '1', 'sign': '刘哥好帅我要嫁给他', 'email': '', 'avatar': '', 'tel': '0215553222', 'mobile': '15000000000', 'status': '1', 'order': '2', 'orderTime': '1629275975', 'avatarUrl': ''}, {'uid': '8901714857951476', 'account': 'woshiqunchengyuanya', 'name': '我是群成员呀', 'enName': 'lucky', 'gender': '0', 'sign': '刘哥好帅我要嫁给他', 'email': '', 'avatar': '', 'tel': '0215553222', 'mobile': '15000000000', 'status': '1', 'order': '3', 'orderTime': '1629275976', 'avatarUrl': ''}, {'uid': '8901714857951477', 'account': 'woshierhaochengyuan', 'name': '我是二号成员', 'enName': 'lucky', 'gender': '1', 'sign': '刘哥好帅我要嫁给他', 'email': '', 'avatar': '', 'tel': '0215553222', 'mobile': '15000000000', 'status': '1', 'order': '4', 'orderTime': '1629275976', 'avatarUrl': ''}]}
2021-08-18 16:39:42.530 | INFO     | common.data_process:assert_result:113 - 第1个断言,实际结果:成功 | 预期结果:成功 
断言结果 True
2021-08-18 16:39:42.849 | INFO     | base.base_requests:send_api:97 - 
最终请求地址:http://10.229.1.237:8888/v1/group/list?access_token=i5NwsdQbL5R54IeqfkAlpT3LooSFJ8cs&account=woshiqunzhuya&pageNo=1&pageSize=1
请求方法:get
请求头:{'Accept-Encoding': 'gzip, deflate', 'Accept-Language': 'zh-CN,zh;q=0.9', 'User-Agent': 'Mozilla/5.0 (Windows NT 10.0; Win64; x64) AppleWebKit/537.36 (KHTML, like Gecko) Chrome/86.0.4240.198 Safari/537.36'}
请求参数:{'account': 'woshiqunzhuya', 'pageNo': '1', 'pageSize': '1'}
上传文件:None
响应数据:{'errcode': '0', 'errmsg': '成功', 'totalCount': '1', 'datas': [{'groupid': '8901714857951478', 'name': '修改后的群聊名', 'hostUid': '8901714857951475', 'hostName': '我是群主呀', 'count': '1'}]}
2021-08-18 16:39:42.860 | INFO     | common.data_process:save_response:21 - 添加key: case_074, 对应value: {'errcode': '0', 'errmsg': '成功', 'totalCount': '1', 'datas': [{'groupid': '8901714857951478', 'name': '修改后的群聊名', 'hostUid': '8901714857951475', 'hostName': '我是群主呀', 'count': '1'}]}
2021-08-18 16:39:42.896 | INFO     | common.data_process:assert_result:113 - 第1个断言,实际结果:成功 | 预期结果:成功 
断言结果 True
2021-08-18 16:39:42.986 | INFO     | base.base_requests:send_api:97 - 
最终请求地址:http://10.229.1.237:8888/v1/group/list?access_token=i5NwsdQbL5R54IeqfkAlpT3LooSFJ8cs&account=woshiqunzhuya&pageNo=1
请求方法:get
请求头:{'Accept-Encoding': 'gzip, deflate', 'Accept-Language': 'zh-CN,zh;q=0.9', 'User-Agent': 'Mozilla/5.0 (Windows NT 10.0; Win64; x64) AppleWebKit/537.36 (KHTML, like Gecko) Chrome/86.0.4240.198 Safari/537.36'}
请求参数:{'account': 'woshiqunzhuya', 'pageNo': '1'}
上传文件:None
响应数据:{'errcode': '100001', 'errmsg': '参数缺失'}
2021-08-18 16:39:42.996 | INFO     | common.data_process:save_response:21 - 添加key: case_075, 对应value: {'errcode': '100001', 'errmsg': '参数缺失'}
2021-08-18 16:39:43.036 | INFO     | common.data_process:assert_result:113 - 第1个断言,实际结果:参数缺失 | 预期结果:参数缺失 
断言结果 True
2021-08-18 16:39:43.132 | INFO     | base.base_requests:send_api:97 - 
最终请求地址:http://10.229.1.237:8888/v1/group/list?access_token=i5NwsdQbL5R54IeqfkAlpT3LooSFJ8cs&account=&pageNo=1&pageSize=1
请求方法:get
请求头:{'Accept-Encoding': 'gzip, deflate', 'Accept-Language': 'zh-CN,zh;q=0.9', 'User-Agent': 'Mozilla/5.0 (Windows NT 10.0; Win64; x64) AppleWebKit/537.36 (KHTML, like Gecko) Chrome/86.0.4240.198 Safari/537.36'}
请求参数:{'account': '', 'pageNo': '1', 'pageSize': '1'}
上传文件:None
响应数据:{'errcode': '100001', 'errmsg': '参数缺失'}
2021-08-18 16:39:43.146 | INFO     | common.data_process:save_response:21 - 添加key: case_076, 对应value: {'errcode': '100001', 'errmsg': '参数缺失'}
2021-08-18 16:39:43.195 | INFO     | common.data_process:assert_result:113 - 第1个断言,实际结果:参数缺失 | 预期结果:参数缺失 
断言结果 True
2021-08-18 16:39:43.517 | INFO     | base.base_requests:send_api:97 - 
最终请求地址:http://10.229.1.237:8888/v1/group/user/add?access_token=i5NwsdQbL5R54IeqfkAlpT3LooSFJ8cs
请求方法:post
请求头:{'Accept-Encoding': 'gzip, deflate', 'Accept-Language': 'zh-CN,zh;q=0.9', 'User-Agent': 'Mozilla/5.0 (Windows NT 10.0; Win64; x64) AppleWebKit/537.36 (KHTML, like Gecko) Chrome/86.0.4240.198 Safari/537.36'}
请求参数:{'groupid': '8901714857951478', 'users': [{'uid': '8901714857951477', 'type': '110'}, {'uid': '8901714857951476', 'type': '110'}]}
上传文件:None
响应数据:{'errcode': '0', 'errmsg': '成功'}
2021-08-18 16:39:43.530 | INFO     | common.data_process:save_response:21 - 添加key: case_077, 对应value: {'errcode': '0', 'errmsg': '成功'}
2021-08-18 16:39:43.568 | INFO     | common.data_process:assert_result:113 - 第1个断言,实际结果:成功 | 预期结果:成功 
断言结果 True
2021-08-18 16:39:43.787 | INFO     | base.base_requests:send_api:97 - 
最终请求地址:http://10.229.1.237:8888/v1/group/user/get?access_token=i5NwsdQbL5R54IeqfkAlpT3LooSFJ8cs&groupid=8901714857951478
请求方法:get
请求头:{'Accept-Encoding': 'gzip, deflate', 'Accept-Language': 'zh-CN,zh;q=0.9', 'User-Agent': 'Mozilla/5.0 (Windows NT 10.0; Win64; x64) AppleWebKit/537.36 (KHTML, like Gecko) Chrome/86.0.4240.198 Safari/537.36'}
请求参数:{'groupid': '8901714857951478'}
上传文件:None
响应数据:{'errcode': '0', 'errmsg': '成功', 'datas': [{'uid': '8901714857951475', 'type': '104'}, {'uid': '8901714857951476', 'type': '110'}, {'uid': '8901714857951477', 'type': '110'}]}
2021-08-18 16:39:43.801 | INFO     | common.data_process:save_response:21 - 添加key: case_078, 对应value: {'errcode': '0', 'errmsg': '成功', 'datas': [{'uid': '8901714857951475', 'type': '104'}, {'uid': '8901714857951476', 'type': '110'}, {'uid': '8901714857951477', 'type': '110'}]}
2021-08-18 16:39:43.845 | INFO     | common.data_process:assert_result:113 - 第1个断言,实际结果:成功 | 预期结果:成功 
断言结果 True
2021-08-18 16:39:44.248 | INFO     | base.base_requests:send_api:97 - 
最终请求地址:http://10.229.1.237:8888/v1/group/host/set?access_token=i5NwsdQbL5R54IeqfkAlpT3LooSFJ8cs
请求方法:post
请求头:{'Accept-Encoding': 'gzip, deflate', 'Accept-Language': 'zh-CN,zh;q=0.9', 'User-Agent': 'Mozilla/5.0 (Windows NT 10.0; Win64; x64) AppleWebKit/537.36 (KHTML, like Gecko) Chrome/86.0.4240.198 Safari/537.36'}
请求参数:{'groupid': '8901714857951478', 'uid': '8901714857951476'}
上传文件:None
响应数据:{'errcode': '0', 'errmsg': '成功'}
2021-08-18 16:39:44.256 | INFO     | common.data_process:save_response:21 - 添加key: case_079, 对应value: {'errcode': '0', 'errmsg': '成功'}
2021-08-18 16:39:44.290 | INFO     | common.data_process:assert_result:113 - 第1个断言,实际结果:成功 | 预期结果:成功 
断言结果 True
2021-08-18 16:39:44.511 | INFO     | base.base_requests:send_api:97 - 
最终请求地址:http://10.229.1.237:8888/v1/group/user/get?access_token=i5NwsdQbL5R54IeqfkAlpT3LooSFJ8cs&groupid=8901714857951478
请求方法:get
请求头:{'Accept-Encoding': 'gzip, deflate', 'Accept-Language': 'zh-CN,zh;q=0.9', 'User-Agent': 'Mozilla/5.0 (Windows NT 10.0; Win64; x64) AppleWebKit/537.36 (KHTML, like Gecko) Chrome/86.0.4240.198 Safari/537.36'}
请求参数:{'groupid': '8901714857951478'}
上传文件:None
响应数据:{'errcode': '0', 'errmsg': '成功', 'datas': [{'uid': '8901714857951475', 'type': '110'}, {'uid': '8901714857951476', 'type': '104'}, {'uid': '8901714857951477', 'type': '110'}]}
2021-08-18 16:39:44.522 | INFO     | common.data_process:save_response:21 - 添加key: case_080, 对应value: {'errcode': '0', 'errmsg': '成功', 'datas': [{'uid': '8901714857951475', 'type': '110'}, {'uid': '8901714857951476', 'type': '104'}, {'uid': '8901714857951477', 'type': '110'}]}
2021-08-18 16:39:44.568 | INFO     | common.data_process:assert_result:113 - 第1个断言,实际结果:成功 | 预期结果:成功 
断言结果 True
2021-08-18 16:39:44.854 | INFO     | base.base_requests:send_api:97 - 
最终请求地址:http://10.229.1.237:8888/v1/group/user/set?access_token=i5NwsdQbL5R54IeqfkAlpT3LooSFJ8cs
请求方法:post
请求头:{'Accept-Encoding': 'gzip, deflate', 'Accept-Language': 'zh-CN,zh;q=0.9', 'User-Agent': 'Mozilla/5.0 (Windows NT 10.0; Win64; x64) AppleWebKit/537.36 (KHTML, like Gecko) Chrome/86.0.4240.198 Safari/537.36'}
请求参数:{'groupid': '8901714857951478', 'users': [{'uid': '8901714857951475', 'type': '109'}]}
上传文件:None
响应数据:{'errcode': '0', 'errmsg': '成功'}
2021-08-18 16:39:44.874 | INFO     | common.data_process:save_response:21 - 添加key: case_081, 对应value: {'errcode': '0', 'errmsg': '成功'}
2021-08-18 16:39:44.904 | INFO     | common.data_process:assert_result:113 - 第1个断言,实际结果:成功 | 预期结果:成功 
断言结果 True
2021-08-18 16:39:45.146 | INFO     | base.base_requests:send_api:97 - 
最终请求地址:http://10.229.1.237:8888/v1/group/user/get?access_token=i5NwsdQbL5R54IeqfkAlpT3LooSFJ8cs
请求方法:get
请求头:{'Accept-Encoding': 'gzip, deflate', 'Accept-Language': 'zh-CN,zh;q=0.9', 'User-Agent': 'Mozilla/5.0 (Windows NT 10.0; Win64; x64) AppleWebKit/537.36 (KHTML, like Gecko) Chrome/86.0.4240.198 Safari/537.36'}
请求参数:{'groupid': '8901714857951478'}
上传文件:None
响应数据:{'errcode': '0', 'errmsg': '成功', 'datas': [{'uid': '8901714857951475', 'type': '109'}, {'uid': '8901714857951476', 'type': '104'}, {'uid': '8901714857951477', 'type': '110'}]}
2021-08-18 16:39:45.163 | INFO     | common.data_process:save_response:21 - 添加key: case_082, 对应value: {'errcode': '0', 'errmsg': '成功', 'datas': [{'uid': '8901714857951475', 'type': '109'}, {'uid': '8901714857951476', 'type': '104'}, {'uid': '8901714857951477', 'type': '110'}]}
2021-08-18 16:39:45.210 | INFO     | common.data_process:assert_result:113 - 第1个断言,实际结果:成功 | 预期结果:成功 
断言结果 True
2021-08-18 16:39:45.577 | INFO     | base.base_requests:send_api:97 - 
最终请求地址:http://10.229.1.237:8888/v1/group/delete?access_token=i5NwsdQbL5R54IeqfkAlpT3LooSFJ8cs&groupid=8901714857951478
请求方法:get
请求头:{'Accept-Encoding': 'gzip, deflate', 'Accept-Language': 'zh-CN,zh;q=0.9', 'User-Agent': 'Mozilla/5.0 (Windows NT 10.0; Win64; x64) AppleWebKit/537.36 (KHTML, like Gecko) Chrome/86.0.4240.198 Safari/537.36'}
请求参数:{'groupid': '8901714857951478'}
上传文件:None
响应数据:{'errcode': '0', 'errmsg': '成功'}
2021-08-18 16:39:45.584 | INFO     | common.data_process:save_response:21 - 添加key: case_083, 对应value: {'errcode': '0', 'errmsg': '成功'}
2021-08-18 16:39:45.614 | INFO     | common.data_process:assert_result:113 - 第1个断言,实际结果:成功 | 预期结果:成功 
断言结果 True
2021-08-18 16:39:46.263 | INFO     | base.base_requests:send_api:97 - 
最终请求地址:http://10.229.1.237:8888/v1/user/delete?access_token=i5NwsdQbL5R54IeqfkAlpT3LooSFJ8cs&userid=8901714857951475
请求方法:get
请求头:{'Accept-Encoding': 'gzip, deflate', 'Accept-Language': 'zh-CN,zh;q=0.9', 'User-Agent': 'Mozilla/5.0 (Windows NT 10.0; Win64; x64) AppleWebKit/537.36 (KHTML, like Gecko) Chrome/86.0.4240.198 Safari/537.36'}
请求参数:{'userid': '8901714857951475'}
上传文件:None
响应数据:{'errcode': '0', 'errmsg': '成功'}
2021-08-18 16:39:46.270 | INFO     | common.data_process:save_response:21 - 添加key: case_084, 对应value: {'errcode': '0', 'errmsg': '成功'}
2021-08-18 16:39:46.296 | INFO     | common.data_process:assert_result:113 - 第1个断言,实际结果:成功 | 预期结果:成功 
断言结果 True
2021-08-18 16:39:46.916 | INFO     | base.base_requests:send_api:97 - 
最终请求地址:http://10.229.1.237:8888/v1/user/delete?access_token=i5NwsdQbL5R54IeqfkAlpT3LooSFJ8cs&userid=8901714857951476
请求方法:get
请求头:{'Accept-Encoding': 'gzip, deflate', 'Accept-Language': 'zh-CN,zh;q=0.9', 'User-Agent': 'Mozilla/5.0 (Windows NT 10.0; Win64; x64) AppleWebKit/537.36 (KHTML, like Gecko) Chrome/86.0.4240.198 Safari/537.36'}
请求参数:{'userid': '8901714857951476'}
上传文件:None
响应数据:{'errcode': '0', 'errmsg': '成功'}
2021-08-18 16:39:46.923 | INFO     | common.data_process:save_response:21 - 添加key: case_085, 对应value: {'errcode': '0', 'errmsg': '成功'}
2021-08-18 16:39:46.946 | INFO     | common.data_process:assert_result:113 - 第1个断言,实际结果:成功 | 预期结果:成功 
断言结果 True
2021-08-18 16:39:47.547 | INFO     | base.base_requests:send_api:97 - 
最终请求地址:http://10.229.1.237:8888/v1/user/delete?access_token=i5NwsdQbL5R54IeqfkAlpT3LooSFJ8cs&userid=8901714857951477
请求方法:get
请求头:{'Accept-Encoding': 'gzip, deflate', 'Accept-Language': 'zh-CN,zh;q=0.9', 'User-Agent': 'Mozilla/5.0 (Windows NT 10.0; Win64; x64) AppleWebKit/537.36 (KHTML, like Gecko) Chrome/86.0.4240.198 Safari/537.36'}
请求参数:{'userid': '8901714857951477'}
上传文件:None
响应数据:{'errcode': '0', 'errmsg': '成功'}
2021-08-18 16:39:47.553 | INFO     | common.data_process:save_response:21 - 添加key: case_086, 对应value: {'errcode': '0', 'errmsg': '成功'}
2021-08-18 16:39:47.577 | INFO     | common.data_process:assert_result:113 - 第1个断言,实际结果:成功 | 预期结果:成功 
断言结果 True
2021-08-18 16:39:47.908 | INFO     | base.base_requests:send_api:97 - 
最终请求地址:http://10.229.1.237:8888/v1/dept/delete?access_token=i5NwsdQbL5R54IeqfkAlpT3LooSFJ8cs&did=268435698
请求方法:get
请求头:{'Accept-Encoding': 'gzip, deflate', 'Accept-Language': 'zh-CN,zh;q=0.9', 'User-Agent': 'Mozilla/5.0 (Windows NT 10.0; Win64; x64) AppleWebKit/537.36 (KHTML, like Gecko) Chrome/86.0.4240.198 Safari/537.36'}
请求参数:{'did': '268435698'}
上传文件:None
响应数据:{'errcode': '0', 'errmsg': '成功'}
2021-08-18 16:39:47.915 | INFO     | common.data_process:save_response:21 - 添加key: case_087, 对应value: {'errcode': '0', 'errmsg': '成功'}
2021-08-18 16:39:47.938 | INFO     | common.data_process:assert_result:113 - 第1个断言,实际结果:成功 | 预期结果:成功 
断言结果 True
2021-08-18 16:39:48.150 | INFO     | base.base_requests:send_api:97 - 
最终请求地址:http://10.229.1.237:8787/corpmanage/masteradminlogin?account=bWFzdGVyYWRtaW4%3D&password=ITIzNFF3ZXI%3D
请求方法:get
请求头:{'Accept-Encoding': 'gzip, deflate', 'Accept-Language': 'zh-CN,zh;q=0.9', 'User-Agent': 'Mozilla/5.0 (Windows NT 10.0; Win64; x64) AppleWebKit/537.36 (KHTML, like Gecko) Chrome/86.0.4240.198 Safari/537.36'}
请求参数:{'account': 'bWFzdGVyYWRtaW4=', 'password': 'ITIzNFF3ZXI='}
上传文件:None
响应数据:{'trans_id': '2AE38333627E6908A9FFD6BFDDCFB9D8', 'err_code': '0', 'err_msg': '成功', 'timestamp': '1629275988', 'time_cost': '0.09', 'datas': [{'master_name': '云管理员', 'master_token': 'f0559b4d3a1907822623b0aba34121d4', 'master_token_expire_time': '86400', 'addr_conf': {'web_client': [{'scheme': 'http', 'host': '10.229.1.237', 'port': '8282', 'address': 'http://10.229.1.237:8282'}], 'web_open': [{'scheme': 'http', 'host': '10.229.1.237', 'port': '8888', 'address': 'http://10.229.1.237:8888'}], 'srv_push': [{'scheme': 'http', 'host': '10.229.1.237', 'port': '9090', 'address': 'http://10.229.1.237:9090'}], 'web_fed': [{'scheme': 'http', 'host': '10.229.1.237', 'port': '8282', 'address': 'http://10.229.1.237:8282'}], 'web_go': [{'scheme': 'http', 'host': '10.229.1.237', 'port': '9899', 'address': 'http://10.229.1.237:9899'}]}, 'inited': '1'}]}
2021-08-18 16:39:48.158 | INFO     | common.data_process:save_response:21 - 添加key: test_001, 对应value: {'trans_id': '2AE38333627E6908A9FFD6BFDDCFB9D8', 'err_code': '0', 'err_msg': '成功', 'timestamp': '1629275988', 'time_cost': '0.09', 'datas': [{'master_name': '云管理员', 'master_token': 'f0559b4d3a1907822623b0aba34121d4', 'master_token_expire_time': '86400', 'addr_conf': {'web_client': [{'scheme': 'http', 'host': '10.229.1.237', 'port': '8282', 'address': 'http://10.229.1.237:8282'}], 'web_open': [{'scheme': 'http', 'host': '10.229.1.237', 'port': '8888', 'address': 'http://10.229.1.237:8888'}], 'srv_push': [{'scheme': 'http', 'host': '10.229.1.237', 'port': '9090', 'address': 'http://10.229.1.237:9090'}], 'web_fed': [{'scheme': 'http', 'host': '10.229.1.237', 'port': '8282', 'address': 'http://10.229.1.237:8282'}], 'web_go': [{'scheme': 'http', 'host': '10.229.1.237', 'port': '9899', 'address': 'http://10.229.1.237:9899'}]}, 'inited': '1'}]}
2021-08-18 16:39:48.188 | INFO     | common.data_process:assert_result:113 - 第1个断言,实际结果:成功 | 预期结果:成功 
断言结果 True
2021-08-18 16:39:49.900 | INFO     | base.base_requests:send_api:97 - 
最终请求地址:http://10.229.1.237:8787/corpmanage/createcorp
请求方法:post
请求头:{'Accept-Encoding': 'gzip, deflate', 'Accept-Language': 'zh-CN,zh;q=0.9', 'User-Agent': 'Mozilla/5.0 (Windows NT 10.0; Win64; x64) AppleWebKit/537.36 (KHTML, like Gecko) Chrome/86.0.4240.198 Safari/537.36'}
请求参数:{'trans_id': '2AE38333627E6908A9FFD6BFDDCFB9D8', 'master_token': 'f0559b4d3a1907822623b0aba34121d4', 'cn_name': '开开自动化测试', 'admin_name': 'kaikai4', 'max_user_num': '100'}
上传文件:None
响应数据:{'trans_id': '2AE38333627E6908A9FFD6BFDDCFB9D8', 'err_code': '0', 'err_msg': '成功', 'timestamp': '1629275989', 'time_cost': '1.62', 'datas': [{'cid': '8901714857951479', 'admin_account': 'kaikai4478', 'admin_uid': '8901714857951480'}]}
2021-08-18 16:39:49.906 | INFO     | common.data_process:save_response:21 - 添加key: test_002, 对应value: {'trans_id': '2AE38333627E6908A9FFD6BFDDCFB9D8', 'err_code': '0', 'err_msg': '成功', 'timestamp': '1629275989', 'time_cost': '1.62', 'datas': [{'cid': '8901714857951479', 'admin_account': 'kaikai4478', 'admin_uid': '8901714857951480'}]}
2021-08-18 16:39:49.934 | INFO     | common.data_process:assert_result:113 - 第1个断言,实际结果:成功 | 预期结果:成功 
断言结果 True
