2021-08-18 16:34:40.252 | INFO     | __main__:run:15 - 开始测试...
2021-08-18 16:34:40.824 | INFO     | base.base_requests:send_api:97 - 
最终请求地址:http://10.229.1.237:8888/v1/gettoken?corpid=8901714857951333&corpsecret=5ZXPVBiimgMOsHiYOMsJOcR9mnAiF9SM
请求方法:get
请求头:{'Accept-Encoding': 'gzip, deflate', 'Accept-Language': 'zh-CN,zh;q=0.9', 'User-Agent': 'Mozilla/5.0 (Windows NT 10.0; Win64; x64) AppleWebKit/537.36 (KHTML, like Gecko) Chrome/86.0.4240.198 Safari/537.36'}
请求参数:{'corpid': '8901714857951333', 'corpsecret': '5ZXPVBiimgMOsHiYOMsJOcR9mnAiF9SM'}
上传文件:None
响应数据:{'errcode': '0', 'errmsg': '成功', 'access_token': 'i5NwsdQbL5R54IeqfkAlpT3LooSFJ8cs'}
2021-08-18 16:34:40.832 | ERROR    | common:extractor:26 - 提取不到内容，丢给你一个错误！'bool' object is not subscriptable
2021-08-18 16:34:40.836 | INFO     | common.data_process:save_response:21 - 添加key: case_001, 对应value: {'errcode': '0', 'errmsg': '成功', 'access_token': 'i5NwsdQbL5R54IeqfkAlpT3LooSFJ8cs'}
2021-08-18 16:34:40.840 | INFO     | common.data_process:assert_result:113 - 第1个断言,实际结果:成功 | 预期结果:成功 
断言结果 True
2021-08-18 16:34:40.924 | INFO     | base.base_requests:send_api:97 - 
最终请求地址:http://10.229.1.237:8888/v1/gettoken
请求方法:get
请求头:{'Accept-Encoding': 'gzip, deflate', 'Accept-Language': 'zh-CN,zh;q=0.9', 'User-Agent': 'Mozilla/5.0 (Windows NT 10.0; Win64; x64) AppleWebKit/537.36 (KHTML, like Gecko) Chrome/86.0.4240.198 Safari/537.36'}
请求参数:None
上传文件:None
响应数据:{'errcode': '100001', 'errmsg': '参数缺失'}
2021-08-18 16:34:40.933 | INFO     | common.data_process:save_response:21 - 添加key: case_002, 对应value: {'errcode': '100001', 'errmsg': '参数缺失'}
2021-08-18 16:34:40.938 | INFO     | common.data_process:assert_result:113 - 第1个断言,实际结果:参数缺失 | 预期结果:参数缺失 
断言结果 True
2021-08-18 16:34:41.084 | INFO     | base.base_requests:send_api:97 - 
最终请求地址:http://10.229.1.237:8888/v1/getcloudtoken?cloudsecret=QMCqzBHID04K60epIavwBLnp8V5Z4ucd
请求方法:get
请求头:{'Accept-Encoding': 'gzip, deflate', 'Accept-Language': 'zh-CN,zh;q=0.9', 'User-Agent': 'Mozilla/5.0 (Windows NT 10.0; Win64; x64) AppleWebKit/537.36 (KHTML, like Gecko) Chrome/86.0.4240.198 Safari/537.36'}
请求参数:{'cloudsecret': 'QMCqzBHID04K60epIavwBLnp8V5Z4ucd'}
上传文件:None
响应数据:{'errcode': '0', 'errmsg': '成功', 'access_token': 'SQ1pCzFTVNvAHYtKuyhcsQzTARwLxbz0'}
2021-08-18 16:34:41.092 | INFO     | common.data_process:save_response:21 - 添加key: case_003, 对应value: {'errcode': '0', 'errmsg': '成功', 'access_token': 'SQ1pCzFTVNvAHYtKuyhcsQzTARwLxbz0'}
2021-08-18 16:34:41.099 | INFO     | common.data_process:assert_result:113 - 第1个断言,实际结果:成功 | 预期结果:成功 
断言结果 True
2021-08-18 16:34:41.194 | INFO     | base.base_requests:send_api:97 - 
最终请求地址:http://10.229.1.237:8888/v1/getcloudtoken?cloudsecret=
请求方法:get
请求头:{'Accept-Encoding': 'gzip, deflate', 'Accept-Language': 'zh-CN,zh;q=0.9', 'User-Agent': 'Mozilla/5.0 (Windows NT 10.0; Win64; x64) AppleWebKit/537.36 (KHTML, like Gecko) Chrome/86.0.4240.198 Safari/537.36'}
请求参数:{'cloudsecret': ''}
上传文件:None
响应数据:{'errcode': '100001', 'errmsg': '参数缺失'}
2021-08-18 16:34:41.205 | INFO     | common.data_process:save_response:21 - 添加key: case_004, 对应value: {'errcode': '100001', 'errmsg': '参数缺失'}
2021-08-18 16:34:41.212 | INFO     | common.data_process:assert_result:113 - 第1个断言,实际结果:参数缺失 | 预期结果:参数缺失 
断言结果 True
2021-08-18 16:34:41.308 | INFO     | base.base_requests:send_api:97 - 
最终请求地址:http://10.229.1.237:8888/v1/corp/createcorp?access_token=SQ1pCzFTVNvAHYtKuyhcsQzTARwLxbz0
请求方法:post
请求头:{'Accept-Encoding': 'gzip, deflate', 'Accept-Language': 'zh-CN,zh;q=0.9', 'User-Agent': 'Mozilla/5.0 (Windows NT 10.0; Win64; x64) AppleWebKit/537.36 (KHTML, like Gecko) Chrome/86.0.4240.198 Safari/537.36'}
请求参数:{'admin_name': 'admin', 'corp_name': '', 'account_number': '100'}
上传文件:None
响应数据:{'errcode': '100001', 'errmsg': '参数缺失'}
2021-08-18 16:34:41.318 | INFO     | common.data_process:save_response:21 - 添加key: case_006, 对应value: {'errcode': '100001', 'errmsg': '参数缺失'}
2021-08-18 16:34:41.325 | INFO     | common.data_process:assert_result:113 - 第1个断言,实际结果:参数缺失 | 预期结果:参数缺失 
断言结果 True
2021-08-18 16:34:41.528 | INFO     | base.base_requests:send_api:97 - 
最终请求地址:http://10.229.1.237:8888/v1/corp/extattr/get?access_token=i5NwsdQbL5R54IeqfkAlpT3LooSFJ8cs
请求方法:get
请求头:{'Accept-Encoding': 'gzip, deflate', 'Accept-Language': 'zh-CN,zh;q=0.9', 'User-Agent': 'Mozilla/5.0 (Windows NT 10.0; Win64; x64) AppleWebKit/537.36 (KHTML, like Gecko) Chrome/86.0.4240.198 Safari/537.36'}
请求参数:None
上传文件:None
响应数据:{'errcode': '0', 'errmsg': '成功', 'datas': []}
2021-08-18 16:34:41.536 | INFO     | common.data_process:save_response:21 - 添加key: case_008, 对应value: {'errcode': '0', 'errmsg': '成功', 'datas': []}
2021-08-18 16:34:41.543 | INFO     | common.data_process:assert_result:113 - 第1个断言,实际结果:成功 | 预期结果:成功 
断言结果 True
2021-08-18 16:34:41.821 | INFO     | base.base_requests:send_api:97 - 
最终请求地址:http://10.229.1.237:8888/v1/dept/create?access_token=i5NwsdQbL5R54IeqfkAlpT3LooSFJ8cs
请求方法:post
请求头:{'Accept-Encoding': 'gzip, deflate', 'Accept-Language': 'zh-CN,zh;q=0.9', 'User-Agent': 'Mozilla/5.0 (Windows NT 10.0; Win64; x64) AppleWebKit/537.36 (KHTML, like Gecko) Chrome/86.0.4240.198 Safari/537.36'}
请求参数:{'pid': '0', 'name': '接口测试部门'}
上传文件:None
响应数据:{'errcode': '0', 'errmsg': '成功', 'did': '268435671'}
2021-08-18 16:34:41.829 | INFO     | common.data_process:save_response:21 - 添加key: case_009, 对应value: {'errcode': '0', 'errmsg': '成功', 'did': '268435671'}
2021-08-18 16:34:41.835 | INFO     | common.data_process:assert_result:113 - 第1个断言,实际结果:成功 | 预期结果:成功 
断言结果 True
2021-08-18 16:34:41.928 | INFO     | base.base_requests:send_api:97 - 
最终请求地址:http://10.229.1.237:8888/v1/dept/create?access_token=i5NwsdQbL5R54IeqfkAlpT3LooSFJ8cs
请求方法:post
请求头:{'Accept-Encoding': 'gzip, deflate', 'Accept-Language': 'zh-CN,zh;q=0.9', 'User-Agent': 'Mozilla/5.0 (Windows NT 10.0; Win64; x64) AppleWebKit/537.36 (KHTML, like Gecko) Chrome/86.0.4240.198 Safari/537.36'}
请求参数:{'pid': '0', 'name': ''}
上传文件:None
响应数据:{'errcode': '100001', 'errmsg': '参数缺失'}
2021-08-18 16:34:41.936 | INFO     | common.data_process:save_response:21 - 添加key: case_010, 对应value: {'errcode': '100001', 'errmsg': '参数缺失'}
2021-08-18 16:34:41.941 | INFO     | common.data_process:assert_result:113 - 第1个断言,实际结果:参数缺失 | 预期结果:参数缺失 
断言结果 True
2021-08-18 16:34:42.028 | INFO     | base.base_requests:send_api:97 - 
最终请求地址:http://10.229.1.237:8888/v1/dept/create?access_token=i5NwsdQbL5R54IeqfkAlpT3LooSFJ8cs
请求方法:post
请求头:{'Accept-Encoding': 'gzip, deflate', 'Accept-Language': 'zh-CN,zh;q=0.9', 'User-Agent': 'Mozilla/5.0 (Windows NT 10.0; Win64; x64) AppleWebKit/537.36 (KHTML, like Gecko) Chrome/86.0.4240.198 Safari/537.36'}
请求参数:{'pid': '0'}
上传文件:None
响应数据:{'errcode': '100001', 'errmsg': '参数缺失'}
2021-08-18 16:34:42.036 | INFO     | common.data_process:save_response:21 - 添加key: case_011, 对应value: {'errcode': '100001', 'errmsg': '参数缺失'}
2021-08-18 16:34:42.041 | INFO     | common.data_process:assert_result:113 - 第1个断言,实际结果:参数缺失 | 预期结果:参数缺失 
断言结果 True
2021-08-18 16:34:42.700 | INFO     | base.base_requests:send_api:97 - 
最终请求地址:http://10.229.1.237:8888/v1/user/create?access_token=i5NwsdQbL5R54IeqfkAlpT3LooSFJ8cs
请求方法:post
请求头:{'Accept-Encoding': 'gzip, deflate', 'Accept-Language': 'zh-CN,zh;q=0.9', 'User-Agent': 'Mozilla/5.0 (Windows NT 10.0; Win64; x64) AppleWebKit/537.36 (KHTML, like Gecko) Chrome/86.0.4240.198 Safari/537.36'}
请求参数:{'name': '部门里添加一人', 'department': [{'did': '268435671', 'order': '2', 'posName': 'ceo'}], 'gender': '1', 'sign': '故意添加一位作为群无法删除的条件', 'enName': 'lucky', 'tel': '0215553222', 'mobile': '15000000000'}
上传文件:None
响应数据:{'errcode': '0', 'errmsg': '成功', 'uid': '8901714857951448'}
2021-08-18 16:34:42.706 | INFO     | common.data_process:save_response:21 - 添加key: case_012, 对应value: {'errcode': '0', 'errmsg': '成功', 'uid': '8901714857951448'}
2021-08-18 16:34:42.711 | INFO     | common.data_process:assert_result:113 - 第1个断言,实际结果:成功 | 预期结果:成功 
断言结果 True
2021-08-18 16:34:42.924 | INFO     | base.base_requests:send_api:97 - 
最终请求地址:http://10.229.1.237:8888/v1/dept/update?access_token=i5NwsdQbL5R54IeqfkAlpT3LooSFJ8cs
请求方法:post
请求头:{'Accept-Encoding': 'gzip, deflate', 'Accept-Language': 'zh-CN,zh;q=0.9', 'User-Agent': 'Mozilla/5.0 (Windows NT 10.0; Win64; x64) AppleWebKit/537.36 (KHTML, like Gecko) Chrome/86.0.4240.198 Safari/537.36'}
请求参数:{'name': '更新的部门', 'did': '268435671'}
上传文件:None
响应数据:{'errcode': '0', 'errmsg': '成功'}
2021-08-18 16:34:42.933 | INFO     | common.data_process:save_response:21 - 添加key: case_013, 对应value: {'errcode': '0', 'errmsg': '成功'}
2021-08-18 16:34:42.938 | INFO     | common.data_process:assert_result:113 - 第1个断言,实际结果:成功 | 预期结果:成功 
断言结果 True
2021-08-18 16:34:43.028 | INFO     | base.base_requests:send_api:97 - 
最终请求地址:http://10.229.1.237:8888/v1/dept/update?access_token=i5NwsdQbL5R54IeqfkAlpT3LooSFJ8cs
请求方法:post
请求头:{'Accept-Encoding': 'gzip, deflate', 'Accept-Language': 'zh-CN,zh;q=0.9', 'User-Agent': 'Mozilla/5.0 (Windows NT 10.0; Win64; x64) AppleWebKit/537.36 (KHTML, like Gecko) Chrome/86.0.4240.198 Safari/537.36'}
请求参数:{'name': '更新的部门', 'did': ''}
上传文件:None
响应数据:{'errcode': '100001', 'errmsg': '参数缺失'}
2021-08-18 16:34:43.036 | INFO     | common.data_process:save_response:21 - 添加key: case_014, 对应value: {'errcode': '100001', 'errmsg': '参数缺失'}
2021-08-18 16:34:43.041 | INFO     | common.data_process:assert_result:113 - 第1个断言,实际结果:参数缺失 | 预期结果:参数缺失 
断言结果 True
2021-08-18 16:34:43.125 | INFO     | base.base_requests:send_api:97 - 
最终请求地址:http://10.229.1.237:8888/v1/dept/update?access_token=i5NwsdQbL5R54IeqfkAlpT3LooSFJ8cs
请求方法:post
请求头:{'Accept-Encoding': 'gzip, deflate', 'Accept-Language': 'zh-CN,zh;q=0.9', 'User-Agent': 'Mozilla/5.0 (Windows NT 10.0; Win64; x64) AppleWebKit/537.36 (KHTML, like Gecko) Chrome/86.0.4240.198 Safari/537.36'}
请求参数:{'name': '更新的部门'}
上传文件:None
响应数据:{'errcode': '100001', 'errmsg': '参数缺失'}
2021-08-18 16:34:43.133 | INFO     | common.data_process:save_response:21 - 添加key: case_015, 对应value: {'errcode': '100001', 'errmsg': '参数缺失'}
2021-08-18 16:34:43.138 | INFO     | common.data_process:assert_result:113 - 第1个断言,实际结果:参数缺失 | 预期结果:参数缺失 
断言结果 True
2021-08-18 16:34:43.359 | INFO     | base.base_requests:send_api:97 - 
最终请求地址:http://10.229.1.237:8888/v1/dept/list?access_token=i5NwsdQbL5R54IeqfkAlpT3LooSFJ8cs&did=268435671
请求方法:get
请求头:{'Accept-Encoding': 'gzip, deflate', 'Accept-Language': 'zh-CN,zh;q=0.9', 'User-Agent': 'Mozilla/5.0 (Windows NT 10.0; Win64; x64) AppleWebKit/537.36 (KHTML, like Gecko) Chrome/86.0.4240.198 Safari/537.36'}
请求参数:{'did': '268435671'}
上传文件:None
响应数据:{'errcode': '0', 'errmsg': '成功', 'datas': []}
2021-08-18 16:34:43.367 | INFO     | common.data_process:save_response:21 - 添加key: case_016, 对应value: {'errcode': '0', 'errmsg': '成功', 'datas': []}
2021-08-18 16:34:43.373 | INFO     | common.data_process:assert_result:113 - 第1个断言,实际结果:成功 | 预期结果:成功 
断言结果 True
2021-08-18 16:34:43.479 | INFO     | base.base_requests:send_api:97 - 
最终请求地址:http://10.229.1.237:8888/v1/dept/list?access_token=i5NwsdQbL5R54IeqfkAlpT3LooSFJ8cs
请求方法:get
请求头:{'Accept-Encoding': 'gzip, deflate', 'Accept-Language': 'zh-CN,zh;q=0.9', 'User-Agent': 'Mozilla/5.0 (Windows NT 10.0; Win64; x64) AppleWebKit/537.36 (KHTML, like Gecko) Chrome/86.0.4240.198 Safari/537.36'}
请求参数:None
上传文件:None
响应数据:{'errcode': '100001', 'errmsg': '参数缺失'}
2021-08-18 16:34:43.487 | INFO     | common.data_process:save_response:21 - 添加key: case_017, 对应value: {'errcode': '100001', 'errmsg': '参数缺失'}
2021-08-18 16:34:43.493 | INFO     | common.data_process:assert_result:113 - 第1个断言,实际结果:参数缺失 | 预期结果:参数缺失 
断言结果 True
2021-08-18 16:34:43.702 | INFO     | base.base_requests:send_api:97 - 
最终请求地址:http://10.229.1.237:8888/v1/dept/relation?access_token=i5NwsdQbL5R54IeqfkAlpT3LooSFJ8cs&did=268435671
请求方法:get
请求头:{'Accept-Encoding': 'gzip, deflate', 'Accept-Language': 'zh-CN,zh;q=0.9', 'User-Agent': 'Mozilla/5.0 (Windows NT 10.0; Win64; x64) AppleWebKit/537.36 (KHTML, like Gecko) Chrome/86.0.4240.198 Safari/537.36'}
请求参数:{'did': '268435671'}
上传文件:None
响应数据:{'errcode': '0', 'errmsg': '成功', 'deptCount': '0', 'pageCount': '0', 'nextPage': '0', 'datas': []}
2021-08-18 16:34:43.710 | INFO     | common.data_process:save_response:21 - 添加key: case_018, 对应value: {'errcode': '0', 'errmsg': '成功', 'deptCount': '0', 'pageCount': '0', 'nextPage': '0', 'datas': []}
2021-08-18 16:34:43.717 | INFO     | common.data_process:assert_result:113 - 第1个断言,实际结果:成功 | 预期结果:成功 
断言结果 True
2021-08-18 16:34:43.962 | INFO     | base.base_requests:send_api:97 - 
最终请求地址:http://10.229.1.237:8888/v1/dept/relation?access_token=i5NwsdQbL5R54IeqfkAlpT3LooSFJ8cs
请求方法:get
请求头:{'Accept-Encoding': 'gzip, deflate', 'Accept-Language': 'zh-CN,zh;q=0.9', 'User-Agent': 'Mozilla/5.0 (Windows NT 10.0; Win64; x64) AppleWebKit/537.36 (KHTML, like Gecko) Chrome/86.0.4240.198 Safari/537.36'}
请求参数:None
上传文件:None
响应数据:{'errcode': '0', 'errmsg': '成功', 'deptCount': '1', 'pageCount': '1', 'nextPage': '1', 'datas': [{'did': '268435671', 'name': '更新的部门', 'desp': '', 'tel': '', 'pid': '0', 'order': '0', 'has_child': 'false', 'child': 'false'}]}
2021-08-18 16:34:43.972 | INFO     | common.data_process:save_response:21 - 添加key: case_019, 对应value: {'errcode': '0', 'errmsg': '成功', 'deptCount': '1', 'pageCount': '1', 'nextPage': '1', 'datas': [{'did': '268435671', 'name': '更新的部门', 'desp': '', 'tel': '', 'pid': '0', 'order': '0', 'has_child': 'false', 'child': 'false'}]}
2021-08-18 16:34:43.981 | INFO     | common.data_process:assert_result:113 - 第1个断言,实际结果:成功 | 预期结果:成功 
断言结果 True
2021-08-18 16:34:44.220 | INFO     | base.base_requests:send_api:97 - 
最终请求地址:http://10.229.1.237:8888/v1/dept/get?access_token=i5NwsdQbL5R54IeqfkAlpT3LooSFJ8cs&did=268435671
请求方法:get
请求头:{'Accept-Encoding': 'gzip, deflate', 'Accept-Language': 'zh-CN,zh;q=0.9', 'User-Agent': 'Mozilla/5.0 (Windows NT 10.0; Win64; x64) AppleWebKit/537.36 (KHTML, like Gecko) Chrome/86.0.4240.198 Safari/537.36'}
请求参数:{'did': '268435671'}
上传文件:None
响应数据:{'errcode': '0', 'errmsg': '成功', 'did': '268435671', 'name': '更新的部门', 'desp': '', 'tel': '', 'pid': '0', 'order': '0', 'has_child': 'false', 'dept_group': 'false'}
2021-08-18 16:34:44.228 | INFO     | common.data_process:save_response:21 - 添加key: case_020, 对应value: {'errcode': '0', 'errmsg': '成功', 'did': '268435671', 'name': '更新的部门', 'desp': '', 'tel': '', 'pid': '0', 'order': '0', 'has_child': 'false', 'dept_group': 'false'}
2021-08-18 16:34:44.235 | INFO     | common.data_process:assert_result:113 - 第1个断言,实际结果:成功 | 预期结果:成功 
断言结果 True
2021-08-18 16:34:44.331 | INFO     | base.base_requests:send_api:97 - 
最终请求地址:http://10.229.1.237:8888/v1/dept/get?access_token=i5NwsdQbL5R54IeqfkAlpT3LooSFJ8cs
请求方法:get
请求头:{'Accept-Encoding': 'gzip, deflate', 'Accept-Language': 'zh-CN,zh;q=0.9', 'User-Agent': 'Mozilla/5.0 (Windows NT 10.0; Win64; x64) AppleWebKit/537.36 (KHTML, like Gecko) Chrome/86.0.4240.198 Safari/537.36'}
请求参数:None
上传文件:None
响应数据:{'errcode': '100001', 'errmsg': '参数缺失'}
2021-08-18 16:34:44.340 | INFO     | common.data_process:save_response:21 - 添加key: case_021, 对应value: {'errcode': '100001', 'errmsg': '参数缺失'}
2021-08-18 16:34:44.349 | INFO     | common.data_process:assert_result:113 - 第1个断言,实际结果:参数缺失 | 预期结果:参数缺失 
断言结果 True
2021-08-18 16:34:44.586 | INFO     | base.base_requests:send_api:97 - 
最终请求地址:http://10.229.1.237:8888/v1/media/upload?access_token=i5NwsdQbL5R54IeqfkAlpT3LooSFJ8cs
请求方法:post
请求头:{'Accept-Encoding': 'gzip, deflate', 'Accept-Language': 'zh-CN,zh;q=0.9', 'User-Agent': 'Mozilla/5.0 (Windows NT 10.0; Win64; x64) AppleWebKit/537.36 (KHTML, like Gecko) Chrome/86.0.4240.198 Safari/537.36'}
请求参数:{'type': 'image'}
上传文件:{'media': <_io.BufferedReader name='D:\\my-api\\data/file\\等于100k.jpg'>}
响应数据:{'errcode': '0', 'errmsg': '成功', 'type': 'image', 'media_id': '611cc624ee9eacca8211ef51', 'media_url': 'http://10.229.1.237:8989/uploads/image/20210818/36/36ecf235041ceac97966e04405bcad86.jpeg', 'created_at': '1629275684'}
2021-08-18 16:34:44.594 | INFO     | common.data_process:save_response:21 - 添加key: case_022, 对应value: {'errcode': '0', 'errmsg': '成功', 'type': 'image', 'media_id': '611cc624ee9eacca8211ef51', 'media_url': 'http://10.229.1.237:8989/uploads/image/20210818/36/36ecf235041ceac97966e04405bcad86.jpeg', 'created_at': '1629275684'}
2021-08-18 16:34:44.601 | INFO     | common.data_process:assert_result:113 - 第1个断言,实际结果:成功 | 预期结果:成功 
断言结果 True
2021-08-18 16:34:44.605 | INFO     | common.data_process:assert_result:113 - 第2个断言,实际结果:image | 预期结果:image 
断言结果 True
2021-08-18 16:34:44.772 | INFO     | base.base_requests:send_api:97 - 
最终请求地址:http://10.229.1.237:8888/v1/media/upload?access_token=i5NwsdQbL5R54IeqfkAlpT3LooSFJ8cs
请求方法:post
请求头:{'Accept-Encoding': 'gzip, deflate', 'Accept-Language': 'zh-CN,zh;q=0.9', 'User-Agent': 'Mozilla/5.0 (Windows NT 10.0; Win64; x64) AppleWebKit/537.36 (KHTML, like Gecko) Chrome/86.0.4240.198 Safari/537.36'}
请求参数:{'type': 'file'}
上传文件:{'media': <_io.BufferedReader name='D:\\my-api\\data/file\\富文本.xls'>}
响应数据:{'errcode': '0', 'errmsg': '成功', 'type': 'file', 'media_id': '611cc624ee9eacca4b397261', 'media_url': 'http://10.229.1.237:8989/uploads/file/20210818/15/15d91375b962651eaf1aa48902dcc3fc', 'created_at': '1629275684'}
2021-08-18 16:34:44.780 | INFO     | common.data_process:save_response:21 - 添加key: case_025, 对应value: {'errcode': '0', 'errmsg': '成功', 'type': 'file', 'media_id': '611cc624ee9eacca4b397261', 'media_url': 'http://10.229.1.237:8989/uploads/file/20210818/15/15d91375b962651eaf1aa48902dcc3fc', 'created_at': '1629275684'}
2021-08-18 16:34:44.789 | INFO     | common.data_process:assert_result:113 - 第1个断言,实际结果:成功 | 预期结果:成功 
断言结果 True
2021-08-18 16:34:44.944 | INFO     | base.base_requests:send_api:97 - 
最终请求地址:http://10.229.1.237:8888/v1/media/upload?access_token=i5NwsdQbL5R54IeqfkAlpT3LooSFJ8cs
请求方法:post
请求头:{'Accept-Encoding': 'gzip, deflate', 'Accept-Language': 'zh-CN,zh;q=0.9', 'User-Agent': 'Mozilla/5.0 (Windows NT 10.0; Win64; x64) AppleWebKit/537.36 (KHTML, like Gecko) Chrome/86.0.4240.198 Safari/537.36'}
请求参数:{'type': 'file'}
上传文件:{'media': <_io.BufferedReader name='D:\\my-api\\data/file\\敏捷项目 - 测试流程规范.docx'>}
响应数据:{'errcode': '0', 'errmsg': '成功', 'type': 'file', 'media_id': '611cc624ee9eacca7a36e941', 'media_url': 'http://10.229.1.237:8989/uploads/file/20210818/5e/5ea9d08ff8f958304cc413f5f5c45a07.bin', 'created_at': '1629275685'}
2021-08-18 16:34:44.953 | INFO     | common.data_process:save_response:21 - 添加key: case_026, 对应value: {'errcode': '0', 'errmsg': '成功', 'type': 'file', 'media_id': '611cc624ee9eacca7a36e941', 'media_url': 'http://10.229.1.237:8989/uploads/file/20210818/5e/5ea9d08ff8f958304cc413f5f5c45a07.bin', 'created_at': '1629275685'}
2021-08-18 16:34:44.961 | INFO     | common.data_process:assert_result:113 - 第1个断言,实际结果:成功 | 预期结果:成功 
断言结果 True
2021-08-18 16:34:45.110 | INFO     | base.base_requests:send_api:97 - 
最终请求地址:http://10.229.1.237:8888/v1/media/upload?access_token=i5NwsdQbL5R54IeqfkAlpT3LooSFJ8cs
请求方法:post
请求头:{'Accept-Encoding': 'gzip, deflate', 'Accept-Language': 'zh-CN,zh;q=0.9', 'User-Agent': 'Mozilla/5.0 (Windows NT 10.0; Win64; x64) AppleWebKit/537.36 (KHTML, like Gecko) Chrome/86.0.4240.198 Safari/537.36'}
请求参数:{'type': 'file'}
上传文件:{'media': <_io.BufferedReader name='D:\\my-api\\data/file\\敏捷项目 - 测试流程规范.pdf'>}
响应数据:{'errcode': '0', 'errmsg': '成功', 'type': 'file', 'media_id': '611cc625ee9eacca4e494981', 'media_url': 'http://10.229.1.237:8989/uploads/file/20210818/94/94f65cc19519817f682d254378a97835.pdf', 'created_at': '1629275685'}
2021-08-18 16:34:45.119 | INFO     | common.data_process:save_response:21 - 添加key: case_027, 对应value: {'errcode': '0', 'errmsg': '成功', 'type': 'file', 'media_id': '611cc625ee9eacca4e494981', 'media_url': 'http://10.229.1.237:8989/uploads/file/20210818/94/94f65cc19519817f682d254378a97835.pdf', 'created_at': '1629275685'}
2021-08-18 16:34:45.128 | INFO     | common.data_process:assert_result:113 - 第1个断言,实际结果:成功 | 预期结果:成功 
断言结果 True
2021-08-18 16:34:45.881 | INFO     | base.base_requests:send_api:97 - 
最终请求地址:http://10.229.1.237:8888/v1/user/create?access_token=i5NwsdQbL5R54IeqfkAlpT3LooSFJ8cs
请求方法:post
请求头:{'Accept-Encoding': 'gzip, deflate', 'Accept-Language': 'zh-CN,zh;q=0.9', 'User-Agent': 'Mozilla/5.0 (Windows NT 10.0; Win64; x64) AppleWebKit/537.36 (KHTML, like Gecko) Chrome/86.0.4240.198 Safari/537.36'}
请求参数:{'name': '开开真帅', 'department': [{'did': '268435671', 'order': '1', 'posName': 'ceo'}], 'gender': '1', 'sign': '刘哥太帅了！不解释！', 'enName': 'lucky', 'tel': '0215553222', 'mobile': '15000000000'}
上传文件:None
响应数据:{'errcode': '0', 'errmsg': '成功', 'uid': '8901714857951449'}
2021-08-18 16:34:45.887 | INFO     | common.data_process:save_response:21 - 添加key: case_028, 对应value: {'errcode': '0', 'errmsg': '成功', 'uid': '8901714857951449'}
2021-08-18 16:34:45.894 | INFO     | common.data_process:assert_result:113 - 第1个断言,实际结果:成功 | 预期结果:成功 
断言结果 True
2021-08-18 16:34:46.189 | INFO     | base.base_requests:send_api:97 - 
最终请求地址:http://10.229.1.237:8888/v1/user/create?access_token=i5NwsdQbL5R54IeqfkAlpT3LooSFJ8cs
请求方法:post
请求头:{'Accept-Encoding': 'gzip, deflate', 'Accept-Language': 'zh-CN,zh;q=0.9', 'User-Agent': 'Mozilla/5.0 (Windows NT 10.0; Win64; x64) AppleWebKit/537.36 (KHTML, like Gecko) Chrome/86.0.4240.198 Safari/537.36'}
请求参数:{'name': '开开真帅', 'department': [{'did': '268435671', 'order': '1', 'posName': 'ceo'}], 'gender': '1', 'sign': '刘哥太帅了！不解释！', 'enName': 'lucky', 'tel': '0215553222', 'mobile': '15000000000'}
上传文件:None
响应数据:{'errcode': '220001', 'errmsg': '用户帐号已存在'}
2021-08-18 16:34:46.198 | INFO     | common.data_process:save_response:21 - 添加key: case_029, 对应value: {'errcode': '220001', 'errmsg': '用户帐号已存在'}
2021-08-18 16:34:46.205 | INFO     | common.data_process:assert_result:113 - 第1个断言,实际结果:用户帐号已存在 | 预期结果:用户帐号已存在 
断言结果 True
2021-08-18 16:34:46.295 | INFO     | base.base_requests:send_api:97 - 
最终请求地址:http://10.229.1.237:8888/v1/user/create?access_token=i5NwsdQbL5R54IeqfkAlpT3LooSFJ8cs
请求方法:post
请求头:{'Accept-Encoding': 'gzip, deflate', 'Accept-Language': 'zh-CN,zh;q=0.9', 'User-Agent': 'Mozilla/5.0 (Windows NT 10.0; Win64; x64) AppleWebKit/537.36 (KHTML, like Gecko) Chrome/86.0.4240.198 Safari/537.36'}
请求参数:{'name': '开开真帅', 'gender': '1', 'sign': '刘哥太帅了！不解释！', 'enName': 'lucky', 'tel': '0215553222', 'mobile': '15000000000'}
上传文件:None
响应数据:{'errcode': '100001', 'errmsg': '参数缺失'}
2021-08-18 16:34:46.302 | INFO     | common.data_process:save_response:21 - 添加key: case_030, 对应value: {'errcode': '100001', 'errmsg': '参数缺失'}
2021-08-18 16:34:46.309 | INFO     | common.data_process:assert_result:113 - 第1个断言,实际结果:参数缺失 | 预期结果:参数缺失 
断言结果 True
2021-08-18 16:34:46.514 | INFO     | base.base_requests:send_api:97 - 
最终请求地址:http://10.229.1.237:8888/v1/user/create?access_token=i5NwsdQbL5R54IeqfkAlpT3LooSFJ8cs
请求方法:post
请求头:{'Accept-Encoding': 'gzip, deflate', 'Accept-Language': 'zh-CN,zh;q=0.9', 'User-Agent': 'Mozilla/5.0 (Windows NT 10.0; Win64; x64) AppleWebKit/537.36 (KHTML, like Gecko) Chrome/86.0.4240.198 Safari/537.36'}
请求参数:{'name': '开开真帅', 'department': [{'did': '268628868', 'order': '1', 'posName': 'ceo'}], 'gender': '1', 'sign': '刘哥太帅了！不解释！', 'enName': 'lucky', 'tel': '0215553222', 'mobile': '15000000000'}
上传文件:None
响应数据:{'errcode': '210005', 'errmsg': '部门不存在或部门id有误'}
2021-08-18 16:34:46.521 | INFO     | common.data_process:save_response:21 - 添加key: case_031, 对应value: {'errcode': '210005', 'errmsg': '部门不存在或部门id有误'}
2021-08-18 16:34:46.529 | INFO     | common.data_process:assert_result:113 - 第1个断言,实际结果:部门不存在或部门id有误 | 预期结果:部门不存在或部门id有误 
断言结果 True
2021-08-18 16:34:46.905 | INFO     | base.base_requests:send_api:97 - 
最终请求地址:http://10.229.1.237:8888/v1/user/update?access_token=i5NwsdQbL5R54IeqfkAlpT3LooSFJ8cs
请求方法:post
请求头:{'Accept-Encoding': 'gzip, deflate', 'Accept-Language': 'zh-CN,zh;q=0.9', 'User-Agent': 'Mozilla/5.0 (Windows NT 10.0; Win64; x64) AppleWebKit/537.36 (KHTML, like Gecko) Chrome/86.0.4240.198 Safari/537.36'}
请求参数:{'uid': '8901714857951449', 'name': '更新后的名字'}
上传文件:None
响应数据:{'errcode': '0', 'errmsg': '成功'}
2021-08-18 16:34:46.912 | INFO     | common.data_process:save_response:21 - 添加key: case_032, 对应value: {'errcode': '0', 'errmsg': '成功'}
2021-08-18 16:34:46.921 | INFO     | common.data_process:assert_result:113 - 第1个断言,实际结果:成功 | 预期结果:成功 
断言结果 True
2021-08-18 16:34:47.141 | INFO     | base.base_requests:send_api:97 - 
最终请求地址:http://10.229.1.237:8888/v1/user/update?access_token=i5NwsdQbL5R54IeqfkAlpT3LooSFJ8cs
请求方法:post
请求头:{'Accept-Encoding': 'gzip, deflate', 'Accept-Language': 'zh-CN,zh;q=0.9', 'User-Agent': 'Mozilla/5.0 (Windows NT 10.0; Win64; x64) AppleWebKit/537.36 (KHTML, like Gecko) Chrome/86.0.4240.198 Safari/537.36'}
请求参数:{'uid': '191761511520', 'name': '更新后的名字'}
上传文件:None
响应数据:{'errcode': '220013', 'errmsg': '用户不存在或用户id有误'}
2021-08-18 16:34:47.149 | INFO     | common.data_process:save_response:21 - 添加key: case_033, 对应value: {'errcode': '220013', 'errmsg': '用户不存在或用户id有误'}
2021-08-18 16:34:47.156 | INFO     | common.data_process:assert_result:113 - 第1个断言,实际结果:用户不存在或用户id有误 | 预期结果:用户不存在或用户id有误 
断言结果 True
2021-08-18 16:34:47.493 | INFO     | base.base_requests:send_api:97 - 
最终请求地址:http://10.229.1.237:8888/v1/user/get?access_token=i5NwsdQbL5R54IeqfkAlpT3LooSFJ8cs&userid=8901714857951449
请求方法:get
请求头:{'Accept-Encoding': 'gzip, deflate', 'Accept-Language': 'zh-CN,zh;q=0.9', 'User-Agent': 'Mozilla/5.0 (Windows NT 10.0; Win64; x64) AppleWebKit/537.36 (KHTML, like Gecko) Chrome/86.0.4240.198 Safari/537.36'}
请求参数:{'userid': '8901714857951449'}
上传文件:None
响应数据:{'errcode': '0', 'errmsg': '成功', 'account': 'kaikaizhenshuai', 'name': '更新后的名字', 'enName': 'lucky', 'gender': '1', 'sign': '刘哥太帅了！不解释！', 'email': '', 'avatar': '', 'tel': '0215553222', 'mobile': '15000000000', 'status': '1', 'deptData': [{'did': '268435671', 'name': '更新的部门', 'desp': '', 'pid': '0', 'order': '1', 'has_child': 'false', 'sourceDid': ''}], 'roleId': '30', 'staffId': '', 'posData': [{'did': '268435671', 'posId': '100', 'order': '0', 'posName': 'ceo'}], 'userid': '8901714857951449', 'extattr': [], 'avatarUrl': ''}
2021-08-18 16:34:47.500 | INFO     | common.data_process:save_response:21 - 添加key: case_034, 对应value: {'errcode': '0', 'errmsg': '成功', 'account': 'kaikaizhenshuai', 'name': '更新后的名字', 'enName': 'lucky', 'gender': '1', 'sign': '刘哥太帅了！不解释！', 'email': '', 'avatar': '', 'tel': '0215553222', 'mobile': '15000000000', 'status': '1', 'deptData': [{'did': '268435671', 'name': '更新的部门', 'desp': '', 'pid': '0', 'order': '1', 'has_child': 'false', 'sourceDid': ''}], 'roleId': '30', 'staffId': '', 'posData': [{'did': '268435671', 'posId': '100', 'order': '0', 'posName': 'ceo'}], 'userid': '8901714857951449', 'extattr': [], 'avatarUrl': ''}
2021-08-18 16:34:47.510 | INFO     | common.data_process:assert_result:113 - 第1个断言,实际结果:成功 | 预期结果:成功 
断言结果 True
2021-08-18 16:34:47.755 | INFO     | base.base_requests:send_api:97 - 
最终请求地址:http://10.229.1.237:8888/v1/user/list?access_token=i5NwsdQbL5R54IeqfkAlpT3LooSFJ8cs&did=268435671
请求方法:get
请求头:{'Accept-Encoding': 'gzip, deflate', 'Accept-Language': 'zh-CN,zh;q=0.9', 'User-Agent': 'Mozilla/5.0 (Windows NT 10.0; Win64; x64) AppleWebKit/537.36 (KHTML, like Gecko) Chrome/86.0.4240.198 Safari/537.36'}
请求参数:{'did': '268435671'}
上传文件:None
响应数据:{'errcode': '0', 'errmsg': '成功', 'datas': [{'uid': '8901714857951449', 'account': 'kaikaizhenshuai', 'name': '更新后的名字', 'enName': 'lucky', 'gender': '1', 'sign': '刘哥太帅了！不解释！', 'email': '', 'avatar': '', 'tel': '0215553222', 'mobile': '15000000000', 'status': '1', 'order': '1', 'orderTime': '1629275685', 'avatarUrl': ''}, {'uid': '8901714857951448', 'account': 'bumenlitianjiayiren', 'name': '部门里添加一人', 'enName': 'lucky', 'gender': '1', 'sign': '故意添加一位作为群无法删除的条件', 'email': '', 'avatar': '', 'tel': '0215553222', 'mobile': '15000000000', 'status': '1', 'order': '2', 'orderTime': '1629275682', 'avatarUrl': ''}]}
2021-08-18 16:34:47.763 | INFO     | common.data_process:save_response:21 - 添加key: case_035, 对应value: {'errcode': '0', 'errmsg': '成功', 'datas': [{'uid': '8901714857951449', 'account': 'kaikaizhenshuai', 'name': '更新后的名字', 'enName': 'lucky', 'gender': '1', 'sign': '刘哥太帅了！不解释！', 'email': '', 'avatar': '', 'tel': '0215553222', 'mobile': '15000000000', 'status': '1', 'order': '1', 'orderTime': '1629275685', 'avatarUrl': ''}, {'uid': '8901714857951448', 'account': 'bumenlitianjiayiren', 'name': '部门里添加一人', 'enName': 'lucky', 'gender': '1', 'sign': '故意添加一位作为群无法删除的条件', 'email': '', 'avatar': '', 'tel': '0215553222', 'mobile': '15000000000', 'status': '1', 'order': '2', 'orderTime': '1629275682', 'avatarUrl': ''}]}
2021-08-18 16:34:47.773 | INFO     | common.data_process:assert_result:113 - 第1个断言,实际结果:成功 | 预期结果:成功 
断言结果 True
2021-08-18 16:34:48.378 | INFO     | base.base_requests:send_api:97 - 
最终请求地址:http://10.229.1.237:8888/v1/user/delete?access_token=i5NwsdQbL5R54IeqfkAlpT3LooSFJ8cs&userid=8901714857951449
请求方法:get
请求头:{'Accept-Encoding': 'gzip, deflate', 'Accept-Language': 'zh-CN,zh;q=0.9', 'User-Agent': 'Mozilla/5.0 (Windows NT 10.0; Win64; x64) AppleWebKit/537.36 (KHTML, like Gecko) Chrome/86.0.4240.198 Safari/537.36'}
请求参数:{'userid': '8901714857951449'}
上传文件:None
响应数据:{'errcode': '0', 'errmsg': '成功'}
2021-08-18 16:34:48.385 | INFO     | common.data_process:save_response:21 - 添加key: case_036, 对应value: {'errcode': '0', 'errmsg': '成功'}
2021-08-18 16:34:48.394 | INFO     | common.data_process:assert_result:113 - 第1个断言,实际结果:成功 | 预期结果:成功 
断言结果 True
2021-08-18 16:34:49.117 | INFO     | base.base_requests:send_api:97 - 
最终请求地址:http://10.229.1.237:8888/v1/user/create?access_token=i5NwsdQbL5R54IeqfkAlpT3LooSFJ8cs
请求方法:post
请求头:{'Accept-Encoding': 'gzip, deflate', 'Accept-Language': 'zh-CN,zh;q=0.9', 'User-Agent': 'Mozilla/5.0 (Windows NT 10.0; Win64; x64) AppleWebKit/537.36 (KHTML, like Gecko) Chrome/86.0.4240.198 Safari/537.36'}
请求参数:{'name': '带头像的成员', 'avatar': '611cc624ee9eacca8211ef51', 'department': [{'did': '268435671', 'order': '2', 'posName': 'ceo'}], 'gender': '1', 'sign': '刘哥太帅了！不解释！', 'enName': 'lucky', 'tel': '0215553222', 'mobile': '15000000000'}
上传文件:None
响应数据:{'errcode': '0', 'errmsg': '成功', 'uid': '8901714857951450'}
2021-08-18 16:34:49.124 | INFO     | common.data_process:save_response:21 - 添加key: case_037, 对应value: {'errcode': '0', 'errmsg': '成功', 'uid': '8901714857951450'}
2021-08-18 16:34:49.133 | INFO     | common.data_process:assert_result:113 - 第1个断言,实际结果:成功 | 预期结果:成功 
断言结果 True
2021-08-18 16:34:49.766 | INFO     | base.base_requests:send_api:97 - 
最终请求地址:http://10.229.1.237:8888/v1/user/delete?access_token=i5NwsdQbL5R54IeqfkAlpT3LooSFJ8cs&userid=8901714857951450
请求方法:get
请求头:{'Accept-Encoding': 'gzip, deflate', 'Accept-Language': 'zh-CN,zh;q=0.9', 'User-Agent': 'Mozilla/5.0 (Windows NT 10.0; Win64; x64) AppleWebKit/537.36 (KHTML, like Gecko) Chrome/86.0.4240.198 Safari/537.36'}
请求参数:{'userid': '8901714857951450'}
上传文件:None
响应数据:{'errcode': '0', 'errmsg': '成功'}
2021-08-18 16:34:49.773 | INFO     | common.data_process:save_response:21 - 添加key: case_038, 对应value: {'errcode': '0', 'errmsg': '成功'}
2021-08-18 16:34:49.782 | INFO     | common.data_process:assert_result:113 - 第1个断言,实际结果:成功 | 预期结果:成功 
断言结果 True
2021-08-18 16:34:52.326 | INFO     | base.base_requests:send_api:97 - 
最终请求地址:http://10.229.1.237:8888/v1/user/batch/create?access_token=i5NwsdQbL5R54IeqfkAlpT3LooSFJ8cs
请求方法:post
请求头:{'Accept-Encoding': 'gzip, deflate', 'Accept-Language': 'zh-CN,zh;q=0.9', 'User-Agent': 'Mozilla/5.0 (Windows NT 10.0; Win64; x64) AppleWebKit/537.36 (KHTML, like Gecko) Chrome/86.0.4240.198 Safari/537.36'}
请求参数:{'users': [{'name': '批量创建用户1', 'account': 'piliangchuangjianyonghu1', 'avatar': '611cc624ee9eacca8211ef51', 'dept': '上海研发部', 'pos': 'boss', 'gender': '1', 'sign': '任重⽽道远', 'tel': '0215553222', 'mobile': '13012344321'}, {'name': '批量创建用户2', 'account': 'piliangchuangjianyonghu2', 'avatar': '611cc624ee9eacca8211ef51', 'dept': '上海研发部', 'pos': '总监', 'gender': '1', 'sign': '任重⽽道远', 'tel': '0215553223', 'mobile': '13012344321'}, {'name': '批量创建用户3', 'account': 'piliangchuangjianyonghu3', 'avatar': '611cc624ee9eacca8211ef51', 'dept': '上海研发部', 'pos': '经理', 'gender': '1', 'sign': '任重⽽道远', 'tel': '0215553224', 'mobile': '13012344321'}, {'name': '批量创建用户44', 'account': 'piliangchuangjianyonghu44', 'avatar': '611cc624ee9eacca8211ef51', 'dept': '上海研发部', 'pos': '员工', 'gender': '1', 'sign': '任重⽽道远', 'tel': '0215553225', 'mobile': '13012344321'}, {'name': '批量创建用户5', 'account': 'piliangchuangjianyonghu5', 'avatar': '611cc624ee9eacca8211ef51', 'dept': '上海研发部', 'pos': '员工', 'gender': '1', 'sign': '任重⽽道远', 'tel': '0215553226', 'mobile': '13012344321'}]}
上传文件:None
响应数据:{'errcode': '0', 'errmsg': '成功', 'users': [{'name': '批量创建用户1', 'account': 'piliangchuangjianyonghu1', 'avatar': '611cc624ee9eacca8211ef51', 'dept': '上海研发部', 'pos': 'boss', 'gender': '1', 'sign': '任重⽽道远', 'tel': '0215553222', 'mobile': '13012344321', 'result': '1', 'msg': '成功', 'uid': '8901714857951452'}, {'name': '批量创建用户2', 'account': 'piliangchuangjianyonghu2', 'avatar': '611cc624ee9eacca8211ef51', 'dept': '上海研发部', 'pos': '总监', 'gender': '1', 'sign': '任重⽽道远', 'tel': '0215553223', 'mobile': '13012344321', 'result': '1', 'msg': '成功', 'uid': '8901714857951453'}, {'name': '批量创建用户3', 'account': 'piliangchuangjianyonghu3', 'avatar': '611cc624ee9eacca8211ef51', 'dept': '上海研发部', 'pos': '经理', 'gender': '1', 'sign': '任重⽽道远', 'tel': '0215553224', 'mobile': '13012344321', 'result': '1', 'msg': '成功', 'uid': '8901714857951454'}, {'name': '批量创建用户44', 'account': 'piliangchuangjianyonghu44', 'avatar': '611cc624ee9eacca8211ef51', 'dept': '上海研发部', 'pos': '员工', 'gender': '1', 'sign': '任重⽽道远', 'tel': '0215553225', 'mobile': '13012344321', 'result': '1', 'msg': '成功', 'uid': '8901714857951455'}, {'name': '批量创建用户5', 'account': 'piliangchuangjianyonghu5', 'avatar': '611cc624ee9eacca8211ef51', 'dept': '上海研发部', 'pos': '员工', 'gender': '1', 'sign': '任重⽽道远', 'tel': '0215553226', 'mobile': '13012344321', 'result': '1', 'msg': '成功', 'uid': '8901714857951456'}]}
2021-08-18 16:34:52.335 | INFO     | common.data_process:save_response:21 - 添加key: case_039, 对应value: {'errcode': '0', 'errmsg': '成功', 'users': [{'name': '批量创建用户1', 'account': 'piliangchuangjianyonghu1', 'avatar': '611cc624ee9eacca8211ef51', 'dept': '上海研发部', 'pos': 'boss', 'gender': '1', 'sign': '任重⽽道远', 'tel': '0215553222', 'mobile': '13012344321', 'result': '1', 'msg': '成功', 'uid': '8901714857951452'}, {'name': '批量创建用户2', 'account': 'piliangchuangjianyonghu2', 'avatar': '611cc624ee9eacca8211ef51', 'dept': '上海研发部', 'pos': '总监', 'gender': '1', 'sign': '任重⽽道远', 'tel': '0215553223', 'mobile': '13012344321', 'result': '1', 'msg': '成功', 'uid': '8901714857951453'}, {'name': '批量创建用户3', 'account': 'piliangchuangjianyonghu3', 'avatar': '611cc624ee9eacca8211ef51', 'dept': '上海研发部', 'pos': '经理', 'gender': '1', 'sign': '任重⽽道远', 'tel': '0215553224', 'mobile': '13012344321', 'result': '1', 'msg': '成功', 'uid': '8901714857951454'}, {'name': '批量创建用户44', 'account': 'piliangchuangjianyonghu44', 'avatar': '611cc624ee9eacca8211ef51', 'dept': '上海研发部', 'pos': '员工', 'gender': '1', 'sign': '任重⽽道远', 'tel': '0215553225', 'mobile': '13012344321', 'result': '1', 'msg': '成功', 'uid': '8901714857951455'}, {'name': '批量创建用户5', 'account': 'piliangchuangjianyonghu5', 'avatar': '611cc624ee9eacca8211ef51', 'dept': '上海研发部', 'pos': '员工', 'gender': '1', 'sign': '任重⽽道远', 'tel': '0215553226', 'mobile': '13012344321', 'result': '1', 'msg': '成功', 'uid': '8901714857951456'}]}
2021-08-18 16:34:52.348 | INFO     | common.data_process:assert_result:113 - 第1个断言,实际结果:成功 | 预期结果:成功 
断言结果 True
2021-08-18 16:34:52.574 | INFO     | base.base_requests:send_api:97 - 
最终请求地址:http://10.229.1.237:8888/v1/user/ids?accounts%5B%5D=piliangchuangjianyonghu1&access_token=i5NwsdQbL5R54IeqfkAlpT3LooSFJ8cs
请求方法:get
请求头:{'Accept-Encoding': 'gzip, deflate', 'Accept-Language': 'zh-CN,zh;q=0.9', 'User-Agent': 'Mozilla/5.0 (Windows NT 10.0; Win64; x64) AppleWebKit/537.36 (KHTML, like Gecko) Chrome/86.0.4240.198 Safari/537.36'}
请求参数:{'access_token': 'i5NwsdQbL5R54IeqfkAlpT3LooSFJ8cs'}
上传文件:None
响应数据:{'errcode': '0', 'errmsg': '成功', 'datas': [{'uid': '8901714857951452', 'account': 'piliangchuangjianyonghu1'}]}
2021-08-18 16:34:52.583 | INFO     | common.data_process:save_response:21 - 添加key: case_040, 对应value: {'errcode': '0', 'errmsg': '成功', 'datas': [{'uid': '8901714857951452', 'account': 'piliangchuangjianyonghu1'}]}
2021-08-18 16:34:52.595 | INFO     | common.data_process:assert_result:113 - 第1个断言,实际结果:成功 | 预期结果:成功 
断言结果 True
2021-08-18 16:34:53.023 | INFO     | base.base_requests:send_api:97 - 
最终请求地址:http://10.229.1.237:8888/v1/user/batch/get?access_token=i5NwsdQbL5R54IeqfkAlpT3LooSFJ8cs
请求方法:post
请求头:{'Accept-Encoding': 'gzip, deflate', 'Accept-Language': 'zh-CN,zh;q=0.9', 'User-Agent': 'Mozilla/5.0 (Windows NT 10.0; Win64; x64) AppleWebKit/537.36 (KHTML, like Gecko) Chrome/86.0.4240.198 Safari/537.36'}
请求参数:{'uids': ['8901714857951452', '8901714857951453', '8901714857951454', '8901714857951455', '8901714857951456']}
上传文件:None
响应数据:{'errcode': '0', 'errmsg': '成功', 'datas': [{'account': 'piliangchuangjianyonghu1', 'name': '批量创建用户1', 'enName': '', 'gender': '1', 'sign': '任重⽽道远', 'email': '', 'avatar': '611cc624ee9eacca8211ef51', 'tel': '0215553222', 'mobile': '13012344321', 'status': '1', 'deptData': [{'did': '268435675', 'name': '上海研发部', 'desp': '', 'pid': '0', 'order': '0', 'has_child': 'false', 'sourceDid': ''}], 'roleId': '30', 'staffId': '', 'posData': [{'did': '268435675', 'posId': '101', 'order': '0', 'posName': 'boss'}], 'userid': '8901714857951452', 'extattr': [], 'avatarUrl': ''}, {'account': 'piliangchuangjianyonghu2', 'name': '批量创建用户2', 'enName': '', 'gender': '1', 'sign': '任重⽽道远', 'email': '', 'avatar': '611cc624ee9eacca8211ef51', 'tel': '0215553223', 'mobile': '13012344321', 'status': '1', 'deptData': [{'did': '268435675', 'name': '上海研发部', 'desp': '', 'pid': '0', 'order': '0', 'has_child': 'false', 'sourceDid': ''}], 'roleId': '30', 'staffId': '', 'posData': [{'did': '268435675', 'posId': '102', 'order': '0', 'posName': '总监'}], 'userid': '8901714857951453', 'extattr': [], 'avatarUrl': ''}, {'account': 'piliangchuangjianyonghu3', 'name': '批量创建用户3', 'enName': '', 'gender': '1', 'sign': '任重⽽道远', 'email': '', 'avatar': '611cc624ee9eacca8211ef51', 'tel': '0215553224', 'mobile': '13012344321', 'status': '1', 'deptData': [{'did': '268435675', 'name': '上海研发部', 'desp': '', 'pid': '0', 'order': '0', 'has_child': 'false', 'sourceDid': ''}], 'roleId': '30', 'staffId': '', 'posData': [{'did': '268435675', 'posId': '103', 'order': '0', 'posName': '经理'}], 'userid': '8901714857951454', 'extattr': [], 'avatarUrl': ''}, {'account': 'piliangchuangjianyonghu44', 'name': '批量创建用户44', 'enName': '', 'gender': '1', 'sign': '任重⽽道远', 'email': '', 'avatar': '611cc624ee9eacca8211ef51', 'tel': '0215553225', 'mobile': '13012344321', 'status': '1', 'deptData': [{'did': '268435675', 'name': '上海研发部', 'desp': '', 'pid': '0', 'order': '0', 'has_child': 'false', 'sourceDid': ''}], 'roleId': '30', 'staffId': '', 'posData': [{'did': '268435675', 'posId': '104', 'order': '0', 'posName': '员工'}], 'userid': '8901714857951455', 'extattr': [], 'avatarUrl': ''}, {'account': 'piliangchuangjianyonghu5', 'name': '批量创建用户5', 'enName': '', 'gender': '1', 'sign': '任重⽽道远', 'email': '', 'avatar': '611cc624ee9eacca8211ef51', 'tel': '0215553226', 'mobile': '13012344321', 'status': '1', 'deptData': [{'did': '268435675', 'name': '上海研发部', 'desp': '', 'pid': '0', 'order': '0', 'has_child': 'false', 'sourceDid': ''}], 'roleId': '30', 'staffId': '', 'posData': [{'did': '268435675', 'posId': '104', 'order': '0', 'posName': '员工'}], 'userid': '8901714857951456', 'extattr': [], 'avatarUrl': ''}]}
2021-08-18 16:34:53.035 | INFO     | common.data_process:save_response:21 - 添加key: case_041, 对应value: {'errcode': '0', 'errmsg': '成功', 'datas': [{'account': 'piliangchuangjianyonghu1', 'name': '批量创建用户1', 'enName': '', 'gender': '1', 'sign': '任重⽽道远', 'email': '', 'avatar': '611cc624ee9eacca8211ef51', 'tel': '0215553222', 'mobile': '13012344321', 'status': '1', 'deptData': [{'did': '268435675', 'name': '上海研发部', 'desp': '', 'pid': '0', 'order': '0', 'has_child': 'false', 'sourceDid': ''}], 'roleId': '30', 'staffId': '', 'posData': [{'did': '268435675', 'posId': '101', 'order': '0', 'posName': 'boss'}], 'userid': '8901714857951452', 'extattr': [], 'avatarUrl': ''}, {'account': 'piliangchuangjianyonghu2', 'name': '批量创建用户2', 'enName': '', 'gender': '1', 'sign': '任重⽽道远', 'email': '', 'avatar': '611cc624ee9eacca8211ef51', 'tel': '0215553223', 'mobile': '13012344321', 'status': '1', 'deptData': [{'did': '268435675', 'name': '上海研发部', 'desp': '', 'pid': '0', 'order': '0', 'has_child': 'false', 'sourceDid': ''}], 'roleId': '30', 'staffId': '', 'posData': [{'did': '268435675', 'posId': '102', 'order': '0', 'posName': '总监'}], 'userid': '8901714857951453', 'extattr': [], 'avatarUrl': ''}, {'account': 'piliangchuangjianyonghu3', 'name': '批量创建用户3', 'enName': '', 'gender': '1', 'sign': '任重⽽道远', 'email': '', 'avatar': '611cc624ee9eacca8211ef51', 'tel': '0215553224', 'mobile': '13012344321', 'status': '1', 'deptData': [{'did': '268435675', 'name': '上海研发部', 'desp': '', 'pid': '0', 'order': '0', 'has_child': 'false', 'sourceDid': ''}], 'roleId': '30', 'staffId': '', 'posData': [{'did': '268435675', 'posId': '103', 'order': '0', 'posName': '经理'}], 'userid': '8901714857951454', 'extattr': [], 'avatarUrl': ''}, {'account': 'piliangchuangjianyonghu44', 'name': '批量创建用户44', 'enName': '', 'gender': '1', 'sign': '任重⽽道远', 'email': '', 'avatar': '611cc624ee9eacca8211ef51', 'tel': '0215553225', 'mobile': '13012344321', 'status': '1', 'deptData': [{'did': '268435675', 'name': '上海研发部', 'desp': '', 'pid': '0', 'order': '0', 'has_child': 'false', 'sourceDid': ''}], 'roleId': '30', 'staffId': '', 'posData': [{'did': '268435675', 'posId': '104', 'order': '0', 'posName': '员工'}], 'userid': '8901714857951455', 'extattr': [], 'avatarUrl': ''}, {'account': 'piliangchuangjianyonghu5', 'name': '批量创建用户5', 'enName': '', 'gender': '1', 'sign': '任重⽽道远', 'email': '', 'avatar': '611cc624ee9eacca8211ef51', 'tel': '0215553226', 'mobile': '13012344321', 'status': '1', 'deptData': [{'did': '268435675', 'name': '上海研发部', 'desp': '', 'pid': '0', 'order': '0', 'has_child': 'false', 'sourceDid': ''}], 'roleId': '30', 'staffId': '', 'posData': [{'did': '268435675', 'posId': '104', 'order': '0', 'posName': '员工'}], 'userid': '8901714857951456', 'extattr': [], 'avatarUrl': ''}]}
2021-08-18 16:34:53.057 | INFO     | common.data_process:assert_result:113 - 第1个断言,实际结果:成功 | 预期结果:成功 
断言结果 True
2021-08-18 16:34:53.302 | INFO     | base.base_requests:send_api:97 - 
最终请求地址:http://10.229.1.237:8888/v1/user/list?access_token=i5NwsdQbL5R54IeqfkAlpT3LooSFJ8cs&did=268435671
请求方法:get
请求头:{'Accept-Encoding': 'gzip, deflate', 'Accept-Language': 'zh-CN,zh;q=0.9', 'User-Agent': 'Mozilla/5.0 (Windows NT 10.0; Win64; x64) AppleWebKit/537.36 (KHTML, like Gecko) Chrome/86.0.4240.198 Safari/537.36'}
请求参数:{'did': '268435671'}
上传文件:None
响应数据:{'errcode': '0', 'errmsg': '成功', 'datas': [{'uid': '8901714857951448', 'account': 'bumenlitianjiayiren', 'name': '部门里添加一人', 'enName': 'lucky', 'gender': '1', 'sign': '故意添加一位作为群无法删除的条件', 'email': '', 'avatar': '', 'tel': '0215553222', 'mobile': '15000000000', 'status': '1', 'order': '2', 'orderTime': '1629275682', 'avatarUrl': ''}]}
2021-08-18 16:34:53.310 | INFO     | common.data_process:save_response:21 - 添加key: case_042, 对应value: {'errcode': '0', 'errmsg': '成功', 'datas': [{'uid': '8901714857951448', 'account': 'bumenlitianjiayiren', 'name': '部门里添加一人', 'enName': 'lucky', 'gender': '1', 'sign': '故意添加一位作为群无法删除的条件', 'email': '', 'avatar': '', 'tel': '0215553222', 'mobile': '15000000000', 'status': '1', 'order': '2', 'orderTime': '1629275682', 'avatarUrl': ''}]}
2021-08-18 16:34:53.335 | INFO     | common.data_process:assert_result:113 - 第1个断言,实际结果:成功 | 预期结果:成功 
断言结果 True
2021-08-18 16:34:54.951 | INFO     | base.base_requests:send_api:97 - 
最终请求地址:http://10.229.1.237:8888/v1/user/batch/delete?access_token=i5NwsdQbL5R54IeqfkAlpT3LooSFJ8cs
请求方法:post
请求头:{'Accept-Encoding': 'gzip, deflate', 'Accept-Language': 'zh-CN,zh;q=0.9', 'User-Agent': 'Mozilla/5.0 (Windows NT 10.0; Win64; x64) AppleWebKit/537.36 (KHTML, like Gecko) Chrome/86.0.4240.198 Safari/537.36'}
请求参数:{'uids': ['8901714857951452', '8901714857951453', '8901714857951454', '8901714857951455', '8901714857951456']}
上传文件:None
响应数据:{'errcode': '0', 'errmsg': '成功'}
2021-08-18 16:34:54.959 | INFO     | common.data_process:save_response:21 - 添加key: case_044, 对应value: {'errcode': '0', 'errmsg': '成功'}
2021-08-18 16:34:54.982 | INFO     | common.data_process:assert_result:113 - 第1个断言,实际结果:成功 | 预期结果:成功 
断言结果 True
2021-08-18 16:34:55.273 | INFO     | base.base_requests:send_api:97 - 
最终请求地址:http://10.229.1.237:8888/v1/dept/relation?access_token=i5NwsdQbL5R54IeqfkAlpT3LooSFJ8cs
请求方法:get
请求头:{'Accept-Encoding': 'gzip, deflate', 'Accept-Language': 'zh-CN,zh;q=0.9', 'User-Agent': 'Mozilla/5.0 (Windows NT 10.0; Win64; x64) AppleWebKit/537.36 (KHTML, like Gecko) Chrome/86.0.4240.198 Safari/537.36'}
请求参数:None
上传文件:None
响应数据:{'errcode': '0', 'errmsg': '成功', 'deptCount': '2', 'pageCount': '1', 'nextPage': '1', 'datas': [{'did': '268435671', 'name': '更新的部门', 'desp': '', 'tel': '', 'pid': '0', 'order': '0', 'has_child': 'false', 'child': 'false'}, {'did': '268435675', 'name': '上海研发部', 'desp': '', 'tel': '', 'pid': '0', 'order': '0', 'has_child': 'false', 'child': 'false'}]}
2021-08-18 16:34:55.281 | INFO     | common.data_process:save_response:21 - 添加key: case_045, 对应value: {'errcode': '0', 'errmsg': '成功', 'deptCount': '2', 'pageCount': '1', 'nextPage': '1', 'datas': [{'did': '268435671', 'name': '更新的部门', 'desp': '', 'tel': '', 'pid': '0', 'order': '0', 'has_child': 'false', 'child': 'false'}, {'did': '268435675', 'name': '上海研发部', 'desp': '', 'tel': '', 'pid': '0', 'order': '0', 'has_child': 'false', 'child': 'false'}]}
2021-08-18 16:34:55.300 | INFO     | common.data_process:assert_result:113 - 第1个断言,实际结果:成功 | 预期结果:成功 
断言结果 True
2021-08-18 16:34:55.602 | INFO     | base.base_requests:send_api:97 - 
最终请求地址:http://10.229.1.237:8888/v1/dept/delete?access_token=i5NwsdQbL5R54IeqfkAlpT3LooSFJ8cs&did=268435675
请求方法:get
请求头:{'Accept-Encoding': 'gzip, deflate', 'Accept-Language': 'zh-CN,zh;q=0.9', 'User-Agent': 'Mozilla/5.0 (Windows NT 10.0; Win64; x64) AppleWebKit/537.36 (KHTML, like Gecko) Chrome/86.0.4240.198 Safari/537.36'}
请求参数:{'did': '268435675'}
上传文件:None
响应数据:{'errcode': '0', 'errmsg': '成功'}
2021-08-18 16:34:55.608 | INFO     | common.data_process:save_response:21 - 添加key: case_046, 对应value: {'errcode': '0', 'errmsg': '成功'}
2021-08-18 16:34:55.631 | INFO     | common.data_process:assert_result:113 - 第1个断言,实际结果:成功 | 预期结果:成功 
断言结果 True
2021-08-18 16:34:55.876 | INFO     | base.base_requests:send_api:97 - 
最终请求地址:http://10.229.1.237:8888/v1/dept/delete?access_token=i5NwsdQbL5R54IeqfkAlpT3LooSFJ8cs&did=268435671
请求方法:get
请求头:{'Accept-Encoding': 'gzip, deflate', 'Accept-Language': 'zh-CN,zh;q=0.9', 'User-Agent': 'Mozilla/5.0 (Windows NT 10.0; Win64; x64) AppleWebKit/537.36 (KHTML, like Gecko) Chrome/86.0.4240.198 Safari/537.36'}
请求参数:{'did': '268435671'}
上传文件:None
响应数据:{'errcode': '210008', 'errmsg': '部门下有子部门或成员'}
2021-08-18 16:34:55.885 | INFO     | common.data_process:save_response:21 - 添加key: case_047, 对应value: {'errcode': '210008', 'errmsg': '部门下有子部门或成员'}
2021-08-18 16:34:55.906 | INFO     | common.data_process:assert_result:113 - 第1个断言,实际结果:部门下有子部门或成员 | 预期结果:部门下有子部门或成员 
断言结果 True
2021-08-18 16:34:56.493 | INFO     | base.base_requests:send_api:97 - 
最终请求地址:http://10.229.1.237:8888/v1/user/delete?access_token=i5NwsdQbL5R54IeqfkAlpT3LooSFJ8cs&userid=8901714857951448
请求方法:get
请求头:{'Accept-Encoding': 'gzip, deflate', 'Accept-Language': 'zh-CN,zh;q=0.9', 'User-Agent': 'Mozilla/5.0 (Windows NT 10.0; Win64; x64) AppleWebKit/537.36 (KHTML, like Gecko) Chrome/86.0.4240.198 Safari/537.36'}
请求参数:{'userid': '8901714857951448'}
上传文件:None
响应数据:{'errcode': '0', 'errmsg': '成功'}
2021-08-18 16:34:56.499 | INFO     | common.data_process:save_response:21 - 添加key: case_048, 对应value: {'errcode': '0', 'errmsg': '成功'}
2021-08-18 16:34:56.516 | INFO     | common.data_process:assert_result:113 - 第1个断言,实际结果:成功 | 预期结果:成功 
断言结果 True
2021-08-18 16:34:56.844 | INFO     | base.base_requests:send_api:97 - 
最终请求地址:http://10.229.1.237:8888/v1/dept/delete?access_token=i5NwsdQbL5R54IeqfkAlpT3LooSFJ8cs&did=268435671
请求方法:get
请求头:{'Accept-Encoding': 'gzip, deflate', 'Accept-Language': 'zh-CN,zh;q=0.9', 'User-Agent': 'Mozilla/5.0 (Windows NT 10.0; Win64; x64) AppleWebKit/537.36 (KHTML, like Gecko) Chrome/86.0.4240.198 Safari/537.36'}
请求参数:{'did': '268435671'}
上传文件:None
响应数据:{'errcode': '0', 'errmsg': '成功'}
2021-08-18 16:34:56.851 | INFO     | common.data_process:save_response:21 - 添加key: case_049, 对应value: {'errcode': '0', 'errmsg': '成功'}
2021-08-18 16:34:56.875 | INFO     | common.data_process:assert_result:113 - 第1个断言,实际结果:成功 | 预期结果:成功 
断言结果 True
2021-08-18 16:34:57.122 | INFO     | base.base_requests:send_api:97 - 
最终请求地址:http://10.229.1.237:8888/v1/dept/create?access_token=i5NwsdQbL5R54IeqfkAlpT3LooSFJ8cs
请求方法:post
请求头:{'Accept-Encoding': 'gzip, deflate', 'Accept-Language': 'zh-CN,zh;q=0.9', 'User-Agent': 'Mozilla/5.0 (Windows NT 10.0; Win64; x64) AppleWebKit/537.36 (KHTML, like Gecko) Chrome/86.0.4240.198 Safari/537.36'}
请求参数:{'pid': '0', 'name': '群相关依赖部门'}
上传文件:None
响应数据:{'errcode': '0', 'errmsg': '成功', 'did': '268435681'}
2021-08-18 16:34:57.130 | INFO     | common.data_process:save_response:21 - 添加key: case_050, 对应value: {'errcode': '0', 'errmsg': '成功', 'did': '268435681'}
2021-08-18 16:34:57.169 | INFO     | common.data_process:assert_result:113 - 第1个断言,实际结果:成功 | 预期结果:成功 
断言结果 True
2021-08-18 16:34:57.801 | INFO     | base.base_requests:send_api:97 - 
最终请求地址:http://10.229.1.237:8888/v1/user/create?access_token=i5NwsdQbL5R54IeqfkAlpT3LooSFJ8cs
请求方法:post
请求头:{'Accept-Encoding': 'gzip, deflate', 'Accept-Language': 'zh-CN,zh;q=0.9', 'User-Agent': 'Mozilla/5.0 (Windows NT 10.0; Win64; x64) AppleWebKit/537.36 (KHTML, like Gecko) Chrome/86.0.4240.198 Safari/537.36'}
请求参数:{'name': '我是群主呀', 'department': [{'did': '268435681', 'order': '2', 'posName': 'ceo'}], 'gender': '1', 'sign': '刘哥好帅我要嫁给他', 'enName': 'lucky', 'tel': '0215553222', 'mobile': '15000000000'}
上传文件:None
响应数据:{'errcode': '0', 'errmsg': '成功', 'uid': '8901714857951458'}
2021-08-18 16:34:57.808 | INFO     | common.data_process:save_response:21 - 添加key: case_051, 对应value: {'errcode': '0', 'errmsg': '成功', 'uid': '8901714857951458'}
2021-08-18 16:34:57.828 | INFO     | common.data_process:assert_result:113 - 第1个断言,实际结果:成功 | 预期结果:成功 
断言结果 True
2021-08-18 16:34:58.562 | INFO     | base.base_requests:send_api:97 - 
最终请求地址:http://10.229.1.237:8888/v1/user/create?access_token=i5NwsdQbL5R54IeqfkAlpT3LooSFJ8cs
请求方法:post
请求头:{'Accept-Encoding': 'gzip, deflate', 'Accept-Language': 'zh-CN,zh;q=0.9', 'User-Agent': 'Mozilla/5.0 (Windows NT 10.0; Win64; x64) AppleWebKit/537.36 (KHTML, like Gecko) Chrome/86.0.4240.198 Safari/537.36'}
请求参数:{'name': '我是群成员呀', 'department': [{'did': '268435681', 'order': '3', 'posName': 'ceo'}], 'gender': '0', 'sign': '刘哥好帅我要嫁给他', 'enName': 'lucky', 'tel': '0215553222', 'mobile': '15000000000'}
上传文件:None
响应数据:{'errcode': '0', 'errmsg': '成功', 'uid': '8901714857951459'}
2021-08-18 16:34:58.569 | INFO     | common.data_process:save_response:21 - 添加key: case_052, 对应value: {'errcode': '0', 'errmsg': '成功', 'uid': '8901714857951459'}
2021-08-18 16:34:58.589 | INFO     | common.data_process:assert_result:113 - 第1个断言,实际结果:成功 | 预期结果:成功 
断言结果 True
2021-08-18 16:34:59.300 | INFO     | base.base_requests:send_api:97 - 
最终请求地址:http://10.229.1.237:8888/v1/user/create?access_token=i5NwsdQbL5R54IeqfkAlpT3LooSFJ8cs
请求方法:post
请求头:{'Accept-Encoding': 'gzip, deflate', 'Accept-Language': 'zh-CN,zh;q=0.9', 'User-Agent': 'Mozilla/5.0 (Windows NT 10.0; Win64; x64) AppleWebKit/537.36 (KHTML, like Gecko) Chrome/86.0.4240.198 Safari/537.36'}
请求参数:{'name': '我是二号成员', 'department': [{'did': '268435681', 'order': '4', 'posName': 'ee'}], 'gender': '1', 'sign': '刘哥好帅我要嫁给他', 'enName': 'lucky', 'tel': '0215553222', 'mobile': '15000000000'}
上传文件:None
响应数据:{'errcode': '0', 'errmsg': '成功', 'uid': '8901714857951460'}
2021-08-18 16:34:59.307 | INFO     | common.data_process:save_response:21 - 添加key: case_053, 对应value: {'errcode': '0', 'errmsg': '成功', 'uid': '8901714857951460'}
2021-08-18 16:34:59.327 | INFO     | common.data_process:assert_result:113 - 第1个断言,实际结果:成功 | 预期结果:成功 
断言结果 True
2021-08-18 16:34:59.664 | INFO     | base.base_requests:send_api:97 - 
最终请求地址:http://10.229.1.237:8888/v1/group/create?access_token=i5NwsdQbL5R54IeqfkAlpT3LooSFJ8cs
请求方法:post
请求头:{'Accept-Encoding': 'gzip, deflate', 'Accept-Language': 'zh-CN,zh;q=0.9', 'User-Agent': 'Mozilla/5.0 (Windows NT 10.0; Win64; x64) AppleWebKit/537.36 (KHTML, like Gecko) Chrome/86.0.4240.198 Safari/537.36'}
请求参数:{'name': '自动化测试群聊', 'did': '268435681', 'hostUid': '8901714857951458', 'uids': ['8901714857951459']}
上传文件:None
响应数据:{'errcode': '0', 'errmsg': '成功', 'groupid': '8901714857951461'}
2021-08-18 16:34:59.670 | INFO     | common.data_process:save_response:21 - 添加key: case_054, 对应value: {'errcode': '0', 'errmsg': '成功', 'groupid': '8901714857951461'}
2021-08-18 16:34:59.689 | INFO     | common.data_process:assert_result:113 - 第1个断言,实际结果:成功 | 预期结果:成功 
断言结果 True
2021-08-18 16:34:59.771 | INFO     | base.base_requests:send_api:97 - 
最终请求地址:http://10.229.1.237:8888/v1/group/create?access_token=i5NwsdQbL5R54IeqfkAlpT3LooSFJ8cs
请求方法:post
请求头:{'Accept-Encoding': 'gzip, deflate', 'Accept-Language': 'zh-CN,zh;q=0.9', 'User-Agent': 'Mozilla/5.0 (Windows NT 10.0; Win64; x64) AppleWebKit/537.36 (KHTML, like Gecko) Chrome/86.0.4240.198 Safari/537.36'}
请求参数:{'name': '', 'did': '268435681', 'hostUid': '8901714857951458', 'uids': ['8901714857951459']}
上传文件:None
响应数据:{'errcode': '100001', 'errmsg': '参数缺失'}
2021-08-18 16:34:59.778 | INFO     | common.data_process:save_response:21 - 添加key: case_055, 对应value: {'errcode': '100001', 'errmsg': '参数缺失'}
2021-08-18 16:34:59.799 | INFO     | common.data_process:assert_result:113 - 第1个断言,实际结果:参数缺失 | 预期结果:参数缺失 
断言结果 True
2021-08-18 16:35:00.075 | INFO     | base.base_requests:send_api:97 - 
最终请求地址:http://10.229.1.237:8888/v1/group/update?access_token=i5NwsdQbL5R54IeqfkAlpT3LooSFJ8cs
请求方法:post
请求头:{'Accept-Encoding': 'gzip, deflate', 'Accept-Language': 'zh-CN,zh;q=0.9', 'User-Agent': 'Mozilla/5.0 (Windows NT 10.0; Win64; x64) AppleWebKit/537.36 (KHTML, like Gecko) Chrome/86.0.4240.198 Safari/537.36'}
请求参数:{'groupid': '8901714857951461', 'name': '修改后的群聊名'}
上传文件:None
响应数据:{'errcode': '0', 'errmsg': '成功'}
2021-08-18 16:35:00.083 | INFO     | common.data_process:save_response:21 - 添加key: case_056, 对应value: {'errcode': '0', 'errmsg': '成功'}
2021-08-18 16:35:00.105 | INFO     | common.data_process:assert_result:113 - 第1个断言,实际结果:成功 | 预期结果:成功 
断言结果 True
2021-08-18 16:35:00.190 | INFO     | base.base_requests:send_api:97 - 
最终请求地址:http://10.229.1.237:8888/v1/group/update?access_token=i5NwsdQbL5R54IeqfkAlpT3LooSFJ8cs
请求方法:post
请求头:{'Accept-Encoding': 'gzip, deflate', 'Accept-Language': 'zh-CN,zh;q=0.9', 'User-Agent': 'Mozilla/5.0 (Windows NT 10.0; Win64; x64) AppleWebKit/537.36 (KHTML, like Gecko) Chrome/86.0.4240.198 Safari/537.36'}
请求参数:{'name': '修改后的群聊名'}
上传文件:None
响应数据:{'errcode': '100001', 'errmsg': '参数缺失'}
2021-08-18 16:35:00.198 | INFO     | common.data_process:save_response:21 - 添加key: case_057, 对应value: {'errcode': '100001', 'errmsg': '参数缺失'}
2021-08-18 16:35:00.221 | INFO     | common.data_process:assert_result:113 - 第1个断言,实际结果:参数缺失 | 预期结果:参数缺失 
断言结果 True
2021-08-18 16:35:00.507 | INFO     | base.base_requests:send_api:97 - 
最终请求地址:http://10.229.1.237:8888/v1/group/get?access_token=i5NwsdQbL5R54IeqfkAlpT3LooSFJ8cs&groupid=8901714857951461
请求方法:get
请求头:{'Accept-Encoding': 'gzip, deflate', 'Accept-Language': 'zh-CN,zh;q=0.9', 'User-Agent': 'Mozilla/5.0 (Windows NT 10.0; Win64; x64) AppleWebKit/537.36 (KHTML, like Gecko) Chrome/86.0.4240.198 Safari/537.36'}
请求参数:{'groupid': '8901714857951461'}
上传文件:None
响应数据:{'errcode': '0', 'errmsg': '成功', 'datas': {'groupid': '8901714857951461', 'name': '修改后的群聊名', 'hostUid': '8901714857951458', 'hostName': '我是群主呀', 'count': '0'}}
2021-08-18 16:35:00.515 | INFO     | common.data_process:save_response:21 - 添加key: case_058, 对应value: {'errcode': '0', 'errmsg': '成功', 'datas': {'groupid': '8901714857951461', 'name': '修改后的群聊名', 'hostUid': '8901714857951458', 'hostName': '我是群主呀', 'count': '0'}}
2021-08-18 16:35:00.542 | INFO     | common.data_process:assert_result:113 - 第1个断言,实际结果:成功 | 预期结果:成功 
断言结果 True
2021-08-18 16:35:00.782 | INFO     | base.base_requests:send_api:97 - 
最终请求地址:http://10.229.1.237:8888/v1/group/user/get?access_token=i5NwsdQbL5R54IeqfkAlpT3LooSFJ8cs&groupid=8901714857951461
请求方法:get
请求头:{'Accept-Encoding': 'gzip, deflate', 'Accept-Language': 'zh-CN,zh;q=0.9', 'User-Agent': 'Mozilla/5.0 (Windows NT 10.0; Win64; x64) AppleWebKit/537.36 (KHTML, like Gecko) Chrome/86.0.4240.198 Safari/537.36'}
请求参数:{'groupid': '8901714857951461'}
上传文件:None
响应数据:{'errcode': '0', 'errmsg': '成功', 'datas': []}
2021-08-18 16:35:00.791 | INFO     | common.data_process:save_response:21 - 添加key: case_059, 对应value: {'errcode': '0', 'errmsg': '成功', 'datas': []}
2021-08-18 16:35:00.822 | INFO     | common.data_process:assert_result:113 - 第1个断言,实际结果:成功 | 预期结果:成功 
断言结果 True
2021-08-18 16:35:01.147 | INFO     | base.base_requests:send_api:97 - 
最终请求地址:http://10.229.1.237:8888/v1/group/user/add?access_token=i5NwsdQbL5R54IeqfkAlpT3LooSFJ8cs
请求方法:post
请求头:{'Accept-Encoding': 'gzip, deflate', 'Accept-Language': 'zh-CN,zh;q=0.9', 'User-Agent': 'Mozilla/5.0 (Windows NT 10.0; Win64; x64) AppleWebKit/537.36 (KHTML, like Gecko) Chrome/86.0.4240.198 Safari/537.36'}
请求参数:{'groupid': '8901714857951461', 'users': [{'uid': '8901714857951460', 'type': '110'}]}
上传文件:None
响应数据:{'errcode': '0', 'errmsg': '成功'}
2021-08-18 16:35:01.156 | INFO     | common.data_process:save_response:21 - 添加key: case_060, 对应value: {'errcode': '0', 'errmsg': '成功'}
2021-08-18 16:35:01.188 | INFO     | common.data_process:assert_result:113 - 第1个断言,实际结果:成功 | 预期结果:成功 
断言结果 True
2021-08-18 16:35:01.216 | ERROR    | common:extractor:26 - 提取不到内容，丢给你一个错误！'bool' object is not subscriptable
2021-08-18 16:35:01.279 | INFO     | base.base_requests:send_api:97 - 
最终请求地址:http://10.229.1.237:8888/v1/group/user/add?access_token=i5NwsdQbL5R54IeqfkAlpT3LooSFJ8cs
请求方法:post
请求头:{'Accept-Encoding': 'gzip, deflate', 'Accept-Language': 'zh-CN,zh;q=0.9', 'User-Agent': 'Mozilla/5.0 (Windows NT 10.0; Win64; x64) AppleWebKit/537.36 (KHTML, like Gecko) Chrome/86.0.4240.198 Safari/537.36'}
请求参数:{'groupid': '', 'users': [{'uid': 'null', 'type': '110'}]}
上传文件:None
响应数据:{'errcode': '100001', 'errmsg': '参数缺失'}
2021-08-18 16:35:01.288 | INFO     | common.data_process:save_response:21 - 添加key: case_061, 对应value: {'errcode': '100001', 'errmsg': '参数缺失'}
2021-08-18 16:35:01.316 | INFO     | common.data_process:assert_result:113 - 第1个断言,实际结果:参数缺失 | 预期结果:参数缺失 
断言结果 True
2021-08-18 16:35:01.869 | INFO     | base.base_requests:send_api:97 - 
最终请求地址:http://10.229.1.237:8888/v1/group/user/add?access_token=i5NwsdQbL5R54IeqfkAlpT3LooSFJ8cs
请求方法:post
请求头:{'Accept-Encoding': 'gzip, deflate', 'Accept-Language': 'zh-CN,zh;q=0.9', 'User-Agent': 'Mozilla/5.0 (Windows NT 10.0; Win64; x64) AppleWebKit/537.36 (KHTML, like Gecko) Chrome/86.0.4240.198 Safari/537.36'}
请求参数:{'groupid': '8901714857951461', 'users': [{'uid': '', 'type': '110'}]}
上传文件:None
响应数据:{'errcode': '0', 'errmsg': '成功'}
2021-08-18 16:35:01.876 | INFO     | common.data_process:save_response:21 - 添加key: case_062, 对应value: {'errcode': '0', 'errmsg': '成功'}
2021-08-18 16:35:01.896 | INFO     | common.data_process:assert_result:113 - 第1个断言,实际结果:成功 | 预期结果:成功 
断言结果 True
2021-08-18 16:35:02.338 | INFO     | base.base_requests:send_api:97 - 
最终请求地址:http://10.229.1.237:8888/v1/group/user/set?access_token=i5NwsdQbL5R54IeqfkAlpT3LooSFJ8cs
请求方法:post
请求头:{'Accept-Encoding': 'gzip, deflate', 'Accept-Language': 'zh-CN,zh;q=0.9', 'User-Agent': 'Mozilla/5.0 (Windows NT 10.0; Win64; x64) AppleWebKit/537.36 (KHTML, like Gecko) Chrome/86.0.4240.198 Safari/537.36'}
请求参数:{'groupid': '8901714857951461', 'users': [{'uid': '8901714857951459', 'type': '109'}]}
上传文件:None
响应数据:{'errcode': '0', 'errmsg': '成功'}
2021-08-18 16:35:02.345 | INFO     | common.data_process:save_response:21 - 添加key: case_063, 对应value: {'errcode': '0', 'errmsg': '成功'}
2021-08-18 16:35:02.366 | INFO     | common.data_process:assert_result:113 - 第1个断言,实际结果:成功 | 预期结果:成功 
断言结果 True
2021-08-18 16:35:02.687 | INFO     | base.base_requests:send_api:97 - 
最终请求地址:http://10.229.1.237:8888/v1/group/user/set?access_token=i5NwsdQbL5R54IeqfkAlpT3LooSFJ8cs
请求方法:post
请求头:{'Accept-Encoding': 'gzip, deflate', 'Accept-Language': 'zh-CN,zh;q=0.9', 'User-Agent': 'Mozilla/5.0 (Windows NT 10.0; Win64; x64) AppleWebKit/537.36 (KHTML, like Gecko) Chrome/86.0.4240.198 Safari/537.36'}
请求参数:{'groupid': '8901714857951461', 'users': [{'uid': '8901714857951459', 'type': '110'}]}
上传文件:None
响应数据:{'errcode': '0', 'errmsg': '成功'}
2021-08-18 16:35:02.694 | INFO     | common.data_process:save_response:21 - 添加key: case_064, 对应value: {'errcode': '0', 'errmsg': '成功'}
2021-08-18 16:35:02.714 | INFO     | common.data_process:assert_result:113 - 第1个断言,实际结果:成功 | 预期结果:成功 
断言结果 True
2021-08-18 16:35:03.043 | INFO     | base.base_requests:send_api:97 - 
最终请求地址:http://10.229.1.237:8888/v1/group/user/set?access_token=i5NwsdQbL5R54IeqfkAlpT3LooSFJ8cs
请求方法:post
请求头:{'Accept-Encoding': 'gzip, deflate', 'Accept-Language': 'zh-CN,zh;q=0.9', 'User-Agent': 'Mozilla/5.0 (Windows NT 10.0; Win64; x64) AppleWebKit/537.36 (KHTML, like Gecko) Chrome/86.0.4240.198 Safari/537.36'}
请求参数:{'groupid': '8901714857951461', 'users': [{'uid': '8901714857951459', 'type': '110'}]}
上传文件:None
响应数据:{'errcode': '0', 'errmsg': '成功'}
2021-08-18 16:35:03.051 | INFO     | common.data_process:save_response:21 - 添加key: case_065, 对应value: {'errcode': '0', 'errmsg': '成功'}
2021-08-18 16:35:03.076 | INFO     | common.data_process:assert_result:113 - 第1个断言,实际结果:成功 | 预期结果:成功 
断言结果 True
2021-08-18 16:35:03.406 | INFO     | base.base_requests:send_api:97 - 
最终请求地址:http://10.229.1.237:8888/v1/group/get?access_token=i5NwsdQbL5R54IeqfkAlpT3LooSFJ8cs&groupid=8901714857951461
请求方法:get
请求头:{'Accept-Encoding': 'gzip, deflate', 'Accept-Language': 'zh-CN,zh;q=0.9', 'User-Agent': 'Mozilla/5.0 (Windows NT 10.0; Win64; x64) AppleWebKit/537.36 (KHTML, like Gecko) Chrome/86.0.4240.198 Safari/537.36'}
请求参数:{'groupid': '8901714857951461'}
上传文件:None
响应数据:{'errcode': '0', 'errmsg': '成功', 'datas': {'groupid': '8901714857951461', 'name': '修改后的群聊名', 'hostUid': '8901714857951458', 'hostName': '我是群主呀', 'count': '4'}}
2021-08-18 16:35:03.413 | INFO     | common.data_process:save_response:21 - 添加key: case_066, 对应value: {'errcode': '0', 'errmsg': '成功', 'datas': {'groupid': '8901714857951461', 'name': '修改后的群聊名', 'hostUid': '8901714857951458', 'hostName': '我是群主呀', 'count': '4'}}
2021-08-18 16:35:03.434 | INFO     | common.data_process:assert_result:113 - 第1个断言,实际结果:成功 | 预期结果:成功 
断言结果 True
2021-08-18 16:35:03.644 | INFO     | base.base_requests:send_api:97 - 
最终请求地址:http://10.229.1.237:8888/v1/group/user/get?access_token=i5NwsdQbL5R54IeqfkAlpT3LooSFJ8cs&groupid=8901714857951461
请求方法:get
请求头:{'Accept-Encoding': 'gzip, deflate', 'Accept-Language': 'zh-CN,zh;q=0.9', 'User-Agent': 'Mozilla/5.0 (Windows NT 10.0; Win64; x64) AppleWebKit/537.36 (KHTML, like Gecko) Chrome/86.0.4240.198 Safari/537.36'}
请求参数:{'groupid': '8901714857951461'}
上传文件:None
响应数据:{'errcode': '0', 'errmsg': '成功', 'datas': [{'uid': '0', 'type': '110'}, {'uid': '8901714857951458', 'type': '104'}, {'uid': '8901714857951459', 'type': '110'}, {'uid': '8901714857951460', 'type': '110'}]}
2021-08-18 16:35:03.655 | INFO     | common.data_process:save_response:21 - 添加key: case_067, 对应value: {'errcode': '0', 'errmsg': '成功', 'datas': [{'uid': '0', 'type': '110'}, {'uid': '8901714857951458', 'type': '104'}, {'uid': '8901714857951459', 'type': '110'}, {'uid': '8901714857951460', 'type': '110'}]}
2021-08-18 16:35:03.681 | INFO     | common.data_process:assert_result:113 - 第1个断言,实际结果:成功 | 预期结果:成功 
断言结果 True
2021-08-18 16:35:04.107 | INFO     | base.base_requests:send_api:97 - 
最终请求地址:http://10.229.1.237:8888/v1/group/user/delete?access_token=i5NwsdQbL5R54IeqfkAlpT3LooSFJ8cs
请求方法:post
请求头:{'Accept-Encoding': 'gzip, deflate', 'Accept-Language': 'zh-CN,zh;q=0.9', 'User-Agent': 'Mozilla/5.0 (Windows NT 10.0; Win64; x64) AppleWebKit/537.36 (KHTML, like Gecko) Chrome/86.0.4240.198 Safari/537.36'}
请求参数:{'groupid': '8901714857951461', 'users': ['8901714857951459', '8901714857951460']}
上传文件:None
响应数据:{'errcode': '0', 'errmsg': '成功'}
2021-08-18 16:35:04.114 | INFO     | common.data_process:save_response:21 - 添加key: case_068, 对应value: {'errcode': '0', 'errmsg': '成功'}
2021-08-18 16:35:04.138 | INFO     | common.data_process:assert_result:113 - 第1个断言,实际结果:成功 | 预期结果:成功 
断言结果 True
2021-08-18 16:35:04.165 | ERROR    | common:extractor:26 - 提取不到内容，丢给你一个错误！'bool' object is not subscriptable
2021-08-18 16:35:04.634 | INFO     | base.base_requests:send_api:97 - 
最终请求地址:http://10.229.1.237:8888/v1/group/user/delete?access_token=i5NwsdQbL5R54IeqfkAlpT3LooSFJ8cs
请求方法:post
请求头:{'Accept-Encoding': 'gzip, deflate', 'Accept-Language': 'zh-CN,zh;q=0.9', 'User-Agent': 'Mozilla/5.0 (Windows NT 10.0; Win64; x64) AppleWebKit/537.36 (KHTML, like Gecko) Chrome/86.0.4240.198 Safari/537.36'}
请求参数:{'groupid': '8901714857951461', 'users': ['8901714857951459', 'null']}
上传文件:None
响应数据:{'errcode': '0', 'errmsg': '成功'}
2021-08-18 16:35:04.642 | INFO     | common.data_process:save_response:21 - 添加key: case_069, 对应value: {'errcode': '0', 'errmsg': '成功'}
2021-08-18 16:35:04.665 | INFO     | common.data_process:assert_result:113 - 第1个断言,实际结果:成功 | 预期结果:成功 
断言结果 True
2021-08-18 16:35:04.979 | INFO     | base.base_requests:send_api:97 - 
最终请求地址:http://10.229.1.237:8888/v1/group/get?access_token=i5NwsdQbL5R54IeqfkAlpT3LooSFJ8cs&groupid=8901714857951461
请求方法:get
请求头:{'Accept-Encoding': 'gzip, deflate', 'Accept-Language': 'zh-CN,zh;q=0.9', 'User-Agent': 'Mozilla/5.0 (Windows NT 10.0; Win64; x64) AppleWebKit/537.36 (KHTML, like Gecko) Chrome/86.0.4240.198 Safari/537.36'}
请求参数:{'groupid': '8901714857951461'}
上传文件:None
响应数据:{'errcode': '0', 'errmsg': '成功', 'datas': {'groupid': '8901714857951461', 'name': '修改后的群聊名', 'hostUid': '8901714857951458', 'hostName': '我是群主呀', 'count': '1'}}
2021-08-18 16:35:04.988 | INFO     | common.data_process:save_response:21 - 添加key: case_070, 对应value: {'errcode': '0', 'errmsg': '成功', 'datas': {'groupid': '8901714857951461', 'name': '修改后的群聊名', 'hostUid': '8901714857951458', 'hostName': '我是群主呀', 'count': '1'}}
2021-08-18 16:35:05.011 | INFO     | common.data_process:assert_result:113 - 第1个断言,实际结果:成功 | 预期结果:成功 
断言结果 True
2021-08-18 16:35:05.271 | INFO     | base.base_requests:send_api:97 - 
最终请求地址:http://10.229.1.237:8888/v1/group/user/get?access_token=i5NwsdQbL5R54IeqfkAlpT3LooSFJ8cs&groupid=8901714857951461
请求方法:get
请求头:{'Accept-Encoding': 'gzip, deflate', 'Accept-Language': 'zh-CN,zh;q=0.9', 'User-Agent': 'Mozilla/5.0 (Windows NT 10.0; Win64; x64) AppleWebKit/537.36 (KHTML, like Gecko) Chrome/86.0.4240.198 Safari/537.36'}
请求参数:{'groupid': '8901714857951461'}
上传文件:None
响应数据:{'errcode': '0', 'errmsg': '成功', 'datas': [{'uid': '8901714857951458', 'type': '104'}]}
2021-08-18 16:35:05.280 | INFO     | common.data_process:save_response:21 - 添加key: case_071, 对应value: {'errcode': '0', 'errmsg': '成功', 'datas': [{'uid': '8901714857951458', 'type': '104'}]}
2021-08-18 16:35:05.311 | INFO     | common.data_process:assert_result:113 - 第1个断言,实际结果:成功 | 预期结果:成功 
断言结果 True
2021-08-18 16:35:05.562 | INFO     | base.base_requests:send_api:97 - 
最终请求地址:http://10.229.1.237:8888/v1/user/list?access_token=i5NwsdQbL5R54IeqfkAlpT3LooSFJ8cs&did=268435681
请求方法:get
请求头:{'Accept-Encoding': 'gzip, deflate', 'Accept-Language': 'zh-CN,zh;q=0.9', 'User-Agent': 'Mozilla/5.0 (Windows NT 10.0; Win64; x64) AppleWebKit/537.36 (KHTML, like Gecko) Chrome/86.0.4240.198 Safari/537.36'}
请求参数:{'did': '268435681'}
上传文件:None
响应数据:{'errcode': '0', 'errmsg': '成功', 'datas': [{'uid': '8901714857951458', 'account': 'woshiqunzhuya', 'name': '我是群主呀', 'enName': 'lucky', 'gender': '1', 'sign': '刘哥好帅我要嫁给他', 'email': '', 'avatar': '', 'tel': '0215553222', 'mobile': '15000000000', 'status': '1', 'order': '2', 'orderTime': '1629275697', 'avatarUrl': ''}, {'uid': '8901714857951459', 'account': 'woshiqunchengyuanya', 'name': '我是群成员呀', 'enName': 'lucky', 'gender': '0', 'sign': '刘哥好帅我要嫁给他', 'email': '', 'avatar': '', 'tel': '0215553222', 'mobile': '15000000000', 'status': '1', 'order': '3', 'orderTime': '1629275698', 'avatarUrl': ''}, {'uid': '8901714857951460', 'account': 'woshierhaochengyuan', 'name': '我是二号成员', 'enName': 'lucky', 'gender': '1', 'sign': '刘哥好帅我要嫁给他', 'email': '', 'avatar': '', 'tel': '0215553222', 'mobile': '15000000000', 'status': '1', 'order': '4', 'orderTime': '1629275699', 'avatarUrl': ''}]}
2021-08-18 16:35:05.571 | INFO     | common.data_process:save_response:21 - 添加key: case_073, 对应value: {'errcode': '0', 'errmsg': '成功', 'datas': [{'uid': '8901714857951458', 'account': 'woshiqunzhuya', 'name': '我是群主呀', 'enName': 'lucky', 'gender': '1', 'sign': '刘哥好帅我要嫁给他', 'email': '', 'avatar': '', 'tel': '0215553222', 'mobile': '15000000000', 'status': '1', 'order': '2', 'orderTime': '1629275697', 'avatarUrl': ''}, {'uid': '8901714857951459', 'account': 'woshiqunchengyuanya', 'name': '我是群成员呀', 'enName': 'lucky', 'gender': '0', 'sign': '刘哥好帅我要嫁给他', 'email': '', 'avatar': '', 'tel': '0215553222', 'mobile': '15000000000', 'status': '1', 'order': '3', 'orderTime': '1629275698', 'avatarUrl': ''}, {'uid': '8901714857951460', 'account': 'woshierhaochengyuan', 'name': '我是二号成员', 'enName': 'lucky', 'gender': '1', 'sign': '刘哥好帅我要嫁给他', 'email': '', 'avatar': '', 'tel': '0215553222', 'mobile': '15000000000', 'status': '1', 'order': '4', 'orderTime': '1629275699', 'avatarUrl': ''}]}
2021-08-18 16:35:05.599 | INFO     | common.data_process:assert_result:113 - 第1个断言,实际结果:成功 | 预期结果:成功 
断言结果 True
2021-08-18 16:35:05.921 | INFO     | base.base_requests:send_api:97 - 
最终请求地址:http://10.229.1.237:8888/v1/group/list?access_token=i5NwsdQbL5R54IeqfkAlpT3LooSFJ8cs&account=woshiqunzhuya&pageNo=1&pageSize=1
请求方法:get
请求头:{'Accept-Encoding': 'gzip, deflate', 'Accept-Language': 'zh-CN,zh;q=0.9', 'User-Agent': 'Mozilla/5.0 (Windows NT 10.0; Win64; x64) AppleWebKit/537.36 (KHTML, like Gecko) Chrome/86.0.4240.198 Safari/537.36'}
请求参数:{'account': 'woshiqunzhuya', 'pageNo': '1', 'pageSize': '1'}
上传文件:None
响应数据:{'errcode': '0', 'errmsg': '成功', 'totalCount': '1', 'datas': [{'groupid': '8901714857951461', 'name': '修改后的群聊名', 'hostUid': '8901714857951458', 'hostName': '我是群主呀', 'count': '1'}]}
2021-08-18 16:35:05.929 | INFO     | common.data_process:save_response:21 - 添加key: case_074, 对应value: {'errcode': '0', 'errmsg': '成功', 'totalCount': '1', 'datas': [{'groupid': '8901714857951461', 'name': '修改后的群聊名', 'hostUid': '8901714857951458', 'hostName': '我是群主呀', 'count': '1'}]}
2021-08-18 16:35:05.956 | INFO     | common.data_process:assert_result:113 - 第1个断言,实际结果:成功 | 预期结果:成功 
断言结果 True
2021-08-18 16:35:06.044 | INFO     | base.base_requests:send_api:97 - 
最终请求地址:http://10.229.1.237:8888/v1/group/list?access_token=i5NwsdQbL5R54IeqfkAlpT3LooSFJ8cs&account=woshiqunzhuya&pageNo=1
请求方法:get
请求头:{'Accept-Encoding': 'gzip, deflate', 'Accept-Language': 'zh-CN,zh;q=0.9', 'User-Agent': 'Mozilla/5.0 (Windows NT 10.0; Win64; x64) AppleWebKit/537.36 (KHTML, like Gecko) Chrome/86.0.4240.198 Safari/537.36'}
请求参数:{'account': 'woshiqunzhuya', 'pageNo': '1'}
上传文件:None
响应数据:{'errcode': '100001', 'errmsg': '参数缺失'}
2021-08-18 16:35:06.051 | INFO     | common.data_process:save_response:21 - 添加key: case_075, 对应value: {'errcode': '100001', 'errmsg': '参数缺失'}
2021-08-18 16:35:06.077 | INFO     | common.data_process:assert_result:113 - 第1个断言,实际结果:参数缺失 | 预期结果:参数缺失 
断言结果 True
2021-08-18 16:35:06.168 | INFO     | base.base_requests:send_api:97 - 
最终请求地址:http://10.229.1.237:8888/v1/group/list?access_token=i5NwsdQbL5R54IeqfkAlpT3LooSFJ8cs&account=&pageNo=1&pageSize=1
请求方法:get
请求头:{'Accept-Encoding': 'gzip, deflate', 'Accept-Language': 'zh-CN,zh;q=0.9', 'User-Agent': 'Mozilla/5.0 (Windows NT 10.0; Win64; x64) AppleWebKit/537.36 (KHTML, like Gecko) Chrome/86.0.4240.198 Safari/537.36'}
请求参数:{'account': '', 'pageNo': '1', 'pageSize': '1'}
上传文件:None
响应数据:{'errcode': '100001', 'errmsg': '参数缺失'}
2021-08-18 16:35:06.180 | INFO     | common.data_process:save_response:21 - 添加key: case_076, 对应value: {'errcode': '100001', 'errmsg': '参数缺失'}
2021-08-18 16:35:06.220 | INFO     | common.data_process:assert_result:113 - 第1个断言,实际结果:参数缺失 | 预期结果:参数缺失 
断言结果 True
2021-08-18 16:35:06.506 | INFO     | base.base_requests:send_api:97 - 
最终请求地址:http://10.229.1.237:8888/v1/group/user/add?access_token=i5NwsdQbL5R54IeqfkAlpT3LooSFJ8cs
请求方法:post
请求头:{'Accept-Encoding': 'gzip, deflate', 'Accept-Language': 'zh-CN,zh;q=0.9', 'User-Agent': 'Mozilla/5.0 (Windows NT 10.0; Win64; x64) AppleWebKit/537.36 (KHTML, like Gecko) Chrome/86.0.4240.198 Safari/537.36'}
请求参数:{'groupid': '8901714857951461', 'users': [{'uid': '8901714857951460', 'type': '110'}, {'uid': '8901714857951459', 'type': '110'}]}
上传文件:None
响应数据:{'errcode': '0', 'errmsg': '成功'}
2021-08-18 16:35:06.514 | INFO     | common.data_process:save_response:21 - 添加key: case_077, 对应value: {'errcode': '0', 'errmsg': '成功'}
2021-08-18 16:35:06.544 | INFO     | common.data_process:assert_result:113 - 第1个断言,实际结果:成功 | 预期结果:成功 
断言结果 True
2021-08-18 16:35:06.764 | INFO     | base.base_requests:send_api:97 - 
最终请求地址:http://10.229.1.237:8888/v1/group/user/get?access_token=i5NwsdQbL5R54IeqfkAlpT3LooSFJ8cs&groupid=8901714857951461
请求方法:get
请求头:{'Accept-Encoding': 'gzip, deflate', 'Accept-Language': 'zh-CN,zh;q=0.9', 'User-Agent': 'Mozilla/5.0 (Windows NT 10.0; Win64; x64) AppleWebKit/537.36 (KHTML, like Gecko) Chrome/86.0.4240.198 Safari/537.36'}
请求参数:{'groupid': '8901714857951461'}
上传文件:None
响应数据:{'errcode': '0', 'errmsg': '成功', 'datas': [{'uid': '8901714857951458', 'type': '104'}, {'uid': '8901714857951459', 'type': '110'}, {'uid': '8901714857951460', 'type': '110'}]}
2021-08-18 16:35:06.772 | INFO     | common.data_process:save_response:21 - 添加key: case_078, 对应value: {'errcode': '0', 'errmsg': '成功', 'datas': [{'uid': '8901714857951458', 'type': '104'}, {'uid': '8901714857951459', 'type': '110'}, {'uid': '8901714857951460', 'type': '110'}]}
2021-08-18 16:35:06.801 | INFO     | common.data_process:assert_result:113 - 第1个断言,实际结果:成功 | 预期结果:成功 
断言结果 True
2021-08-18 16:35:07.127 | INFO     | base.base_requests:send_api:97 - 
最终请求地址:http://10.229.1.237:8888/v1/group/host/set?access_token=i5NwsdQbL5R54IeqfkAlpT3LooSFJ8cs
请求方法:post
请求头:{'Accept-Encoding': 'gzip, deflate', 'Accept-Language': 'zh-CN,zh;q=0.9', 'User-Agent': 'Mozilla/5.0 (Windows NT 10.0; Win64; x64) AppleWebKit/537.36 (KHTML, like Gecko) Chrome/86.0.4240.198 Safari/537.36'}
请求参数:{'groupid': '8901714857951461', 'uid': '8901714857951459'}
上传文件:None
响应数据:{'errcode': '0', 'errmsg': '成功'}
2021-08-18 16:35:07.135 | INFO     | common.data_process:save_response:21 - 添加key: case_079, 对应value: {'errcode': '0', 'errmsg': '成功'}
2021-08-18 16:35:07.163 | INFO     | common.data_process:assert_result:113 - 第1个断言,实际结果:成功 | 预期结果:成功 
断言结果 True
2021-08-18 16:35:07.380 | INFO     | base.base_requests:send_api:97 - 
最终请求地址:http://10.229.1.237:8888/v1/group/user/get?access_token=i5NwsdQbL5R54IeqfkAlpT3LooSFJ8cs&groupid=8901714857951461
请求方法:get
请求头:{'Accept-Encoding': 'gzip, deflate', 'Accept-Language': 'zh-CN,zh;q=0.9', 'User-Agent': 'Mozilla/5.0 (Windows NT 10.0; Win64; x64) AppleWebKit/537.36 (KHTML, like Gecko) Chrome/86.0.4240.198 Safari/537.36'}
请求参数:{'groupid': '8901714857951461'}
上传文件:None
响应数据:{'errcode': '0', 'errmsg': '成功', 'datas': [{'uid': '8901714857951458', 'type': '110'}, {'uid': '8901714857951459', 'type': '104'}, {'uid': '8901714857951460', 'type': '110'}]}
2021-08-18 16:35:07.389 | INFO     | common.data_process:save_response:21 - 添加key: case_080, 对应value: {'errcode': '0', 'errmsg': '成功', 'datas': [{'uid': '8901714857951458', 'type': '110'}, {'uid': '8901714857951459', 'type': '104'}, {'uid': '8901714857951460', 'type': '110'}]}
2021-08-18 16:35:07.422 | INFO     | common.data_process:assert_result:113 - 第1个断言,实际结果:成功 | 预期结果:成功 
断言结果 True
2021-08-18 16:35:07.735 | INFO     | base.base_requests:send_api:97 - 
最终请求地址:http://10.229.1.237:8888/v1/group/user/set?access_token=i5NwsdQbL5R54IeqfkAlpT3LooSFJ8cs
请求方法:post
请求头:{'Accept-Encoding': 'gzip, deflate', 'Accept-Language': 'zh-CN,zh;q=0.9', 'User-Agent': 'Mozilla/5.0 (Windows NT 10.0; Win64; x64) AppleWebKit/537.36 (KHTML, like Gecko) Chrome/86.0.4240.198 Safari/537.36'}
请求参数:{'groupid': '8901714857951461', 'users': [{'uid': '8901714857951458', 'type': '109'}]}
上传文件:None
响应数据:{'errcode': '0', 'errmsg': '成功'}
2021-08-18 16:35:07.742 | INFO     | common.data_process:save_response:21 - 添加key: case_081, 对应value: {'errcode': '0', 'errmsg': '成功'}
2021-08-18 16:35:07.774 | INFO     | common.data_process:assert_result:113 - 第1个断言,实际结果:成功 | 预期结果:成功 
断言结果 True
2021-08-18 16:35:07.980 | INFO     | base.base_requests:send_api:97 - 
最终请求地址:http://10.229.1.237:8888/v1/group/user/get?access_token=i5NwsdQbL5R54IeqfkAlpT3LooSFJ8cs
请求方法:get
请求头:{'Accept-Encoding': 'gzip, deflate', 'Accept-Language': 'zh-CN,zh;q=0.9', 'User-Agent': 'Mozilla/5.0 (Windows NT 10.0; Win64; x64) AppleWebKit/537.36 (KHTML, like Gecko) Chrome/86.0.4240.198 Safari/537.36'}
请求参数:{'groupid': '8901714857951461'}
上传文件:None
响应数据:{'errcode': '0', 'errmsg': '成功', 'datas': [{'uid': '8901714857951458', 'type': '109'}, {'uid': '8901714857951459', 'type': '104'}, {'uid': '8901714857951460', 'type': '110'}]}
2021-08-18 16:35:07.987 | INFO     | common.data_process:save_response:21 - 添加key: case_082, 对应value: {'errcode': '0', 'errmsg': '成功', 'datas': [{'uid': '8901714857951458', 'type': '109'}, {'uid': '8901714857951459', 'type': '104'}, {'uid': '8901714857951460', 'type': '110'}]}
2021-08-18 16:35:08.017 | INFO     | common.data_process:assert_result:113 - 第1个断言,实际结果:成功 | 预期结果:成功 
断言结果 True
2021-08-18 16:35:08.392 | INFO     | base.base_requests:send_api:97 - 
最终请求地址:http://10.229.1.237:8888/v1/group/delete?access_token=i5NwsdQbL5R54IeqfkAlpT3LooSFJ8cs&groupid=8901714857951461
请求方法:get
请求头:{'Accept-Encoding': 'gzip, deflate', 'Accept-Language': 'zh-CN,zh;q=0.9', 'User-Agent': 'Mozilla/5.0 (Windows NT 10.0; Win64; x64) AppleWebKit/537.36 (KHTML, like Gecko) Chrome/86.0.4240.198 Safari/537.36'}
请求参数:{'groupid': '8901714857951461'}
上传文件:None
响应数据:{'errcode': '0', 'errmsg': '成功'}
2021-08-18 16:35:08.400 | INFO     | common.data_process:save_response:21 - 添加key: case_083, 对应value: {'errcode': '0', 'errmsg': '成功'}
2021-08-18 16:35:08.431 | INFO     | common.data_process:assert_result:113 - 第1个断言,实际结果:成功 | 预期结果:成功 
断言结果 True
2021-08-18 16:35:09.078 | INFO     | base.base_requests:send_api:97 - 
最终请求地址:http://10.229.1.237:8888/v1/user/delete?access_token=i5NwsdQbL5R54IeqfkAlpT3LooSFJ8cs&userid=8901714857951458
请求方法:get
请求头:{'Accept-Encoding': 'gzip, deflate', 'Accept-Language': 'zh-CN,zh;q=0.9', 'User-Agent': 'Mozilla/5.0 (Windows NT 10.0; Win64; x64) AppleWebKit/537.36 (KHTML, like Gecko) Chrome/86.0.4240.198 Safari/537.36'}
请求参数:{'userid': '8901714857951458'}
上传文件:None
响应数据:{'errcode': '0', 'errmsg': '成功'}
2021-08-18 16:35:09.085 | INFO     | common.data_process:save_response:21 - 添加key: case_084, 对应value: {'errcode': '0', 'errmsg': '成功'}
2021-08-18 16:35:09.115 | INFO     | common.data_process:assert_result:113 - 第1个断言,实际结果:成功 | 预期结果:成功 
断言结果 True
2021-08-18 16:35:09.768 | INFO     | base.base_requests:send_api:97 - 
最终请求地址:http://10.229.1.237:8888/v1/user/delete?access_token=i5NwsdQbL5R54IeqfkAlpT3LooSFJ8cs&userid=8901714857951459
请求方法:get
请求头:{'Accept-Encoding': 'gzip, deflate', 'Accept-Language': 'zh-CN,zh;q=0.9', 'User-Agent': 'Mozilla/5.0 (Windows NT 10.0; Win64; x64) AppleWebKit/537.36 (KHTML, like Gecko) Chrome/86.0.4240.198 Safari/537.36'}
请求参数:{'userid': '8901714857951459'}
上传文件:None
响应数据:{'errcode': '0', 'errmsg': '成功'}
2021-08-18 16:35:09.774 | INFO     | common.data_process:save_response:21 - 添加key: case_085, 对应value: {'errcode': '0', 'errmsg': '成功'}
2021-08-18 16:35:09.797 | INFO     | common.data_process:assert_result:113 - 第1个断言,实际结果:成功 | 预期结果:成功 
断言结果 True
2021-08-18 16:35:10.406 | INFO     | base.base_requests:send_api:97 - 
最终请求地址:http://10.229.1.237:8888/v1/user/delete?access_token=i5NwsdQbL5R54IeqfkAlpT3LooSFJ8cs&userid=8901714857951460
请求方法:get
请求头:{'Accept-Encoding': 'gzip, deflate', 'Accept-Language': 'zh-CN,zh;q=0.9', 'User-Agent': 'Mozilla/5.0 (Windows NT 10.0; Win64; x64) AppleWebKit/537.36 (KHTML, like Gecko) Chrome/86.0.4240.198 Safari/537.36'}
请求参数:{'userid': '8901714857951460'}
上传文件:None
响应数据:{'errcode': '0', 'errmsg': '成功'}
2021-08-18 16:35:10.413 | INFO     | common.data_process:save_response:21 - 添加key: case_086, 对应value: {'errcode': '0', 'errmsg': '成功'}
2021-08-18 16:35:10.437 | INFO     | common.data_process:assert_result:113 - 第1个断言,实际结果:成功 | 预期结果:成功 
断言结果 True
2021-08-18 16:35:10.761 | INFO     | base.base_requests:send_api:97 - 
最终请求地址:http://10.229.1.237:8888/v1/dept/delete?access_token=i5NwsdQbL5R54IeqfkAlpT3LooSFJ8cs&did=268435681
请求方法:get
请求头:{'Accept-Encoding': 'gzip, deflate', 'Accept-Language': 'zh-CN,zh;q=0.9', 'User-Agent': 'Mozilla/5.0 (Windows NT 10.0; Win64; x64) AppleWebKit/537.36 (KHTML, like Gecko) Chrome/86.0.4240.198 Safari/537.36'}
请求参数:{'did': '268435681'}
上传文件:None
响应数据:{'errcode': '0', 'errmsg': '成功'}
2021-08-18 16:35:10.768 | INFO     | common.data_process:save_response:21 - 添加key: case_087, 对应value: {'errcode': '0', 'errmsg': '成功'}
2021-08-18 16:35:10.793 | INFO     | common.data_process:assert_result:113 - 第1个断言,实际结果:成功 | 预期结果:成功 
断言结果 True
2021-08-18 16:35:10.998 | INFO     | base.base_requests:send_api:97 - 
最终请求地址:http://10.229.1.237:8787/corpmanage/masteradminlogin?account=bWFzdGVyYWRtaW4%3D&password=ITIzNFF3ZXI%3D
请求方法:get
请求头:{'Accept-Encoding': 'gzip, deflate', 'Accept-Language': 'zh-CN,zh;q=0.9', 'User-Agent': 'Mozilla/5.0 (Windows NT 10.0; Win64; x64) AppleWebKit/537.36 (KHTML, like Gecko) Chrome/86.0.4240.198 Safari/537.36'}
请求参数:{'account': 'bWFzdGVyYWRtaW4=', 'password': 'ITIzNFF3ZXI='}
上传文件:None
响应数据:{'trans_id': '49FDC313B024685D8751ED9D71C07F2F', 'err_code': '0', 'err_msg': '成功', 'timestamp': '1629275711', 'time_cost': '0.096', 'datas': [{'master_name': '云管理员', 'master_token': 'f0559b4d3a1907822623b0aba34121d4', 'master_token_expire_time': '86400', 'addr_conf': {'web_client': [{'scheme': 'http', 'host': '10.229.1.237', 'port': '8282', 'address': 'http://10.229.1.237:8282'}], 'web_open': [{'scheme': 'http', 'host': '10.229.1.237', 'port': '8888', 'address': 'http://10.229.1.237:8888'}], 'srv_push': [{'scheme': 'http', 'host': '10.229.1.237', 'port': '9090', 'address': 'http://10.229.1.237:9090'}], 'web_fed': [{'scheme': 'http', 'host': '10.229.1.237', 'port': '8282', 'address': 'http://10.229.1.237:8282'}], 'web_go': [{'scheme': 'http', 'host': '10.229.1.237', 'port': '9899', 'address': 'http://10.229.1.237:9899'}]}, 'inited': '1'}]}
2021-08-18 16:35:11.006 | INFO     | common.data_process:save_response:21 - 添加key: test_001, 对应value: {'trans_id': '49FDC313B024685D8751ED9D71C07F2F', 'err_code': '0', 'err_msg': '成功', 'timestamp': '1629275711', 'time_cost': '0.096', 'datas': [{'master_name': '云管理员', 'master_token': 'f0559b4d3a1907822623b0aba34121d4', 'master_token_expire_time': '86400', 'addr_conf': {'web_client': [{'scheme': 'http', 'host': '10.229.1.237', 'port': '8282', 'address': 'http://10.229.1.237:8282'}], 'web_open': [{'scheme': 'http', 'host': '10.229.1.237', 'port': '8888', 'address': 'http://10.229.1.237:8888'}], 'srv_push': [{'scheme': 'http', 'host': '10.229.1.237', 'port': '9090', 'address': 'http://10.229.1.237:9090'}], 'web_fed': [{'scheme': 'http', 'host': '10.229.1.237', 'port': '8282', 'address': 'http://10.229.1.237:8282'}], 'web_go': [{'scheme': 'http', 'host': '10.229.1.237', 'port': '9899', 'address': 'http://10.229.1.237:9899'}]}, 'inited': '1'}]}
2021-08-18 16:35:11.039 | INFO     | common.data_process:assert_result:113 - 第1个断言,实际结果:成功 | 预期结果:成功 
断言结果 True
2021-08-18 16:35:12.806 | INFO     | base.base_requests:send_api:97 - 
最终请求地址:http://10.229.1.237:8787/corpmanage/createcorp
请求方法:post
请求头:{'Accept-Encoding': 'gzip, deflate', 'Accept-Language': 'zh-CN,zh;q=0.9', 'User-Agent': 'Mozilla/5.0 (Windows NT 10.0; Win64; x64) AppleWebKit/537.36 (KHTML, like Gecko) Chrome/86.0.4240.198 Safari/537.36'}
请求参数:{'trans_id': '49FDC313B024685D8751ED9D71C07F2F', 'master_token': 'f0559b4d3a1907822623b0aba34121d4', 'cn_name': '开开自动化测试', 'admin_name': 'kaikai4', 'max_user_num': '100'}
上传文件:None
响应数据:{'trans_id': '49FDC313B024685D8751ED9D71C07F2F', 'err_code': '0', 'err_msg': '成功', 'timestamp': '1629275712', 'time_cost': '1.683', 'datas': [{'cid': '8901714857951462', 'admin_account': 'kaikai4339', 'admin_uid': '8901714857951463'}]}
2021-08-18 16:35:12.813 | INFO     | common.data_process:save_response:21 - 添加key: test_002, 对应value: {'trans_id': '49FDC313B024685D8751ED9D71C07F2F', 'err_code': '0', 'err_msg': '成功', 'timestamp': '1629275712', 'time_cost': '1.683', 'datas': [{'cid': '8901714857951462', 'admin_account': 'kaikai4339', 'admin_uid': '8901714857951463'}]}
2021-08-18 16:35:12.840 | INFO     | common.data_process:assert_result:113 - 第1个断言,实际结果:成功 | 预期结果:成功 
断言结果 True
